<?xml version="1.0" encoding="UTF-8" ?>
<testsuite tests="7" failures="0" name="com.cillu.mediator.domainevents.TestDomainEvents" time="1.534" errors="0" skipped="0">
  <properties>
    <property name="idea.plugins.compatible.build" value="999.SNAPSHOT"/>
    <property name="java.runtime.name" value="OpenJDK Runtime Environment"/>
    <property name="java.vm.version" value="17.0.2+8-86"/>
    <property name="sun.boot.library.path" value="/Users/fcilluffo/Library/Java/JavaVirtualMachines/openjdk-17.0.2/Contents/Home/lib"/>
    <property name="maven.multiModuleProjectDirectory" value="/Users/fcilluffo/IdeaProjects/mediatork/mediatork"/>
    <property name="java.vm.vendor" value="Oracle Corporation"/>
    <property name="java.vendor.url" value="https://java.oracle.com/"/>
    <property name="guice.disable.misplaced.annotation.check" value="true"/>
    <property name="path.separator" value=":"/>
    <property name="java.vm.name" value="OpenJDK 64-Bit Server VM"/>
    <property name="user.country" value="IT"/>
    <property name="sun.java.launcher" value="SUN_STANDARD"/>
    <property name="java.vm.specification.name" value="Java Virtual Machine Specification"/>
    <property name="user.dir" value="/Users/fcilluffo/IdeaProjects/mediatork/mediatork"/>
    <property name="java.vm.compressedOopsMode" value="Zero based"/>
    <property name="java.runtime.version" value="17.0.2+8-86"/>
    <property name="idea.io.use.nio2" value="true"/>
    <property name="os.arch" value="x86_64"/>
    <property name="java.io.tmpdir" value="/var/folders/41/l8d9bp6j3396tfdv5sjlyb_00000gn/T/"/>
    <property name="line.separator" value="
"/>
    <property name="java.vm.specification.vendor" value="Oracle Corporation"/>
    <property name="os.name" value="Mac OS X"/>
    <property name="classworlds.conf" value="/usr/local/Cellar/maven/3.8.6/libexec/bin/m2.conf"/>
    <property name="ide.hide.excluded.files" value="false"/>
    <property name="sun.jnu.encoding" value="UTF-8"/>
    <property name="java.library.path" value="/Users/fcilluffo/Library/Java/Extensions:/Library/Java/Extensions:/Network/Library/Java/Extensions:/System/Library/Java/Extensions:/usr/lib/java:."/>
    <property name="psi.track.invalidation" value="true"/>
    <property name="maven.conf" value="/usr/local/Cellar/maven/3.8.6/libexec/conf"/>
    <property name="jdk.debug" value="release"/>
    <property name="java.class.version" value="61.0"/>
    <property name="java.specification.name" value="Java Platform API Specification"/>
    <property name="sun.management.compiler" value="HotSpot 64-Bit Tiered Compilers"/>
    <property name="project.structure.add.tools.jar.to.new.jdk" value="false"/>
    <property name="os.version" value="12.6"/>
    <property name="library.jansi.path" value="/usr/local/Cellar/maven/3.8.6/libexec/lib/jansi-native"/>
    <property name="psi.incremental.reparse.depth.limit" value="1000"/>
    <property name="http.nonProxyHosts" value="local|*.local|169.254/16|*.169.254/16"/>
    <property name="user.home" value="/Users/fcilluffo"/>
    <property name="user.timezone" value="Europe/Rome"/>
    <property name="file.encoding" value="UTF-8"/>
    <property name="java.specification.version" value="17"/>
    <property name="user.name" value="fcilluffo"/>
    <property name="java.class.path" value="/usr/local/Cellar/maven/3.8.6/libexec/boot/plexus-classworlds-2.6.0.jar"/>
    <property name="java.vm.specification.version" value="17"/>
    <property name="sun.arch.data.model" value="64"/>
    <property name="sun.java.command" value="org.codehaus.plexus.classworlds.launcher.Launcher install"/>
    <property name="java.home" value="/Users/fcilluffo/Library/Java/JavaVirtualMachines/openjdk-17.0.2/Contents/Home"/>
    <property name="ast.loading.filter" value="false"/>
    <property name="user.language" value="it"/>
    <property name="java.specification.vendor" value="Oracle Corporation"/>
    <property name="java.vm.info" value="mixed mode, sharing"/>
    <property name="java.version" value="17.0.2"/>
    <property name="native.encoding" value="UTF-8"/>
    <property name="java.vendor" value="Oracle Corporation"/>
    <property name="sun.stderr.encoding" value="UTF-8"/>
    <property name="maven.home" value="/usr/local/Cellar/maven/3.8.6/libexec"/>
    <property name="file.separator" value="/"/>
    <property name="java.version.date" value="2022-01-18"/>
    <property name="java.vendor.url.bug" value="https://bugreport.java.com/bugreport/"/>
    <property name="sun.io.unicode.encoding" value="UnicodeBig"/>
    <property name="sun.cpu.endian" value="little"/>
    <property name="idea.ignore.disabled.plugins" value="true"/>
    <property name="sun.stdout.encoding" value="UTF-8"/>
    <property name="socksNonProxyHosts" value="local|*.local|169.254/16|*.169.254/16"/>
    <property name="ftp.nonProxyHosts" value="local|*.local|169.254/16|*.169.254/16"/>
  </properties>
  <testcase classname="com.cillu.mediator.domainevents.TestDomainEvents" name="com.cillu.mediator.domainevents.TestDomainEvents.testSuccessConfig" time="1.188"/>
  <testcase classname="com.cillu.mediator.domainevents.TestDomainEvents" name="com.cillu.mediator.domainevents.TestDomainEvents.testCreateDomainEventTest" time="0.154"/>
  <testcase classname="com.cillu.mediator.domainevents.TestDomainEvents" name="com.cillu.mediator.domainevents.TestDomainEvents.testNoDomainEventTest" time="0.042"/>
  <testcase classname="com.cillu.mediator.domainevents.TestDomainEvents" name="com.cillu.mediator.domainevents.TestDomainEvents.testMissingService" time="0.047"/>
  <testcase classname="com.cillu.mediator.domainevents.TestDomainEvents" name="com.cillu.mediator.domainevents.TestDomainEvents.testSuccessConfigNoService" time="0.034"/>
  <testcase classname="com.cillu.mediator.domainevents.TestDomainEvents" name="com.cillu.mediator.domainevents.TestDomainEvents.testMissingWrongInterface" time="0.029"/>
  <testcase classname="com.cillu.mediator.domainevents.TestDomainEvents" name="com.cillu.mediator.domainevents.TestDomainEvents.testWrongConstructor" time="0.04"/>
</testsuite>