<?xml version="1.0" encoding="UTF-8"?>
<testsuite xmlns:xsi="http://www.w3.org/2001/XMLSchema-instance" xsi:noNamespaceSchemaLocation="https://maven.apache.org/surefire/maven-failsafe-plugin/xsd/failsafe-test-report-3.0.xsd" version="3.0" name="com.cillu.mediator.integrationevents.awssns.AwsSnsIT" time="9.476" tests="1" errors="0" skipped="0" failures="0">
  <properties>
    <property name="java.specification.version" value="17"/>
    <property name="sun.jnu.encoding" value="UTF-8"/>
    <property name="java.class.path" value="/Users/fcilluffo/IdeaProjects/mediatork/mediatork/target/test-classes:/Users/fcilluffo/IdeaProjects/mediatork/mediatork/target/mediatork-1.0-SNAPSHOT.jar:/Users/fcilluffo/.m2/repository/org/jetbrains/kotlin/kotlin-reflect/1.7.22/kotlin-reflect-1.7.22.jar:/Users/fcilluffo/.m2/repository/org/jetbrains/kotlin/kotlin-stdlib/1.7.22/kotlin-stdlib-1.7.22.jar:/Users/fcilluffo/.m2/repository/org/jetbrains/annotations/13.0/annotations-13.0.jar:/Users/fcilluffo/.m2/repository/org/jetbrains/kotlin/kotlin-stdlib-jdk8/1.7.22/kotlin-stdlib-jdk8-1.7.22.jar:/Users/fcilluffo/.m2/repository/org/jetbrains/kotlin/kotlin-stdlib-jdk7/1.7.22/kotlin-stdlib-jdk7-1.7.22.jar:/Users/fcilluffo/.m2/repository/org/reflections/reflections/0.10.2/reflections-0.10.2.jar:/Users/fcilluffo/.m2/repository/org/javassist/javassist/3.28.0-GA/javassist-3.28.0-GA.jar:/Users/fcilluffo/.m2/repository/com/google/code/findbugs/jsr305/3.0.2/jsr305-3.0.2.jar:/Users/fcilluffo/.m2/repository/org/slf4j/slf4j-api/1.7.32/slf4j-api-1.7.32.jar:/Users/fcilluffo/.m2/repository/io/github/microutils/kotlin-logging-jvm/2.1.23/kotlin-logging-jvm-2.1.23.jar:/Users/fcilluffo/.m2/repository/org/jetbrains/kotlin/kotlin-stdlib-common/1.6.0/kotlin-stdlib-common-1.6.0.jar:/Users/fcilluffo/.m2/repository/ch/qos/logback/logback-classic/1.2.11/logback-classic-1.2.11.jar:/Users/fcilluffo/.m2/repository/ch/qos/logback/logback-core/1.2.11/logback-core-1.2.11.jar:/Users/fcilluffo/.m2/repository/org/springframework/boot/spring-boot-starter-actuator/2.7.2/spring-boot-starter-actuator-2.7.2.jar:/Users/fcilluffo/.m2/repository/org/springframework/boot/spring-boot-starter/2.7.2/spring-boot-starter-2.7.2.jar:/Users/fcilluffo/.m2/repository/org/springframework/boot/spring-boot/2.7.2/spring-boot-2.7.2.jar:/Users/fcilluffo/.m2/repository/org/springframework/boot/spring-boot-autoconfigure/2.7.2/spring-boot-autoconfigure-2.7.2.jar:/Users/fcilluffo/.m2/repository/org/springframework/boot/spring-boot-starter-logging/2.7.2/spring-boot-starter-logging-2.7.2.jar:/Users/fcilluffo/.m2/repository/org/apache/logging/log4j/log4j-to-slf4j/2.17.2/log4j-to-slf4j-2.17.2.jar:/Users/fcilluffo/.m2/repository/org/apache/logging/log4j/log4j-api/2.17.2/log4j-api-2.17.2.jar:/Users/fcilluffo/.m2/repository/org/slf4j/jul-to-slf4j/1.7.36/jul-to-slf4j-1.7.36.jar:/Users/fcilluffo/.m2/repository/jakarta/annotation/jakarta.annotation-api/1.3.5/jakarta.annotation-api-1.3.5.jar:/Users/fcilluffo/.m2/repository/org/springframework/boot/spring-boot-actuator-autoconfigure/2.7.2/spring-boot-actuator-autoconfigure-2.7.2.jar:/Users/fcilluffo/.m2/repository/org/springframework/boot/spring-boot-actuator/2.7.2/spring-boot-actuator-2.7.2.jar:/Users/fcilluffo/.m2/repository/com/fasterxml/jackson/core/jackson-databind/2.13.3/jackson-databind-2.13.3.jar:/Users/fcilluffo/.m2/repository/com/fasterxml/jackson/core/jackson-annotations/2.13.3/jackson-annotations-2.13.3.jar:/Users/fcilluffo/.m2/repository/com/fasterxml/jackson/core/jackson-core/2.13.3/jackson-core-2.13.3.jar:/Users/fcilluffo/.m2/repository/com/fasterxml/jackson/datatype/jackson-datatype-jsr310/2.13.3/jackson-datatype-jsr310-2.13.3.jar:/Users/fcilluffo/.m2/repository/io/micrometer/micrometer-core/1.9.2/micrometer-core-1.9.2.jar:/Users/fcilluffo/.m2/repository/org/hdrhistogram/HdrHistogram/2.1.12/HdrHistogram-2.1.12.jar:/Users/fcilluffo/.m2/repository/org/latencyutils/LatencyUtils/2.0.3/LatencyUtils-2.0.3.jar:/Users/fcilluffo/.m2/repository/org/springframework/boot/spring-boot-starter-web/2.7.2/spring-boot-starter-web-2.7.2.jar:/Users/fcilluffo/.m2/repository/org/springframework/boot/spring-boot-starter-json/2.7.2/spring-boot-starter-json-2.7.2.jar:/Users/fcilluffo/.m2/repository/com/fasterxml/jackson/datatype/jackson-datatype-jdk8/2.13.3/jackson-datatype-jdk8-2.13.3.jar:/Users/fcilluffo/.m2/repository/com/fasterxml/jackson/module/jackson-module-parameter-names/2.13.3/jackson-module-parameter-names-2.13.3.jar:/Users/fcilluffo/.m2/repository/org/springframework/boot/spring-boot-starter-tomcat/2.7.2/spring-boot-starter-tomcat-2.7.2.jar:/Users/fcilluffo/.m2/repository/org/apache/tomcat/embed/tomcat-embed-core/9.0.65/tomcat-embed-core-9.0.65.jar:/Users/fcilluffo/.m2/repository/org/apache/tomcat/embed/tomcat-embed-websocket/9.0.65/tomcat-embed-websocket-9.0.65.jar:/Users/fcilluffo/.m2/repository/org/springframework/spring-web/5.3.22/spring-web-5.3.22.jar:/Users/fcilluffo/.m2/repository/org/springframework/spring-beans/5.3.22/spring-beans-5.3.22.jar:/Users/fcilluffo/.m2/repository/org/springframework/spring-webmvc/5.3.22/spring-webmvc-5.3.22.jar:/Users/fcilluffo/.m2/repository/org/springframework/spring-aop/5.3.22/spring-aop-5.3.22.jar:/Users/fcilluffo/.m2/repository/org/springframework/spring-expression/5.3.22/spring-expression-5.3.22.jar:/Users/fcilluffo/.m2/repository/org/springframework/boot/spring-boot-starter-validation/2.7.2/spring-boot-starter-validation-2.7.2.jar:/Users/fcilluffo/.m2/repository/org/apache/tomcat/embed/tomcat-embed-el/9.0.65/tomcat-embed-el-9.0.65.jar:/Users/fcilluffo/.m2/repository/org/hibernate/validator/hibernate-validator/6.2.3.Final/hibernate-validator-6.2.3.Final.jar:/Users/fcilluffo/.m2/repository/jakarta/validation/jakarta.validation-api/2.0.2/jakarta.validation-api-2.0.2.jar:/Users/fcilluffo/.m2/repository/org/jboss/logging/jboss-logging/3.4.1.Final/jboss-logging-3.4.1.Final.jar:/Users/fcilluffo/.m2/repository/com/fasterxml/classmate/1.5.1/classmate-1.5.1.jar:/Users/fcilluffo/.m2/repository/org/springframework/boot/spring-boot-starter-test/2.7.2/spring-boot-starter-test-2.7.2.jar:/Users/fcilluffo/.m2/repository/org/springframework/boot/spring-boot-test/2.7.2/spring-boot-test-2.7.2.jar:/Users/fcilluffo/.m2/repository/org/springframework/boot/spring-boot-test-autoconfigure/2.7.2/spring-boot-test-autoconfigure-2.7.2.jar:/Users/fcilluffo/.m2/repository/com/jayway/jsonpath/json-path/2.7.0/json-path-2.7.0.jar:/Users/fcilluffo/.m2/repository/net/minidev/json-smart/2.4.7/json-smart-2.4.7.jar:/Users/fcilluffo/.m2/repository/net/minidev/accessors-smart/2.4.7/accessors-smart-2.4.7.jar:/Users/fcilluffo/.m2/repository/org/ow2/asm/asm/9.1/asm-9.1.jar:/Users/fcilluffo/.m2/repository/jakarta/xml/bind/jakarta.xml.bind-api/2.3.3/jakarta.xml.bind-api-2.3.3.jar:/Users/fcilluffo/.m2/repository/jakarta/activation/jakarta.activation-api/1.2.2/jakarta.activation-api-1.2.2.jar:/Users/fcilluffo/.m2/repository/org/assertj/assertj-core/3.22.0/assertj-core-3.22.0.jar:/Users/fcilluffo/.m2/repository/org/hamcrest/hamcrest/2.2/hamcrest-2.2.jar:/Users/fcilluffo/.m2/repository/org/mockito/mockito-core/4.5.1/mockito-core-4.5.1.jar:/Users/fcilluffo/.m2/repository/net/bytebuddy/byte-buddy/1.12.9/byte-buddy-1.12.9.jar:/Users/fcilluffo/.m2/repository/net/bytebuddy/byte-buddy-agent/1.12.9/byte-buddy-agent-1.12.9.jar:/Users/fcilluffo/.m2/repository/org/objenesis/objenesis/3.2/objenesis-3.2.jar:/Users/fcilluffo/.m2/repository/org/mockito/mockito-junit-jupiter/4.5.1/mockito-junit-jupiter-4.5.1.jar:/Users/fcilluffo/.m2/repository/org/skyscreamer/jsonassert/1.5.1/jsonassert-1.5.1.jar:/Users/fcilluffo/.m2/repository/com/vaadin/external/google/android-json/0.0.20131108.vaadin1/android-json-0.0.20131108.vaadin1.jar:/Users/fcilluffo/.m2/repository/org/springframework/spring-core/5.3.22/spring-core-5.3.22.jar:/Users/fcilluffo/.m2/repository/org/springframework/spring-jcl/5.3.22/spring-jcl-5.3.22.jar:/Users/fcilluffo/.m2/repository/org/springframework/spring-test/5.3.22/spring-test-5.3.22.jar:/Users/fcilluffo/.m2/repository/org/xmlunit/xmlunit-core/2.9.0/xmlunit-core-2.9.0.jar:/Users/fcilluffo/.m2/repository/com/google/code/gson/gson/2.9.1/gson-2.9.1.jar:/Users/fcilluffo/.m2/repository/com/ninja-squad/springmockk/3.1.1/springmockk-3.1.1.jar:/Users/fcilluffo/.m2/repository/io/mockk/mockk/1.12.1/mockk-1.12.1.jar:/Users/fcilluffo/.m2/repository/io/mockk/mockk-dsl-jvm/1.12.1/mockk-dsl-jvm-1.12.1.jar:/Users/fcilluffo/.m2/repository/io/mockk/mockk-dsl/1.12.1/mockk-dsl-1.12.1.jar:/Users/fcilluffo/.m2/repository/io/mockk/mockk-common/1.12.1/mockk-common-1.12.1.jar:/Users/fcilluffo/.m2/repository/io/mockk/mockk-agent-jvm/1.12.1/mockk-agent-jvm-1.12.1.jar:/Users/fcilluffo/.m2/repository/io/mockk/mockk-agent-api/1.12.1/mockk-agent-api-1.12.1.jar:/Users/fcilluffo/.m2/repository/io/mockk/mockk-agent-common/1.12.1/mockk-agent-common-1.12.1.jar:/Users/fcilluffo/.m2/repository/org/springframework/spring-context/5.3.1/spring-context-5.3.1.jar:/Users/fcilluffo/.m2/repository/org/junit/jupiter/junit-jupiter/5.4.0/junit-jupiter-5.4.0.jar:/Users/fcilluffo/.m2/repository/org/junit/jupiter/junit-jupiter-api/5.4.0/junit-jupiter-api-5.4.0.jar:/Users/fcilluffo/.m2/repository/org/apiguardian/apiguardian-api/1.0.0/apiguardian-api-1.0.0.jar:/Users/fcilluffo/.m2/repository/org/opentest4j/opentest4j/1.1.1/opentest4j-1.1.1.jar:/Users/fcilluffo/.m2/repository/org/junit/platform/junit-platform-commons/1.4.0/junit-platform-commons-1.4.0.jar:/Users/fcilluffo/.m2/repository/org/junit/jupiter/junit-jupiter-params/5.4.0/junit-jupiter-params-5.4.0.jar:/Users/fcilluffo/.m2/repository/org/junit/jupiter/junit-jupiter-engine/5.4.0/junit-jupiter-engine-5.4.0.jar:/Users/fcilluffo/.m2/repository/org/junit/platform/junit-platform-engine/1.4.0/junit-platform-engine-1.4.0.jar:/Users/fcilluffo/.m2/repository/org/jetbrains/kotlinx/kotlinx-coroutines-core-jvm/1.6.4/kotlinx-coroutines-core-jvm-1.6.4.jar:/Users/fcilluffo/.m2/repository/com/rabbitmq/amqp-client/5.15.0/amqp-client-5.15.0.jar:/Users/fcilluffo/.m2/repository/aws/sdk/kotlin/sns-jvm/0.19.2-beta/sns-jvm-0.19.2-beta.jar:/Users/fcilluffo/.m2/repository/aws/sdk/kotlin/aws-config-jvm/0.19.2-beta/aws-config-jvm-0.19.2-beta.jar:/Users/fcilluffo/.m2/repository/aws/smithy/kotlin/logging-jvm/0.14.2/logging-jvm-0.14.2.jar:/Users/fcilluffo/.m2/repository/aws/smithy/kotlin/hashing-jvm/0.14.2/hashing-jvm-0.14.2.jar:/Users/fcilluffo/.m2/repository/aws/smithy/kotlin/serde-json-jvm/0.14.2/serde-json-jvm-0.14.2.jar:/Users/fcilluffo/.m2/repository/aws/sdk/kotlin/aws-json-protocols-jvm/0.19.2-beta/aws-json-protocols-jvm-0.19.2-beta.jar:/Users/fcilluffo/.m2/repository/aws/sdk/kotlin/aws-core-jvm/0.19.2-beta/aws-core-jvm-0.19.2-beta.jar:/Users/fcilluffo/.m2/repository/aws/sdk/kotlin/aws-endpoint-jvm/0.19.2-beta/aws-endpoint-jvm-0.19.2-beta.jar:/Users/fcilluffo/.m2/repository/aws/smithy/kotlin/runtime-core-jvm/0.14.2/runtime-core-jvm-0.14.2.jar:/Users/fcilluffo/.m2/repository/aws/smithy/kotlin/tracing-core-jvm/0.14.2/tracing-core-jvm-0.14.2.jar:/Users/fcilluffo/.m2/repository/aws/smithy/kotlin/aws-credentials-jvm/0.14.2/aws-credentials-jvm-0.14.2.jar:/Users/fcilluffo/.m2/repository/aws/sdk/kotlin/aws-http-jvm/0.19.2-beta/aws-http-jvm-0.19.2-beta.jar:/Users/fcilluffo/.m2/repository/aws/smithy/kotlin/aws-signing-common-jvm/0.14.2/aws-signing-common-jvm-0.14.2.jar:/Users/fcilluffo/.m2/repository/aws/smithy/kotlin/aws-signing-default-jvm/0.14.2/aws-signing-default-jvm-0.14.2.jar:/Users/fcilluffo/.m2/repository/aws/sdk/kotlin/aws-xml-protocols-jvm/0.19.2-beta/aws-xml-protocols-jvm-0.19.2-beta.jar:/Users/fcilluffo/.m2/repository/aws/smithy/kotlin/http-jvm/0.14.2/http-jvm-0.14.2.jar:/Users/fcilluffo/.m2/repository/org/jetbrains/kotlinx/atomicfu-jvm/0.18.3/atomicfu-jvm-0.18.3.jar:/Users/fcilluffo/.m2/repository/aws/smithy/kotlin/http-client-engine-default-jvm/0.14.2/http-client-engine-default-jvm-0.14.2.jar:/Users/fcilluffo/.m2/repository/aws/smithy/kotlin/http-client-engine-okhttp-jvm/0.14.2/http-client-engine-okhttp-jvm-0.14.2.jar:/Users/fcilluffo/.m2/repository/com/squareup/okhttp3/okhttp-jvm/5.0.0-alpha.10/okhttp-jvm-5.0.0-alpha.10.jar:/Users/fcilluffo/.m2/repository/com/squareup/okhttp3/okhttp-coroutines-jvm/5.0.0-alpha.10/okhttp-coroutines-jvm-5.0.0-alpha.10.jar:/Users/fcilluffo/.m2/repository/aws/smithy/kotlin/io-jvm/0.14.2/io-jvm-0.14.2.jar:/Users/fcilluffo/.m2/repository/com/squareup/okio/okio-jvm/3.2.0/okio-jvm-3.2.0.jar:/Users/fcilluffo/.m2/repository/aws/smithy/kotlin/serde-jvm/0.14.2/serde-jvm-0.14.2.jar:/Users/fcilluffo/.m2/repository/aws/smithy/kotlin/serde-form-url-jvm/0.14.2/serde-form-url-jvm-0.14.2.jar:/Users/fcilluffo/.m2/repository/aws/smithy/kotlin/serde-xml-jvm/0.14.2/serde-xml-jvm-0.14.2.jar:/Users/fcilluffo/.m2/repository/aws/smithy/kotlin/utils-jvm/0.14.2/utils-jvm-0.14.2.jar:/Users/fcilluffo/.m2/repository/aws/sdk/kotlin/sqs-jvm/0.19.2-beta/sqs-jvm-0.19.2-beta.jar:/Users/fcilluffo/.m2/repository/org/mockito/kotlin/mockito-kotlin/4.0.0/mockito-kotlin-4.0.0.jar:/Users/fcilluffo/.m2/repository/com/sksamuel/hoplite/hoplite-core/2.4.0/hoplite-core-2.4.0.jar:/Users/fcilluffo/.m2/repository/com/sksamuel/hoplite/hoplite-yaml/2.4.0/hoplite-yaml-2.4.0.jar:/Users/fcilluffo/.m2/repository/org/yaml/snakeyaml/1.30/snakeyaml-1.30.jar:"/>
    <property name="java.vm.vendor" value="Oracle Corporation"/>
    <property name="sun.arch.data.model" value="64"/>
    <property name="java.vendor.url" value="https://java.oracle.com/"/>
    <property name="user.timezone" value="Europe/Rome"/>
    <property name="os.name" value="Mac OS X"/>
    <property name="java.vm.specification.version" value="17"/>
    <property name="sun.java.launcher" value="SUN_STANDARD"/>
    <property name="user.country" value="IT"/>
    <property name="sun.boot.library.path" value="/Users/fcilluffo/Library/Java/JavaVirtualMachines/openjdk-17.0.2/Contents/Home/lib"/>
    <property name="sun.java.command" value="/Users/fcilluffo/IdeaProjects/mediatork/mediatork/target/surefire/surefirebooter-20230123194805788_3.jar /Users/fcilluffo/IdeaProjects/mediatork/mediatork/target/surefire 2023-01-23T19-48-05_398-jvmRun1 surefire-20230123194805788_1tmp surefire_0-20230123194805788_2tmp"/>
    <property name="http.nonProxyHosts" value="local|*.local|169.254/16|*.169.254/16"/>
    <property name="jdk.debug" value="release"/>
    <property name="surefire.test.class.path" value="/Users/fcilluffo/IdeaProjects/mediatork/mediatork/target/test-classes:/Users/fcilluffo/IdeaProjects/mediatork/mediatork/target/mediatork-1.0-SNAPSHOT.jar:/Users/fcilluffo/.m2/repository/org/jetbrains/kotlin/kotlin-reflect/1.7.22/kotlin-reflect-1.7.22.jar:/Users/fcilluffo/.m2/repository/org/jetbrains/kotlin/kotlin-stdlib/1.7.22/kotlin-stdlib-1.7.22.jar:/Users/fcilluffo/.m2/repository/org/jetbrains/annotations/13.0/annotations-13.0.jar:/Users/fcilluffo/.m2/repository/org/jetbrains/kotlin/kotlin-stdlib-jdk8/1.7.22/kotlin-stdlib-jdk8-1.7.22.jar:/Users/fcilluffo/.m2/repository/org/jetbrains/kotlin/kotlin-stdlib-jdk7/1.7.22/kotlin-stdlib-jdk7-1.7.22.jar:/Users/fcilluffo/.m2/repository/org/reflections/reflections/0.10.2/reflections-0.10.2.jar:/Users/fcilluffo/.m2/repository/org/javassist/javassist/3.28.0-GA/javassist-3.28.0-GA.jar:/Users/fcilluffo/.m2/repository/com/google/code/findbugs/jsr305/3.0.2/jsr305-3.0.2.jar:/Users/fcilluffo/.m2/repository/org/slf4j/slf4j-api/1.7.32/slf4j-api-1.7.32.jar:/Users/fcilluffo/.m2/repository/io/github/microutils/kotlin-logging-jvm/2.1.23/kotlin-logging-jvm-2.1.23.jar:/Users/fcilluffo/.m2/repository/org/jetbrains/kotlin/kotlin-stdlib-common/1.6.0/kotlin-stdlib-common-1.6.0.jar:/Users/fcilluffo/.m2/repository/ch/qos/logback/logback-classic/1.2.11/logback-classic-1.2.11.jar:/Users/fcilluffo/.m2/repository/ch/qos/logback/logback-core/1.2.11/logback-core-1.2.11.jar:/Users/fcilluffo/.m2/repository/org/springframework/boot/spring-boot-starter-actuator/2.7.2/spring-boot-starter-actuator-2.7.2.jar:/Users/fcilluffo/.m2/repository/org/springframework/boot/spring-boot-starter/2.7.2/spring-boot-starter-2.7.2.jar:/Users/fcilluffo/.m2/repository/org/springframework/boot/spring-boot/2.7.2/spring-boot-2.7.2.jar:/Users/fcilluffo/.m2/repository/org/springframework/boot/spring-boot-autoconfigure/2.7.2/spring-boot-autoconfigure-2.7.2.jar:/Users/fcilluffo/.m2/repository/org/springframework/boot/spring-boot-starter-logging/2.7.2/spring-boot-starter-logging-2.7.2.jar:/Users/fcilluffo/.m2/repository/org/apache/logging/log4j/log4j-to-slf4j/2.17.2/log4j-to-slf4j-2.17.2.jar:/Users/fcilluffo/.m2/repository/org/apache/logging/log4j/log4j-api/2.17.2/log4j-api-2.17.2.jar:/Users/fcilluffo/.m2/repository/org/slf4j/jul-to-slf4j/1.7.36/jul-to-slf4j-1.7.36.jar:/Users/fcilluffo/.m2/repository/jakarta/annotation/jakarta.annotation-api/1.3.5/jakarta.annotation-api-1.3.5.jar:/Users/fcilluffo/.m2/repository/org/springframework/boot/spring-boot-actuator-autoconfigure/2.7.2/spring-boot-actuator-autoconfigure-2.7.2.jar:/Users/fcilluffo/.m2/repository/org/springframework/boot/spring-boot-actuator/2.7.2/spring-boot-actuator-2.7.2.jar:/Users/fcilluffo/.m2/repository/com/fasterxml/jackson/core/jackson-databind/2.13.3/jackson-databind-2.13.3.jar:/Users/fcilluffo/.m2/repository/com/fasterxml/jackson/core/jackson-annotations/2.13.3/jackson-annotations-2.13.3.jar:/Users/fcilluffo/.m2/repository/com/fasterxml/jackson/core/jackson-core/2.13.3/jackson-core-2.13.3.jar:/Users/fcilluffo/.m2/repository/com/fasterxml/jackson/datatype/jackson-datatype-jsr310/2.13.3/jackson-datatype-jsr310-2.13.3.jar:/Users/fcilluffo/.m2/repository/io/micrometer/micrometer-core/1.9.2/micrometer-core-1.9.2.jar:/Users/fcilluffo/.m2/repository/org/hdrhistogram/HdrHistogram/2.1.12/HdrHistogram-2.1.12.jar:/Users/fcilluffo/.m2/repository/org/latencyutils/LatencyUtils/2.0.3/LatencyUtils-2.0.3.jar:/Users/fcilluffo/.m2/repository/org/springframework/boot/spring-boot-starter-web/2.7.2/spring-boot-starter-web-2.7.2.jar:/Users/fcilluffo/.m2/repository/org/springframework/boot/spring-boot-starter-json/2.7.2/spring-boot-starter-json-2.7.2.jar:/Users/fcilluffo/.m2/repository/com/fasterxml/jackson/datatype/jackson-datatype-jdk8/2.13.3/jackson-datatype-jdk8-2.13.3.jar:/Users/fcilluffo/.m2/repository/com/fasterxml/jackson/module/jackson-module-parameter-names/2.13.3/jackson-module-parameter-names-2.13.3.jar:/Users/fcilluffo/.m2/repository/org/springframework/boot/spring-boot-starter-tomcat/2.7.2/spring-boot-starter-tomcat-2.7.2.jar:/Users/fcilluffo/.m2/repository/org/apache/tomcat/embed/tomcat-embed-core/9.0.65/tomcat-embed-core-9.0.65.jar:/Users/fcilluffo/.m2/repository/org/apache/tomcat/embed/tomcat-embed-websocket/9.0.65/tomcat-embed-websocket-9.0.65.jar:/Users/fcilluffo/.m2/repository/org/springframework/spring-web/5.3.22/spring-web-5.3.22.jar:/Users/fcilluffo/.m2/repository/org/springframework/spring-beans/5.3.22/spring-beans-5.3.22.jar:/Users/fcilluffo/.m2/repository/org/springframework/spring-webmvc/5.3.22/spring-webmvc-5.3.22.jar:/Users/fcilluffo/.m2/repository/org/springframework/spring-aop/5.3.22/spring-aop-5.3.22.jar:/Users/fcilluffo/.m2/repository/org/springframework/spring-expression/5.3.22/spring-expression-5.3.22.jar:/Users/fcilluffo/.m2/repository/org/springframework/boot/spring-boot-starter-validation/2.7.2/spring-boot-starter-validation-2.7.2.jar:/Users/fcilluffo/.m2/repository/org/apache/tomcat/embed/tomcat-embed-el/9.0.65/tomcat-embed-el-9.0.65.jar:/Users/fcilluffo/.m2/repository/org/hibernate/validator/hibernate-validator/6.2.3.Final/hibernate-validator-6.2.3.Final.jar:/Users/fcilluffo/.m2/repository/jakarta/validation/jakarta.validation-api/2.0.2/jakarta.validation-api-2.0.2.jar:/Users/fcilluffo/.m2/repository/org/jboss/logging/jboss-logging/3.4.1.Final/jboss-logging-3.4.1.Final.jar:/Users/fcilluffo/.m2/repository/com/fasterxml/classmate/1.5.1/classmate-1.5.1.jar:/Users/fcilluffo/.m2/repository/org/springframework/boot/spring-boot-starter-test/2.7.2/spring-boot-starter-test-2.7.2.jar:/Users/fcilluffo/.m2/repository/org/springframework/boot/spring-boot-test/2.7.2/spring-boot-test-2.7.2.jar:/Users/fcilluffo/.m2/repository/org/springframework/boot/spring-boot-test-autoconfigure/2.7.2/spring-boot-test-autoconfigure-2.7.2.jar:/Users/fcilluffo/.m2/repository/com/jayway/jsonpath/json-path/2.7.0/json-path-2.7.0.jar:/Users/fcilluffo/.m2/repository/net/minidev/json-smart/2.4.7/json-smart-2.4.7.jar:/Users/fcilluffo/.m2/repository/net/minidev/accessors-smart/2.4.7/accessors-smart-2.4.7.jar:/Users/fcilluffo/.m2/repository/org/ow2/asm/asm/9.1/asm-9.1.jar:/Users/fcilluffo/.m2/repository/jakarta/xml/bind/jakarta.xml.bind-api/2.3.3/jakarta.xml.bind-api-2.3.3.jar:/Users/fcilluffo/.m2/repository/jakarta/activation/jakarta.activation-api/1.2.2/jakarta.activation-api-1.2.2.jar:/Users/fcilluffo/.m2/repository/org/assertj/assertj-core/3.22.0/assertj-core-3.22.0.jar:/Users/fcilluffo/.m2/repository/org/hamcrest/hamcrest/2.2/hamcrest-2.2.jar:/Users/fcilluffo/.m2/repository/org/mockito/mockito-core/4.5.1/mockito-core-4.5.1.jar:/Users/fcilluffo/.m2/repository/net/bytebuddy/byte-buddy/1.12.9/byte-buddy-1.12.9.jar:/Users/fcilluffo/.m2/repository/net/bytebuddy/byte-buddy-agent/1.12.9/byte-buddy-agent-1.12.9.jar:/Users/fcilluffo/.m2/repository/org/objenesis/objenesis/3.2/objenesis-3.2.jar:/Users/fcilluffo/.m2/repository/org/mockito/mockito-junit-jupiter/4.5.1/mockito-junit-jupiter-4.5.1.jar:/Users/fcilluffo/.m2/repository/org/skyscreamer/jsonassert/1.5.1/jsonassert-1.5.1.jar:/Users/fcilluffo/.m2/repository/com/vaadin/external/google/android-json/0.0.20131108.vaadin1/android-json-0.0.20131108.vaadin1.jar:/Users/fcilluffo/.m2/repository/org/springframework/spring-core/5.3.22/spring-core-5.3.22.jar:/Users/fcilluffo/.m2/repository/org/springframework/spring-jcl/5.3.22/spring-jcl-5.3.22.jar:/Users/fcilluffo/.m2/repository/org/springframework/spring-test/5.3.22/spring-test-5.3.22.jar:/Users/fcilluffo/.m2/repository/org/xmlunit/xmlunit-core/2.9.0/xmlunit-core-2.9.0.jar:/Users/fcilluffo/.m2/repository/com/google/code/gson/gson/2.9.1/gson-2.9.1.jar:/Users/fcilluffo/.m2/repository/com/ninja-squad/springmockk/3.1.1/springmockk-3.1.1.jar:/Users/fcilluffo/.m2/repository/io/mockk/mockk/1.12.1/mockk-1.12.1.jar:/Users/fcilluffo/.m2/repository/io/mockk/mockk-dsl-jvm/1.12.1/mockk-dsl-jvm-1.12.1.jar:/Users/fcilluffo/.m2/repository/io/mockk/mockk-dsl/1.12.1/mockk-dsl-1.12.1.jar:/Users/fcilluffo/.m2/repository/io/mockk/mockk-common/1.12.1/mockk-common-1.12.1.jar:/Users/fcilluffo/.m2/repository/io/mockk/mockk-agent-jvm/1.12.1/mockk-agent-jvm-1.12.1.jar:/Users/fcilluffo/.m2/repository/io/mockk/mockk-agent-api/1.12.1/mockk-agent-api-1.12.1.jar:/Users/fcilluffo/.m2/repository/io/mockk/mockk-agent-common/1.12.1/mockk-agent-common-1.12.1.jar:/Users/fcilluffo/.m2/repository/org/springframework/spring-context/5.3.1/spring-context-5.3.1.jar:/Users/fcilluffo/.m2/repository/org/junit/jupiter/junit-jupiter/5.4.0/junit-jupiter-5.4.0.jar:/Users/fcilluffo/.m2/repository/org/junit/jupiter/junit-jupiter-api/5.4.0/junit-jupiter-api-5.4.0.jar:/Users/fcilluffo/.m2/repository/org/apiguardian/apiguardian-api/1.0.0/apiguardian-api-1.0.0.jar:/Users/fcilluffo/.m2/repository/org/opentest4j/opentest4j/1.1.1/opentest4j-1.1.1.jar:/Users/fcilluffo/.m2/repository/org/junit/platform/junit-platform-commons/1.4.0/junit-platform-commons-1.4.0.jar:/Users/fcilluffo/.m2/repository/org/junit/jupiter/junit-jupiter-params/5.4.0/junit-jupiter-params-5.4.0.jar:/Users/fcilluffo/.m2/repository/org/junit/jupiter/junit-jupiter-engine/5.4.0/junit-jupiter-engine-5.4.0.jar:/Users/fcilluffo/.m2/repository/org/junit/platform/junit-platform-engine/1.4.0/junit-platform-engine-1.4.0.jar:/Users/fcilluffo/.m2/repository/org/jetbrains/kotlinx/kotlinx-coroutines-core-jvm/1.6.4/kotlinx-coroutines-core-jvm-1.6.4.jar:/Users/fcilluffo/.m2/repository/com/rabbitmq/amqp-client/5.15.0/amqp-client-5.15.0.jar:/Users/fcilluffo/.m2/repository/aws/sdk/kotlin/sns-jvm/0.19.2-beta/sns-jvm-0.19.2-beta.jar:/Users/fcilluffo/.m2/repository/aws/sdk/kotlin/aws-config-jvm/0.19.2-beta/aws-config-jvm-0.19.2-beta.jar:/Users/fcilluffo/.m2/repository/aws/smithy/kotlin/logging-jvm/0.14.2/logging-jvm-0.14.2.jar:/Users/fcilluffo/.m2/repository/aws/smithy/kotlin/hashing-jvm/0.14.2/hashing-jvm-0.14.2.jar:/Users/fcilluffo/.m2/repository/aws/smithy/kotlin/serde-json-jvm/0.14.2/serde-json-jvm-0.14.2.jar:/Users/fcilluffo/.m2/repository/aws/sdk/kotlin/aws-json-protocols-jvm/0.19.2-beta/aws-json-protocols-jvm-0.19.2-beta.jar:/Users/fcilluffo/.m2/repository/aws/sdk/kotlin/aws-core-jvm/0.19.2-beta/aws-core-jvm-0.19.2-beta.jar:/Users/fcilluffo/.m2/repository/aws/sdk/kotlin/aws-endpoint-jvm/0.19.2-beta/aws-endpoint-jvm-0.19.2-beta.jar:/Users/fcilluffo/.m2/repository/aws/smithy/kotlin/runtime-core-jvm/0.14.2/runtime-core-jvm-0.14.2.jar:/Users/fcilluffo/.m2/repository/aws/smithy/kotlin/tracing-core-jvm/0.14.2/tracing-core-jvm-0.14.2.jar:/Users/fcilluffo/.m2/repository/aws/smithy/kotlin/aws-credentials-jvm/0.14.2/aws-credentials-jvm-0.14.2.jar:/Users/fcilluffo/.m2/repository/aws/sdk/kotlin/aws-http-jvm/0.19.2-beta/aws-http-jvm-0.19.2-beta.jar:/Users/fcilluffo/.m2/repository/aws/smithy/kotlin/aws-signing-common-jvm/0.14.2/aws-signing-common-jvm-0.14.2.jar:/Users/fcilluffo/.m2/repository/aws/smithy/kotlin/aws-signing-default-jvm/0.14.2/aws-signing-default-jvm-0.14.2.jar:/Users/fcilluffo/.m2/repository/aws/sdk/kotlin/aws-xml-protocols-jvm/0.19.2-beta/aws-xml-protocols-jvm-0.19.2-beta.jar:/Users/fcilluffo/.m2/repository/aws/smithy/kotlin/http-jvm/0.14.2/http-jvm-0.14.2.jar:/Users/fcilluffo/.m2/repository/org/jetbrains/kotlinx/atomicfu-jvm/0.18.3/atomicfu-jvm-0.18.3.jar:/Users/fcilluffo/.m2/repository/aws/smithy/kotlin/http-client-engine-default-jvm/0.14.2/http-client-engine-default-jvm-0.14.2.jar:/Users/fcilluffo/.m2/repository/aws/smithy/kotlin/http-client-engine-okhttp-jvm/0.14.2/http-client-engine-okhttp-jvm-0.14.2.jar:/Users/fcilluffo/.m2/repository/com/squareup/okhttp3/okhttp-jvm/5.0.0-alpha.10/okhttp-jvm-5.0.0-alpha.10.jar:/Users/fcilluffo/.m2/repository/com/squareup/okhttp3/okhttp-coroutines-jvm/5.0.0-alpha.10/okhttp-coroutines-jvm-5.0.0-alpha.10.jar:/Users/fcilluffo/.m2/repository/aws/smithy/kotlin/io-jvm/0.14.2/io-jvm-0.14.2.jar:/Users/fcilluffo/.m2/repository/com/squareup/okio/okio-jvm/3.2.0/okio-jvm-3.2.0.jar:/Users/fcilluffo/.m2/repository/aws/smithy/kotlin/serde-jvm/0.14.2/serde-jvm-0.14.2.jar:/Users/fcilluffo/.m2/repository/aws/smithy/kotlin/serde-form-url-jvm/0.14.2/serde-form-url-jvm-0.14.2.jar:/Users/fcilluffo/.m2/repository/aws/smithy/kotlin/serde-xml-jvm/0.14.2/serde-xml-jvm-0.14.2.jar:/Users/fcilluffo/.m2/repository/aws/smithy/kotlin/utils-jvm/0.14.2/utils-jvm-0.14.2.jar:/Users/fcilluffo/.m2/repository/aws/sdk/kotlin/sqs-jvm/0.19.2-beta/sqs-jvm-0.19.2-beta.jar:/Users/fcilluffo/.m2/repository/org/mockito/kotlin/mockito-kotlin/4.0.0/mockito-kotlin-4.0.0.jar:/Users/fcilluffo/.m2/repository/com/sksamuel/hoplite/hoplite-core/2.4.0/hoplite-core-2.4.0.jar:/Users/fcilluffo/.m2/repository/com/sksamuel/hoplite/hoplite-yaml/2.4.0/hoplite-yaml-2.4.0.jar:/Users/fcilluffo/.m2/repository/org/yaml/snakeyaml/1.30/snakeyaml-1.30.jar:"/>
    <property name="sun.cpu.endian" value="little"/>
    <property name="user.home" value="/Users/fcilluffo"/>
    <property name="user.language" value="it"/>
    <property name="java.specification.vendor" value="Oracle Corporation"/>
    <property name="java.version.date" value="2022-01-18"/>
    <property name="java.home" value="/Users/fcilluffo/Library/Java/JavaVirtualMachines/openjdk-17.0.2/Contents/Home"/>
    <property name="file.separator" value="/"/>
    <property name="basedir" value="/Users/fcilluffo/IdeaProjects/mediatork/mediatork"/>
    <property name="java.vm.compressedOopsMode" value="Zero based"/>
    <property name="line.separator" value="&#10;"/>
    <property name="java.specification.name" value="Java Platform API Specification"/>
    <property name="java.vm.specification.vendor" value="Oracle Corporation"/>
    <property name="surefire.real.class.path" value="/Users/fcilluffo/IdeaProjects/mediatork/mediatork/target/surefire/surefirebooter-20230123194805788_3.jar"/>
    <property name="sun.management.compiler" value="HotSpot 64-Bit Tiered Compilers"/>
    <property name="ftp.nonProxyHosts" value="local|*.local|169.254/16|*.169.254/16"/>
    <property name="java.runtime.version" value="17.0.2+8-86"/>
    <property name="user.name" value="fcilluffo"/>
    <property name="path.separator" value=":"/>
    <property name="os.version" value="12.6"/>
    <property name="java.runtime.name" value="OpenJDK Runtime Environment"/>
    <property name="file.encoding" value="UTF-8"/>
    <property name="java.vm.name" value="OpenJDK 64-Bit Server VM"/>
    <property name="localRepository" value="/Users/fcilluffo/.m2/repository"/>
    <property name="java.vendor.url.bug" value="https://bugreport.java.com/bugreport/"/>
    <property name="java.io.tmpdir" value="/var/folders/41/l8d9bp6j3396tfdv5sjlyb_00000gn/T/"/>
    <property name="java.version" value="17.0.2"/>
    <property name="user.dir" value="/Users/fcilluffo/IdeaProjects/mediatork/mediatork"/>
    <property name="os.arch" value="x86_64"/>
    <property name="java.vm.specification.name" value="Java Virtual Machine Specification"/>
    <property name="native.encoding" value="UTF-8"/>
    <property name="java.library.path" value="/Users/fcilluffo/Library/Java/Extensions:/Library/Java/Extensions:/Network/Library/Java/Extensions:/System/Library/Java/Extensions:/usr/lib/java:."/>
    <property name="java.vm.info" value="mixed mode, sharing"/>
    <property name="java.vendor" value="Oracle Corporation"/>
    <property name="java.vm.version" value="17.0.2+8-86"/>
    <property name="sun.io.unicode.encoding" value="UnicodeBig"/>
    <property name="socksNonProxyHosts" value="local|*.local|169.254/16|*.169.254/16"/>
    <property name="java.class.version" value="61.0"/>
  </properties>
  <testcase name="testPublishMultiple" classname="com.cillu.mediator.integrationevents.awssns.AwsSnsIT" time="9.464">
    <system-out><![CDATA[19:48:07.994 [main @coroutine#1] INFO  c.c.m.m.aws.AwsSnsMessageBroker - Creating Topic platform_topic on Region eu-west-1
19:48:08.762 [main @coroutine#1] INFO  c.c.m.m.aws.AwsSnsMessageBroker - Created Topic platform_topic on Region eu-west-1
19:48:08.762 [main @coroutine#1] INFO  c.c.m.m.aws.AwsSnsMessageBroker - Creating Queue microservice1 on Region eu-west-1
19:48:09.400 [main @coroutine#1] INFO  c.c.m.m.aws.AwsSnsMessageBroker - Created Queue microservice1 on Region eu-west-1
19:48:09.400 [main @coroutine#1] INFO  c.c.m.m.aws.AwsSnsMessageBroker - Creating DeadLetter Queue microservice1_dlq on Region eu-west-1
19:48:09.533 [main @coroutine#1] INFO  c.c.m.m.aws.AwsSnsMessageBroker - Created DeadLetter Queue microservice1_dlq on Region eu-west-1
19:48:09.535 [main @coroutine#1] INFO  c.c.m.m.aws.AwsSnsMessageBroker - Subscribing Queue microservice1 to the Topic arn:aws:sns:eu-west-1:217577495775:platform_topic
19:48:09.660 [main @coroutine#1] INFO  c.c.m.m.aws.AwsSnsMessageBroker - Subscribed Queue microservice1 to the Topic arn:aws:sns:eu-west-1:217577495775:platform_topic
19:48:09.661 [main @coroutine#1] INFO  c.c.m.m.aws.AwsSnsMessageBroker - Setting SQS Policies for Queue microservice1 and Topic arn:aws:sns:eu-west-1:217577495775:platform_topic
19:48:09.732 [main @coroutine#1] INFO  c.c.m.m.aws.AwsSnsMessageBroker - Set SQS Policies for Queue microservice1 and Topic arn:aws:sns:eu-west-1:217577495775:platform_topic
19:48:09.896 [main] INFO  org.reflections.Reflections - Reflections took 138 ms to scan 1 urls, producing 5 keys and 20 values
19:48:09.915 [main] INFO  c.c.m.m.IntegrationEventHandlersMapper - Registered handler class com.cillu.mediator.integrationevents.config.multiple.PippoIntegrationEventHandler for IntegrationEvent com.cillu.mediator.integrationevents.domain.PippoIntegrationEvent
19:48:09.917 [main] INFO  c.c.m.m.IntegrationEventHandlersMapper - Registered handler class com.cillu.mediator.integrationevents.config.multiple.PlutoIntegrationEventHandler for IntegrationEvent com.cillu.mediator.integrationevents.domain.PlutoIntegrationEvent
19:48:09.918 [main] INFO  c.c.m.m.IntegrationEventHandlersMapper - Registered handler class com.cillu.mediator.integrationevents.config.single.FakeIntegrationEventHandler for IntegrationEvent com.cillu.mediator.integrationevents.domain.FakeIntegrationEvent
19:48:09.918 [main] INFO  c.c.m.m.aws.AwsSnsMessageBroker - Launching messages Consumers for Queue https://sqs.eu-west-1.amazonaws.com/217577495775/microservice1
19:48:09.920 [pool-2-thread-2] INFO  c.c.m.m.aws.AwsSqsConsumer - Listening for IntegrationEvent on queue https://sqs.eu-west-1.amazonaws.com/217577495775/microservice1
19:48:09.920 [pool-2-thread-3] INFO  c.c.m.m.aws.AwsSqsConsumer - Listening for IntegrationEvent on queue https://sqs.eu-west-1.amazonaws.com/217577495775/microservice1
19:48:09.920 [pool-2-thread-4] INFO  c.c.m.m.aws.AwsSqsConsumer - Listening for IntegrationEvent on queue https://sqs.eu-west-1.amazonaws.com/217577495775/microservice1
19:48:09.920 [pool-2-thread-1] INFO  c.c.m.m.aws.AwsSqsConsumer - Listening for IntegrationEvent on queue https://sqs.eu-west-1.amazonaws.com/217577495775/microservice1
19:48:09.920 [main] INFO  c.c.m.m.aws.AwsSnsMessageBroker - Consumer Launched for Queue https://sqs.eu-west-1.amazonaws.com/217577495775/microservice1
19:48:09.920 [pool-2-thread-5] INFO  c.c.m.m.aws.AwsSqsConsumer - Listening for IntegrationEvent on queue https://sqs.eu-west-1.amazonaws.com/217577495775/microservice1
19:48:09.926 [main] INFO  com.cillu.mediator.MediatorK - >>> Publishing com.cillu.mediator.integrationevents.domain.FakeIntegrationEvent  [id:594cc358-98c5-457f-8329-a2668fa3d7fb]
19:48:09.927 [main @coroutine#16] INFO  c.c.m.m.aws.AwsSnsMessageBroker - Publishing  com.cillu.mediator.integrationevents.domain.FakeIntegrationEvent on platform_topic
19:48:10.095 [main @coroutine#16] INFO  c.c.m.m.aws.AwsSnsMessageBroker - Published  com.cillu.mediator.integrationevents.domain.FakeIntegrationEvent on platform_topic [messageId:4c2f29fd-3efb-5b64-b7d3-75b5e651d479]
19:48:10.095 [main] INFO  com.cillu.mediator.MediatorK - <<< Published com.cillu.mediator.integrationevents.domain.FakeIntegrationEvent [id:594cc358-98c5-457f-8329-a2668fa3d7fb]
19:48:10.096 [main] INFO  com.cillu.mediator.MediatorK - >>> Publishing com.cillu.mediator.integrationevents.domain.PippoIntegrationEvent  [id:858f8048-bb95-4530-9fb9-d2de677a272a]
19:48:10.096 [main @coroutine#18] INFO  c.c.m.m.aws.AwsSnsMessageBroker - Publishing  com.cillu.mediator.integrationevents.domain.PippoIntegrationEvent on platform_topic
19:48:10.158 [main @coroutine#18] INFO  c.c.m.m.aws.AwsSnsMessageBroker - Published  com.cillu.mediator.integrationevents.domain.PippoIntegrationEvent on platform_topic [messageId:2f4a9e76-16aa-5393-812a-c23ece00cc8e]
19:48:10.158 [main] INFO  com.cillu.mediator.MediatorK - <<< Published com.cillu.mediator.integrationevents.domain.PippoIntegrationEvent [id:858f8048-bb95-4530-9fb9-d2de677a272a]
19:48:10.159 [main] INFO  com.cillu.mediator.MediatorK - >>> Publishing com.cillu.mediator.integrationevents.domain.FilteredIntegrationEvent  [id:8853160b-733f-40c0-a17c-d30dede69010]
19:48:10.159 [main @coroutine#20] INFO  c.c.m.m.aws.AwsSnsMessageBroker - Publishing  com.cillu.mediator.integrationevents.domain.FilteredIntegrationEvent on platform_topic
19:48:10.206 [pool-2-thread-4 @coroutine#11] INFO  c.c.m.m.aws.AwsSqsConsumer - Received com.cillu.mediator.integrationevents.domain.FakeIntegrationEvent [messageId=e9c3ee61-a33e-4a9f-a67d-93a60d5e2066]
19:48:10.207 [pool-2-thread-3 @coroutine#14] INFO  c.c.m.m.aws.AwsSqsConsumer - Received com.cillu.mediator.integrationevents.domain.PippoIntegrationEvent [messageId=2a609de9-fe45-47ca-add8-fe144ca2653a]
19:48:10.208 [pool-2-thread-3 @coroutine#14] INFO  c.c.m.m.aws.AwsSqsConsumer - Consuming com.cillu.mediator.integrationevents.domain.PippoIntegrationEvent [messageId=2a609de9-fe45-47ca-add8-fe144ca2653a]
19:48:10.207 [pool-2-thread-4 @coroutine#11] INFO  c.c.m.m.aws.AwsSqsConsumer - Consuming com.cillu.mediator.integrationevents.domain.FakeIntegrationEvent [messageId=e9c3ee61-a33e-4a9f-a67d-93a60d5e2066]
19:48:10.208 [pool-2-thread-3 @coroutine#14] INFO  c.c.m.m.aws.AwsSqsConsumer - Processing com.cillu.mediator.integrationevents.domain.PippoIntegrationEvent
19:48:10.208 [pool-2-thread-4 @coroutine#11] INFO  c.c.m.m.aws.AwsSqsConsumer - Processing com.cillu.mediator.integrationevents.domain.FakeIntegrationEvent
19:48:10.209 [pool-2-thread-4 @coroutine#11] INFO  com.cillu.mediator.MediatorK - >>> Invoking com.cillu.mediator.integrationevents.config.single.FakeIntegrationEventHandler for event com.cillu.mediator.integrationevents.domain.FakeIntegrationEvent [id:594cc358-98c5-457f-8329-a2668fa3d7fb]
19:48:10.209 [pool-2-thread-3 @coroutine#14] INFO  com.cillu.mediator.MediatorK - >>> Invoking com.cillu.mediator.integrationevents.config.multiple.PippoIntegrationEventHandler for event com.cillu.mediator.integrationevents.domain.PippoIntegrationEvent [id:858f8048-bb95-4530-9fb9-d2de677a272a]
19:48:10.209 [pool-2-thread-4 @coroutine#11] INFO  c.c.m.i.c.s.FakeIntegrationEventHandler - Executing FakeIntegrationEvent
19:48:10.209 [pool-2-thread-3 @coroutine#14] INFO  c.c.m.i.c.m.PippoIntegrationEventHandler - Executing PippoIntegrationEvent
19:48:10.209 [pool-2-thread-4 @coroutine#11] INFO  c.c.m.i.c.s.FakeIntegrationEventHandler - Executed FakeIntegrationEvent
19:48:10.209 [pool-2-thread-3 @coroutine#14] INFO  c.c.m.i.c.m.PippoIntegrationEventHandler - Executed PippoIntegrationEvent
19:48:10.210 [pool-2-thread-4 @coroutine#11] INFO  com.cillu.mediator.MediatorK - <<< Invoked com.cillu.mediator.integrationevents.config.single.FakeIntegrationEventHandler for event com.cillu.mediator.integrationevents.domain.FakeIntegrationEvent [id:594cc358-98c5-457f-8329-a2668fa3d7fb]
19:48:10.210 [pool-2-thread-3 @coroutine#14] INFO  com.cillu.mediator.MediatorK - <<< Invoked com.cillu.mediator.integrationevents.config.multiple.PippoIntegrationEventHandler for event com.cillu.mediator.integrationevents.domain.PippoIntegrationEvent [id:858f8048-bb95-4530-9fb9-d2de677a272a]
19:48:10.210 [pool-2-thread-4 @coroutine#11] INFO  c.c.m.m.aws.AwsSqsConsumer - Processed com.cillu.mediator.integrationevents.domain.FakeIntegrationEvent
19:48:10.210 [pool-2-thread-3 @coroutine#14] INFO  c.c.m.m.aws.AwsSqsConsumer - Processed com.cillu.mediator.integrationevents.domain.PippoIntegrationEvent
19:48:10.211 [pool-2-thread-3 @coroutine#14] INFO  c.c.m.m.aws.AwsSqsConsumer - Consumed com.cillu.mediator.integrationevents.domain.PippoIntegrationEvent [messageId=2a609de9-fe45-47ca-add8-fe144ca2653a]
19:48:10.211 [pool-2-thread-4 @coroutine#11] INFO  c.c.m.m.aws.AwsSqsConsumer - Consumed com.cillu.mediator.integrationevents.domain.FakeIntegrationEvent [messageId=e9c3ee61-a33e-4a9f-a67d-93a60d5e2066]
19:48:10.212 [pool-2-thread-4 @coroutine#22] INFO  c.c.m.m.aws.AwsSqsConsumer - Deleting Message [messageId=e9c3ee61-a33e-4a9f-a67d-93a60d5e2066]
19:48:10.212 [pool-2-thread-3 @coroutine#21] INFO  c.c.m.m.aws.AwsSqsConsumer - Deleting Message [messageId=2a609de9-fe45-47ca-add8-fe144ca2653a]
19:48:10.229 [main @coroutine#20] INFO  c.c.m.m.aws.AwsSnsMessageBroker - Published  com.cillu.mediator.integrationevents.domain.FilteredIntegrationEvent on platform_topic [messageId:052f68b2-453a-5890-9722-34fa9d90a78d]
19:48:10.229 [main] INFO  com.cillu.mediator.MediatorK - <<< Published com.cillu.mediator.integrationevents.domain.FilteredIntegrationEvent [id:8853160b-733f-40c0-a17c-d30dede69010]
19:48:10.230 [main] INFO  com.cillu.mediator.MediatorK - >>> Publishing com.cillu.mediator.integrationevents.domain.PlutoIntegrationEvent  [id:d9e18c80-5827-4e48-9716-6d291ac7cd4e]
19:48:10.230 [main @coroutine#23] INFO  c.c.m.m.aws.AwsSnsMessageBroker - Publishing  com.cillu.mediator.integrationevents.domain.PlutoIntegrationEvent on platform_topic
19:48:10.277 [pool-2-thread-4 @coroutine#22] INFO  c.c.m.m.aws.AwsSqsConsumer - Deleted Message [messageId=e9c3ee61-a33e-4a9f-a67d-93a60d5e2066]
19:48:10.283 [pool-2-thread-3 @coroutine#21] INFO  c.c.m.m.aws.AwsSqsConsumer - Deleted Message [messageId=2a609de9-fe45-47ca-add8-fe144ca2653a]
19:48:10.295 [main @coroutine#23] INFO  c.c.m.m.aws.AwsSnsMessageBroker - Published  com.cillu.mediator.integrationevents.domain.PlutoIntegrationEvent on platform_topic [messageId:b3afd934-4bbe-582f-a4fa-857c9314a732]
19:48:10.296 [main] INFO  com.cillu.mediator.MediatorK - <<< Published com.cillu.mediator.integrationevents.domain.PlutoIntegrationEvent [id:d9e18c80-5827-4e48-9716-6d291ac7cd4e]
19:48:10.296 [main] INFO  com.cillu.mediator.MediatorK - >>> Publishing com.cillu.mediator.integrationevents.domain.FakeIntegrationEvent  [id:3ed70582-6f90-46bf-b8c2-9b3c3b20aba5]
19:48:10.296 [main @coroutine#29] INFO  c.c.m.m.aws.AwsSnsMessageBroker - Publishing  com.cillu.mediator.integrationevents.domain.FakeIntegrationEvent on platform_topic
19:48:10.332 [pool-2-thread-4 @coroutine#27] INFO  c.c.m.m.aws.AwsSqsConsumer - Received com.cillu.mediator.integrationevents.domain.FilteredIntegrationEvent [messageId=dd5e00ac-9d04-4d1e-bea5-cf7f525304b2]
19:48:10.333 [pool-2-thread-4 @coroutine#27] INFO  c.c.m.m.aws.AwsSqsConsumer - Consuming com.cillu.mediator.integrationevents.domain.FilteredIntegrationEvent [messageId=dd5e00ac-9d04-4d1e-bea5-cf7f525304b2]
19:48:10.333 [pool-2-thread-4 @coroutine#27] INFO  c.c.m.m.aws.AwsSqsConsumer - Processing com.cillu.mediator.integrationevents.domain.FilteredIntegrationEvent
19:48:10.334 [pool-2-thread-4 @coroutine#27] INFO  c.c.m.m.aws.AwsSqsConsumer - Discarding event com.cillu.mediator.integrationevents.domain.FilteredIntegrationEvent:dd5e00ac-9d04-4d1e-bea5-cf7f525304b2: com.cillu.mediator.exceptions.IntegrationEventHandlerNotFoundException: No IntegrationEventHandler found for the Integration Event com.cillu.mediator.integrationevents.domain.FilteredIntegrationEvent
19:48:10.334 [pool-2-thread-4 @coroutine#30] INFO  c.c.m.m.aws.AwsSqsConsumer - Deleting Message [messageId=dd5e00ac-9d04-4d1e-bea5-cf7f525304b2]
19:48:10.394 [pool-2-thread-4 @coroutine#30] INFO  c.c.m.m.aws.AwsSqsConsumer - Deleted Message [messageId=dd5e00ac-9d04-4d1e-bea5-cf7f525304b2]
19:48:10.395 [main @coroutine#29] INFO  c.c.m.m.aws.AwsSnsMessageBroker - Published  com.cillu.mediator.integrationevents.domain.FakeIntegrationEvent on platform_topic [messageId:228d32cc-ee75-5bdc-b9dd-6e8436df04c1]
19:48:10.396 [main] INFO  com.cillu.mediator.MediatorK - <<< Published com.cillu.mediator.integrationevents.domain.FakeIntegrationEvent [id:3ed70582-6f90-46bf-b8c2-9b3c3b20aba5]
19:48:10.396 [main] INFO  com.cillu.mediator.MediatorK - >>> Publishing com.cillu.mediator.integrationevents.domain.PippoIntegrationEvent  [id:092af74e-35d4-413f-9e8c-0b8e3a029329]
19:48:10.396 [main @coroutine#34] INFO  c.c.m.m.aws.AwsSnsMessageBroker - Publishing  com.cillu.mediator.integrationevents.domain.PippoIntegrationEvent on platform_topic
19:48:10.398 [pool-2-thread-3 @coroutine#28] INFO  c.c.m.m.aws.AwsSqsConsumer - Received com.cillu.mediator.integrationevents.domain.PlutoIntegrationEvent [messageId=3953af60-d4e1-4d81-804d-a9f8e7f8b53c]
19:48:10.398 [pool-2-thread-3 @coroutine#28] INFO  c.c.m.m.aws.AwsSqsConsumer - Consuming com.cillu.mediator.integrationevents.domain.PlutoIntegrationEvent [messageId=3953af60-d4e1-4d81-804d-a9f8e7f8b53c]
19:48:10.398 [pool-2-thread-3 @coroutine#28] INFO  c.c.m.m.aws.AwsSqsConsumer - Processing com.cillu.mediator.integrationevents.domain.PlutoIntegrationEvent
19:48:10.399 [pool-2-thread-3 @coroutine#28] INFO  com.cillu.mediator.MediatorK - >>> Invoking com.cillu.mediator.integrationevents.config.multiple.PlutoIntegrationEventHandler for event com.cillu.mediator.integrationevents.domain.PlutoIntegrationEvent [id:d9e18c80-5827-4e48-9716-6d291ac7cd4e]
19:48:10.399 [pool-2-thread-3 @coroutine#28] INFO  c.c.m.i.c.m.PlutoIntegrationEventHandler - Executing PlutoIntegrationEvent
19:48:10.399 [pool-2-thread-3 @coroutine#28] INFO  c.c.m.i.c.m.PlutoIntegrationEventHandler - Executed PlutoIntegrationEvent
19:48:10.399 [pool-2-thread-3 @coroutine#28] INFO  com.cillu.mediator.MediatorK - <<< Invoked com.cillu.mediator.integrationevents.config.multiple.PlutoIntegrationEventHandler for event com.cillu.mediator.integrationevents.domain.PlutoIntegrationEvent [id:d9e18c80-5827-4e48-9716-6d291ac7cd4e]
19:48:10.400 [pool-2-thread-3 @coroutine#28] INFO  c.c.m.m.aws.AwsSqsConsumer - Processed com.cillu.mediator.integrationevents.domain.PlutoIntegrationEvent
19:48:10.400 [pool-2-thread-3 @coroutine#28] INFO  c.c.m.m.aws.AwsSqsConsumer - Consumed com.cillu.mediator.integrationevents.domain.PlutoIntegrationEvent [messageId=3953af60-d4e1-4d81-804d-a9f8e7f8b53c]
19:48:10.400 [pool-2-thread-3 @coroutine#36] INFO  c.c.m.m.aws.AwsSqsConsumer - Deleting Message [messageId=3953af60-d4e1-4d81-804d-a9f8e7f8b53c]
19:48:10.456 [pool-2-thread-5 @coroutine#35] INFO  c.c.m.m.aws.AwsSqsConsumer - Received com.cillu.mediator.integrationevents.domain.FakeIntegrationEvent [messageId=8904710f-ebb5-4084-80b0-da8c1783a1d1]
19:48:10.456 [pool-2-thread-5 @coroutine#35] INFO  c.c.m.m.aws.AwsSqsConsumer - Consuming com.cillu.mediator.integrationevents.domain.FakeIntegrationEvent [messageId=8904710f-ebb5-4084-80b0-da8c1783a1d1]
19:48:10.457 [pool-2-thread-5 @coroutine#35] INFO  c.c.m.m.aws.AwsSqsConsumer - Processing com.cillu.mediator.integrationevents.domain.FakeIntegrationEvent
19:48:10.457 [pool-2-thread-5 @coroutine#35] INFO  com.cillu.mediator.MediatorK - >>> Invoking com.cillu.mediator.integrationevents.config.single.FakeIntegrationEventHandler for event com.cillu.mediator.integrationevents.domain.FakeIntegrationEvent [id:3ed70582-6f90-46bf-b8c2-9b3c3b20aba5]
19:48:10.457 [pool-2-thread-5 @coroutine#35] INFO  c.c.m.i.c.s.FakeIntegrationEventHandler - Executing FakeIntegrationEvent
19:48:10.457 [pool-2-thread-5 @coroutine#35] INFO  c.c.m.i.c.s.FakeIntegrationEventHandler - Executed FakeIntegrationEvent
19:48:10.457 [pool-2-thread-5 @coroutine#35] INFO  com.cillu.mediator.MediatorK - <<< Invoked com.cillu.mediator.integrationevents.config.single.FakeIntegrationEventHandler for event com.cillu.mediator.integrationevents.domain.FakeIntegrationEvent [id:3ed70582-6f90-46bf-b8c2-9b3c3b20aba5]
19:48:10.458 [pool-2-thread-5 @coroutine#35] INFO  c.c.m.m.aws.AwsSqsConsumer - Processed com.cillu.mediator.integrationevents.domain.FakeIntegrationEvent
19:48:10.458 [pool-2-thread-5 @coroutine#35] INFO  c.c.m.m.aws.AwsSqsConsumer - Consumed com.cillu.mediator.integrationevents.domain.FakeIntegrationEvent [messageId=8904710f-ebb5-4084-80b0-da8c1783a1d1]
19:48:10.458 [pool-2-thread-5 @coroutine#38] INFO  c.c.m.m.aws.AwsSqsConsumer - Deleting Message [messageId=8904710f-ebb5-4084-80b0-da8c1783a1d1]
19:48:10.459 [pool-2-thread-3 @coroutine#36] INFO  c.c.m.m.aws.AwsSqsConsumer - Deleted Message [messageId=3953af60-d4e1-4d81-804d-a9f8e7f8b53c]
19:48:10.511 [pool-2-thread-5 @coroutine#38] INFO  c.c.m.m.aws.AwsSqsConsumer - Deleted Message [messageId=8904710f-ebb5-4084-80b0-da8c1783a1d1]
19:48:10.520 [main @coroutine#34] INFO  c.c.m.m.aws.AwsSnsMessageBroker - Published  com.cillu.mediator.integrationevents.domain.PippoIntegrationEvent on platform_topic [messageId:1650349d-fc83-554e-a6c0-68d524294a53]
19:48:10.520 [main] INFO  com.cillu.mediator.MediatorK - <<< Published com.cillu.mediator.integrationevents.domain.PippoIntegrationEvent [id:092af74e-35d4-413f-9e8c-0b8e3a029329]
19:48:10.520 [main] INFO  com.cillu.mediator.MediatorK - >>> Publishing com.cillu.mediator.integrationevents.domain.FilteredIntegrationEvent  [id:a5286cb1-c490-43c7-aad1-ea07e7a41d66]
19:48:10.521 [main @coroutine#43] INFO  c.c.m.m.aws.AwsSnsMessageBroker - Publishing  com.cillu.mediator.integrationevents.domain.FilteredIntegrationEvent on platform_topic
19:48:10.569 [pool-2-thread-1 @coroutine#40] INFO  c.c.m.m.aws.AwsSqsConsumer - Received com.cillu.mediator.integrationevents.domain.PippoIntegrationEvent [messageId=7c321d9e-4fcc-4391-87e7-94cf12122819]
19:48:10.569 [pool-2-thread-1 @coroutine#40] INFO  c.c.m.m.aws.AwsSqsConsumer - Consuming com.cillu.mediator.integrationevents.domain.PippoIntegrationEvent [messageId=7c321d9e-4fcc-4391-87e7-94cf12122819]
19:48:10.569 [pool-2-thread-1 @coroutine#40] INFO  c.c.m.m.aws.AwsSqsConsumer - Processing com.cillu.mediator.integrationevents.domain.PippoIntegrationEvent
19:48:10.569 [pool-2-thread-1 @coroutine#40] INFO  com.cillu.mediator.MediatorK - >>> Invoking com.cillu.mediator.integrationevents.config.multiple.PippoIntegrationEventHandler for event com.cillu.mediator.integrationevents.domain.PippoIntegrationEvent [id:092af74e-35d4-413f-9e8c-0b8e3a029329]
19:48:10.570 [pool-2-thread-1 @coroutine#40] INFO  c.c.m.i.c.m.PippoIntegrationEventHandler - Executing PippoIntegrationEvent
19:48:10.570 [pool-2-thread-1 @coroutine#40] INFO  c.c.m.i.c.m.PippoIntegrationEventHandler - Executed PippoIntegrationEvent
19:48:10.570 [pool-2-thread-1 @coroutine#40] INFO  com.cillu.mediator.MediatorK - <<< Invoked com.cillu.mediator.integrationevents.config.multiple.PippoIntegrationEventHandler for event com.cillu.mediator.integrationevents.domain.PippoIntegrationEvent [id:092af74e-35d4-413f-9e8c-0b8e3a029329]
19:48:10.570 [pool-2-thread-1 @coroutine#40] INFO  c.c.m.m.aws.AwsSqsConsumer - Processed com.cillu.mediator.integrationevents.domain.PippoIntegrationEvent
19:48:10.570 [pool-2-thread-1 @coroutine#40] INFO  c.c.m.m.aws.AwsSqsConsumer - Consumed com.cillu.mediator.integrationevents.domain.PippoIntegrationEvent [messageId=7c321d9e-4fcc-4391-87e7-94cf12122819]
19:48:10.571 [pool-2-thread-1 @coroutine#46] INFO  c.c.m.m.aws.AwsSqsConsumer - Deleting Message [messageId=7c321d9e-4fcc-4391-87e7-94cf12122819]
19:48:10.587 [main @coroutine#43] INFO  c.c.m.m.aws.AwsSnsMessageBroker - Published  com.cillu.mediator.integrationevents.domain.FilteredIntegrationEvent on platform_topic [messageId:08be8a6c-6a18-533b-9969-d624b2b2ac26]
19:48:10.588 [main] INFO  com.cillu.mediator.MediatorK - <<< Published com.cillu.mediator.integrationevents.domain.FilteredIntegrationEvent [id:a5286cb1-c490-43c7-aad1-ea07e7a41d66]
19:48:10.588 [main] INFO  com.cillu.mediator.MediatorK - >>> Publishing com.cillu.mediator.integrationevents.domain.PlutoIntegrationEvent  [id:365e8974-e79b-4aaf-9566-7072e10da1ae]
19:48:10.588 [main @coroutine#47] INFO  c.c.m.m.aws.AwsSnsMessageBroker - Publishing  com.cillu.mediator.integrationevents.domain.PlutoIntegrationEvent on platform_topic
19:48:10.632 [pool-2-thread-1 @coroutine#46] INFO  c.c.m.m.aws.AwsSqsConsumer - Deleted Message [messageId=7c321d9e-4fcc-4391-87e7-94cf12122819]
19:48:10.635 [pool-2-thread-3 @coroutine#45] INFO  c.c.m.m.aws.AwsSqsConsumer - Received com.cillu.mediator.integrationevents.domain.FilteredIntegrationEvent [messageId=a8175b77-07ce-416c-ab06-2f4933f4667e]
19:48:10.635 [pool-2-thread-3 @coroutine#45] INFO  c.c.m.m.aws.AwsSqsConsumer - Consuming com.cillu.mediator.integrationevents.domain.FilteredIntegrationEvent [messageId=a8175b77-07ce-416c-ab06-2f4933f4667e]
19:48:10.635 [pool-2-thread-3 @coroutine#45] INFO  c.c.m.m.aws.AwsSqsConsumer - Processing com.cillu.mediator.integrationevents.domain.FilteredIntegrationEvent
19:48:10.636 [pool-2-thread-3 @coroutine#45] INFO  c.c.m.m.aws.AwsSqsConsumer - Discarding event com.cillu.mediator.integrationevents.domain.FilteredIntegrationEvent:a8175b77-07ce-416c-ab06-2f4933f4667e: com.cillu.mediator.exceptions.IntegrationEventHandlerNotFoundException: No IntegrationEventHandler found for the Integration Event com.cillu.mediator.integrationevents.domain.FilteredIntegrationEvent
19:48:10.637 [pool-2-thread-3 @coroutine#51] INFO  c.c.m.m.aws.AwsSqsConsumer - Deleting Message [messageId=a8175b77-07ce-416c-ab06-2f4933f4667e]
19:48:10.657 [main @coroutine#47] INFO  c.c.m.m.aws.AwsSnsMessageBroker - Published  com.cillu.mediator.integrationevents.domain.PlutoIntegrationEvent on platform_topic [messageId:acbf6ced-e47d-581c-9780-30a53cd76701]
19:48:10.657 [main] INFO  com.cillu.mediator.MediatorK - <<< Published com.cillu.mediator.integrationevents.domain.PlutoIntegrationEvent [id:365e8974-e79b-4aaf-9566-7072e10da1ae]
19:48:10.658 [main] INFO  com.cillu.mediator.MediatorK - >>> Publishing com.cillu.mediator.integrationevents.domain.FakeIntegrationEvent  [id:579d8dd7-f5b2-4b17-a3f2-dd08a486acef]
19:48:10.658 [main @coroutine#53] INFO  c.c.m.m.aws.AwsSnsMessageBroker - Publishing  com.cillu.mediator.integrationevents.domain.FakeIntegrationEvent on platform_topic
19:48:10.694 [pool-2-thread-3 @coroutine#51] INFO  c.c.m.m.aws.AwsSqsConsumer - Deleted Message [messageId=a8175b77-07ce-416c-ab06-2f4933f4667e]
19:48:10.696 [pool-2-thread-1 @coroutine#50] INFO  c.c.m.m.aws.AwsSqsConsumer - Received com.cillu.mediator.integrationevents.domain.PlutoIntegrationEvent [messageId=7c56d41c-0ce8-4f00-9165-12cebbc2994c]
19:48:10.697 [pool-2-thread-1 @coroutine#50] INFO  c.c.m.m.aws.AwsSqsConsumer - Consuming com.cillu.mediator.integrationevents.domain.PlutoIntegrationEvent [messageId=7c56d41c-0ce8-4f00-9165-12cebbc2994c]
19:48:10.697 [pool-2-thread-1 @coroutine#50] INFO  c.c.m.m.aws.AwsSqsConsumer - Processing com.cillu.mediator.integrationevents.domain.PlutoIntegrationEvent
19:48:10.697 [pool-2-thread-1 @coroutine#50] INFO  com.cillu.mediator.MediatorK - >>> Invoking com.cillu.mediator.integrationevents.config.multiple.PlutoIntegrationEventHandler for event com.cillu.mediator.integrationevents.domain.PlutoIntegrationEvent [id:365e8974-e79b-4aaf-9566-7072e10da1ae]
19:48:10.697 [pool-2-thread-1 @coroutine#50] INFO  c.c.m.i.c.m.PlutoIntegrationEventHandler - Executing PlutoIntegrationEvent
19:48:10.698 [pool-2-thread-1 @coroutine#50] INFO  c.c.m.i.c.m.PlutoIntegrationEventHandler - Executed PlutoIntegrationEvent
19:48:10.698 [pool-2-thread-1 @coroutine#50] INFO  com.cillu.mediator.MediatorK - <<< Invoked com.cillu.mediator.integrationevents.config.multiple.PlutoIntegrationEventHandler for event com.cillu.mediator.integrationevents.domain.PlutoIntegrationEvent [id:365e8974-e79b-4aaf-9566-7072e10da1ae]
19:48:10.698 [pool-2-thread-1 @coroutine#50] INFO  c.c.m.m.aws.AwsSqsConsumer - Processed com.cillu.mediator.integrationevents.domain.PlutoIntegrationEvent
19:48:10.698 [pool-2-thread-1 @coroutine#50] INFO  c.c.m.m.aws.AwsSqsConsumer - Consumed com.cillu.mediator.integrationevents.domain.PlutoIntegrationEvent [messageId=7c56d41c-0ce8-4f00-9165-12cebbc2994c]
19:48:10.698 [pool-2-thread-1 @coroutine#55] INFO  c.c.m.m.aws.AwsSqsConsumer - Deleting Message [messageId=7c56d41c-0ce8-4f00-9165-12cebbc2994c]
19:48:10.731 [main @coroutine#53] INFO  c.c.m.m.aws.AwsSnsMessageBroker - Published  com.cillu.mediator.integrationevents.domain.FakeIntegrationEvent on platform_topic [messageId:fd894855-1de6-5871-a363-141dc54c176c]
19:48:10.735 [main] INFO  com.cillu.mediator.MediatorK - <<< Published com.cillu.mediator.integrationevents.domain.FakeIntegrationEvent [id:579d8dd7-f5b2-4b17-a3f2-dd08a486acef]
19:48:10.736 [main] INFO  com.cillu.mediator.MediatorK - >>> Publishing com.cillu.mediator.integrationevents.domain.PippoIntegrationEvent  [id:9a5acdc5-9bad-462e-b3e7-ba5b0aa42b35]
19:48:10.736 [main @coroutine#58] INFO  c.c.m.m.aws.AwsSnsMessageBroker - Publishing  com.cillu.mediator.integrationevents.domain.PippoIntegrationEvent on platform_topic
19:48:10.758 [pool-2-thread-1 @coroutine#55] INFO  c.c.m.m.aws.AwsSqsConsumer - Deleted Message [messageId=7c56d41c-0ce8-4f00-9165-12cebbc2994c]
19:48:10.844 [main @coroutine#58] INFO  c.c.m.m.aws.AwsSnsMessageBroker - Published  com.cillu.mediator.integrationevents.domain.PippoIntegrationEvent on platform_topic [messageId:a08ce12b-e32b-581b-9851-bd633b81a706]
19:48:10.844 [main] INFO  com.cillu.mediator.MediatorK - <<< Published com.cillu.mediator.integrationevents.domain.PippoIntegrationEvent [id:9a5acdc5-9bad-462e-b3e7-ba5b0aa42b35]
19:48:10.844 [main] INFO  com.cillu.mediator.MediatorK - >>> Publishing com.cillu.mediator.integrationevents.domain.FilteredIntegrationEvent  [id:9ef58374-2fb0-416b-80bb-78ac4a08c0ca]
19:48:10.844 [main @coroutine#61] INFO  c.c.m.m.aws.AwsSnsMessageBroker - Publishing  com.cillu.mediator.integrationevents.domain.FilteredIntegrationEvent on platform_topic
19:48:10.908 [main @coroutine#61] INFO  c.c.m.m.aws.AwsSnsMessageBroker - Published  com.cillu.mediator.integrationevents.domain.FilteredIntegrationEvent on platform_topic [messageId:db2fcd2d-afe4-5a7f-a90d-9165774f3562]
19:48:10.909 [main] INFO  com.cillu.mediator.MediatorK - <<< Published com.cillu.mediator.integrationevents.domain.FilteredIntegrationEvent [id:9ef58374-2fb0-416b-80bb-78ac4a08c0ca]
19:48:10.909 [main] INFO  com.cillu.mediator.MediatorK - >>> Publishing com.cillu.mediator.integrationevents.domain.PlutoIntegrationEvent  [id:de337ada-d71a-44d5-ab6c-58cde097ba29]
19:48:10.909 [main @coroutine#67] INFO  c.c.m.m.aws.AwsSnsMessageBroker - Publishing  com.cillu.mediator.integrationevents.domain.PlutoIntegrationEvent on platform_topic
19:48:10.910 [pool-2-thread-5 @coroutine#64] INFO  c.c.m.m.aws.AwsSqsConsumer - Received com.cillu.mediator.integrationevents.domain.FakeIntegrationEvent [messageId=d8b122a2-835c-4d93-bcb9-6292b33d0a40]
19:48:10.910 [pool-2-thread-5 @coroutine#64] INFO  c.c.m.m.aws.AwsSqsConsumer - Consuming com.cillu.mediator.integrationevents.domain.FakeIntegrationEvent [messageId=d8b122a2-835c-4d93-bcb9-6292b33d0a40]
19:48:10.910 [pool-2-thread-5 @coroutine#64] INFO  c.c.m.m.aws.AwsSqsConsumer - Processing com.cillu.mediator.integrationevents.domain.FakeIntegrationEvent
19:48:10.911 [pool-2-thread-5 @coroutine#64] INFO  com.cillu.mediator.MediatorK - >>> Invoking com.cillu.mediator.integrationevents.config.single.FakeIntegrationEventHandler for event com.cillu.mediator.integrationevents.domain.FakeIntegrationEvent [id:579d8dd7-f5b2-4b17-a3f2-dd08a486acef]
19:48:10.911 [pool-2-thread-5 @coroutine#64] INFO  c.c.m.i.c.s.FakeIntegrationEventHandler - Executing FakeIntegrationEvent
19:48:10.911 [pool-2-thread-5 @coroutine#64] INFO  c.c.m.i.c.s.FakeIntegrationEventHandler - Executed FakeIntegrationEvent
19:48:10.911 [pool-2-thread-5 @coroutine#64] INFO  com.cillu.mediator.MediatorK - <<< Invoked com.cillu.mediator.integrationevents.config.single.FakeIntegrationEventHandler for event com.cillu.mediator.integrationevents.domain.FakeIntegrationEvent [id:579d8dd7-f5b2-4b17-a3f2-dd08a486acef]
19:48:10.911 [pool-2-thread-5 @coroutine#64] INFO  c.c.m.m.aws.AwsSqsConsumer - Processed com.cillu.mediator.integrationevents.domain.FakeIntegrationEvent
19:48:10.911 [pool-2-thread-5 @coroutine#64] INFO  c.c.m.m.aws.AwsSqsConsumer - Consumed com.cillu.mediator.integrationevents.domain.FakeIntegrationEvent [messageId=d8b122a2-835c-4d93-bcb9-6292b33d0a40]
19:48:10.911 [pool-2-thread-5 @coroutine#68] INFO  c.c.m.m.aws.AwsSqsConsumer - Deleting Message [messageId=d8b122a2-835c-4d93-bcb9-6292b33d0a40]
19:48:11.008 [pool-2-thread-5 @coroutine#68] INFO  c.c.m.m.aws.AwsSqsConsumer - Deleted Message [messageId=d8b122a2-835c-4d93-bcb9-6292b33d0a40]
19:48:11.009 [main @coroutine#67] INFO  c.c.m.m.aws.AwsSnsMessageBroker - Published  com.cillu.mediator.integrationevents.domain.PlutoIntegrationEvent on platform_topic [messageId:23a04397-efe1-5bbd-9ce1-1fdf374aa4a0]
19:48:11.009 [main] INFO  com.cillu.mediator.MediatorK - <<< Published com.cillu.mediator.integrationevents.domain.PlutoIntegrationEvent [id:de337ada-d71a-44d5-ab6c-58cde097ba29]
19:48:11.010 [pool-2-thread-1 @coroutine#66] INFO  c.c.m.m.aws.AwsSqsConsumer - Received com.cillu.mediator.integrationevents.domain.PippoIntegrationEvent [messageId=fed5be17-d0ba-49ec-a981-d25bd91ba88f]
19:48:11.010 [pool-2-thread-1 @coroutine#66] INFO  c.c.m.m.aws.AwsSqsConsumer - Consuming com.cillu.mediator.integrationevents.domain.PippoIntegrationEvent [messageId=fed5be17-d0ba-49ec-a981-d25bd91ba88f]
19:48:11.010 [pool-2-thread-1 @coroutine#66] INFO  c.c.m.m.aws.AwsSqsConsumer - Processing com.cillu.mediator.integrationevents.domain.PippoIntegrationEvent
19:48:11.010 [pool-2-thread-1 @coroutine#66] INFO  com.cillu.mediator.MediatorK - >>> Invoking com.cillu.mediator.integrationevents.config.multiple.PippoIntegrationEventHandler for event com.cillu.mediator.integrationevents.domain.PippoIntegrationEvent [id:9a5acdc5-9bad-462e-b3e7-ba5b0aa42b35]
19:48:11.010 [pool-2-thread-1 @coroutine#66] INFO  c.c.m.i.c.m.PippoIntegrationEventHandler - Executing PippoIntegrationEvent
19:48:11.010 [pool-2-thread-1 @coroutine#66] INFO  c.c.m.i.c.m.PippoIntegrationEventHandler - Executed PippoIntegrationEvent
19:48:11.011 [pool-2-thread-1 @coroutine#66] INFO  com.cillu.mediator.MediatorK - <<< Invoked com.cillu.mediator.integrationevents.config.multiple.PippoIntegrationEventHandler for event com.cillu.mediator.integrationevents.domain.PippoIntegrationEvent [id:9a5acdc5-9bad-462e-b3e7-ba5b0aa42b35]
19:48:11.011 [pool-2-thread-1 @coroutine#66] INFO  c.c.m.m.aws.AwsSqsConsumer - Processed com.cillu.mediator.integrationevents.domain.PippoIntegrationEvent
19:48:11.011 [pool-2-thread-1 @coroutine#66] INFO  c.c.m.m.aws.AwsSqsConsumer - Consumed com.cillu.mediator.integrationevents.domain.PippoIntegrationEvent [messageId=fed5be17-d0ba-49ec-a981-d25bd91ba88f]
19:48:11.011 [pool-2-thread-1 @coroutine#73] INFO  c.c.m.m.aws.AwsSqsConsumer - Deleting Message [messageId=fed5be17-d0ba-49ec-a981-d25bd91ba88f]
19:48:11.058 [pool-2-thread-4 @coroutine#69] INFO  c.c.m.m.aws.AwsSqsConsumer - Received com.cillu.mediator.integrationevents.domain.FilteredIntegrationEvent [messageId=88f29a54-40d9-4047-bc5e-c011afa1f12d]
19:48:11.058 [pool-2-thread-4 @coroutine#69] INFO  c.c.m.m.aws.AwsSqsConsumer - Consuming com.cillu.mediator.integrationevents.domain.FilteredIntegrationEvent [messageId=88f29a54-40d9-4047-bc5e-c011afa1f12d]
19:48:11.058 [pool-2-thread-4 @coroutine#69] INFO  c.c.m.m.aws.AwsSqsConsumer - Processing com.cillu.mediator.integrationevents.domain.FilteredIntegrationEvent
19:48:11.058 [pool-2-thread-4 @coroutine#69] INFO  c.c.m.m.aws.AwsSqsConsumer - Discarding event com.cillu.mediator.integrationevents.domain.FilteredIntegrationEvent:88f29a54-40d9-4047-bc5e-c011afa1f12d: com.cillu.mediator.exceptions.IntegrationEventHandlerNotFoundException: No IntegrationEventHandler found for the Integration Event com.cillu.mediator.integrationevents.domain.FilteredIntegrationEvent
19:48:11.059 [pool-2-thread-4 @coroutine#75] INFO  c.c.m.m.aws.AwsSqsConsumer - Deleting Message [messageId=88f29a54-40d9-4047-bc5e-c011afa1f12d]
19:48:11.063 [pool-2-thread-1 @coroutine#73] INFO  c.c.m.m.aws.AwsSqsConsumer - Deleted Message [messageId=fed5be17-d0ba-49ec-a981-d25bd91ba88f]
19:48:11.078 [pool-2-thread-2 @coroutine#72] INFO  c.c.m.m.aws.AwsSqsConsumer - Received com.cillu.mediator.integrationevents.domain.PlutoIntegrationEvent [messageId=0a1daf61-748b-4958-a526-f8462aee80d0]
19:48:11.078 [pool-2-thread-2 @coroutine#72] INFO  c.c.m.m.aws.AwsSqsConsumer - Consuming com.cillu.mediator.integrationevents.domain.PlutoIntegrationEvent [messageId=0a1daf61-748b-4958-a526-f8462aee80d0]
19:48:11.078 [pool-2-thread-2 @coroutine#72] INFO  c.c.m.m.aws.AwsSqsConsumer - Processing com.cillu.mediator.integrationevents.domain.PlutoIntegrationEvent
19:48:11.078 [pool-2-thread-2 @coroutine#72] INFO  com.cillu.mediator.MediatorK - >>> Invoking com.cillu.mediator.integrationevents.config.multiple.PlutoIntegrationEventHandler for event com.cillu.mediator.integrationevents.domain.PlutoIntegrationEvent [id:de337ada-d71a-44d5-ab6c-58cde097ba29]
19:48:11.078 [pool-2-thread-2 @coroutine#72] INFO  c.c.m.i.c.m.PlutoIntegrationEventHandler - Executing PlutoIntegrationEvent
19:48:11.078 [pool-2-thread-2 @coroutine#72] INFO  c.c.m.i.c.m.PlutoIntegrationEventHandler - Executed PlutoIntegrationEvent
19:48:11.078 [pool-2-thread-2 @coroutine#72] INFO  com.cillu.mediator.MediatorK - <<< Invoked com.cillu.mediator.integrationevents.config.multiple.PlutoIntegrationEventHandler for event com.cillu.mediator.integrationevents.domain.PlutoIntegrationEvent [id:de337ada-d71a-44d5-ab6c-58cde097ba29]
19:48:11.079 [pool-2-thread-2 @coroutine#72] INFO  c.c.m.m.aws.AwsSqsConsumer - Processed com.cillu.mediator.integrationevents.domain.PlutoIntegrationEvent
19:48:11.079 [pool-2-thread-2 @coroutine#72] INFO  c.c.m.m.aws.AwsSqsConsumer - Consumed com.cillu.mediator.integrationevents.domain.PlutoIntegrationEvent [messageId=0a1daf61-748b-4958-a526-f8462aee80d0]
19:48:11.079 [pool-2-thread-2 @coroutine#77] INFO  c.c.m.m.aws.AwsSqsConsumer - Deleting Message [messageId=0a1daf61-748b-4958-a526-f8462aee80d0]
19:48:11.113 [pool-2-thread-4 @coroutine#75] INFO  c.c.m.m.aws.AwsSqsConsumer - Deleted Message [messageId=88f29a54-40d9-4047-bc5e-c011afa1f12d]
19:48:11.131 [pool-2-thread-2 @coroutine#77] INFO  c.c.m.m.aws.AwsSqsConsumer - Deleted Message [messageId=0a1daf61-748b-4958-a526-f8462aee80d0]
]]></system-out>
  </testcase>
</testsuite>