<?xml version="1.0" encoding="UTF-8"?>
<testsuite xmlns:xsi="http://www.w3.org/2001/XMLSchema-instance" xsi:noNamespaceSchemaLocation="https://maven.apache.org/surefire/maven-failsafe-plugin/xsd/failsafe-test-report-3.0.xsd" version="3.0" name="com.cillu.mediator.integrationevents.awssns.AwsSnsIT" time="8.447" tests="1" errors="0" skipped="0" failures="0">
  <properties>
    <property name="java.specification.version" value="17"/>
    <property name="sun.jnu.encoding" value="UTF-8"/>
    <property name="java.class.path" value="/Users/fcilluffo/IdeaProjects/mediatork/mediatork/target/test-classes:/Users/fcilluffo/IdeaProjects/mediatork/mediatork/target/mediatork-1.0-SNAPSHOT.jar:/Users/fcilluffo/.m2/repository/org/jetbrains/kotlin/kotlin-reflect/1.7.22/kotlin-reflect-1.7.22.jar:/Users/fcilluffo/.m2/repository/org/jetbrains/kotlin/kotlin-stdlib/1.7.22/kotlin-stdlib-1.7.22.jar:/Users/fcilluffo/.m2/repository/org/jetbrains/annotations/13.0/annotations-13.0.jar:/Users/fcilluffo/.m2/repository/org/jetbrains/kotlin/kotlin-stdlib-jdk8/1.7.22/kotlin-stdlib-jdk8-1.7.22.jar:/Users/fcilluffo/.m2/repository/org/jetbrains/kotlin/kotlin-stdlib-jdk7/1.7.22/kotlin-stdlib-jdk7-1.7.22.jar:/Users/fcilluffo/.m2/repository/org/reflections/reflections/0.10.2/reflections-0.10.2.jar:/Users/fcilluffo/.m2/repository/org/javassist/javassist/3.28.0-GA/javassist-3.28.0-GA.jar:/Users/fcilluffo/.m2/repository/com/google/code/findbugs/jsr305/3.0.2/jsr305-3.0.2.jar:/Users/fcilluffo/.m2/repository/org/slf4j/slf4j-api/1.7.32/slf4j-api-1.7.32.jar:/Users/fcilluffo/.m2/repository/io/github/microutils/kotlin-logging-jvm/2.1.23/kotlin-logging-jvm-2.1.23.jar:/Users/fcilluffo/.m2/repository/org/jetbrains/kotlin/kotlin-stdlib-common/1.6.0/kotlin-stdlib-common-1.6.0.jar:/Users/fcilluffo/.m2/repository/ch/qos/logback/logback-classic/1.2.11/logback-classic-1.2.11.jar:/Users/fcilluffo/.m2/repository/ch/qos/logback/logback-core/1.2.11/logback-core-1.2.11.jar:/Users/fcilluffo/.m2/repository/org/springframework/boot/spring-boot-starter-actuator/2.7.2/spring-boot-starter-actuator-2.7.2.jar:/Users/fcilluffo/.m2/repository/org/springframework/boot/spring-boot-starter/2.7.2/spring-boot-starter-2.7.2.jar:/Users/fcilluffo/.m2/repository/org/springframework/boot/spring-boot/2.7.2/spring-boot-2.7.2.jar:/Users/fcilluffo/.m2/repository/org/springframework/boot/spring-boot-autoconfigure/2.7.2/spring-boot-autoconfigure-2.7.2.jar:/Users/fcilluffo/.m2/repository/org/springframework/boot/spring-boot-starter-logging/2.7.2/spring-boot-starter-logging-2.7.2.jar:/Users/fcilluffo/.m2/repository/org/apache/logging/log4j/log4j-to-slf4j/2.17.2/log4j-to-slf4j-2.17.2.jar:/Users/fcilluffo/.m2/repository/org/apache/logging/log4j/log4j-api/2.17.2/log4j-api-2.17.2.jar:/Users/fcilluffo/.m2/repository/org/slf4j/jul-to-slf4j/1.7.36/jul-to-slf4j-1.7.36.jar:/Users/fcilluffo/.m2/repository/jakarta/annotation/jakarta.annotation-api/1.3.5/jakarta.annotation-api-1.3.5.jar:/Users/fcilluffo/.m2/repository/org/springframework/boot/spring-boot-actuator-autoconfigure/2.7.2/spring-boot-actuator-autoconfigure-2.7.2.jar:/Users/fcilluffo/.m2/repository/org/springframework/boot/spring-boot-actuator/2.7.2/spring-boot-actuator-2.7.2.jar:/Users/fcilluffo/.m2/repository/com/fasterxml/jackson/core/jackson-databind/2.13.3/jackson-databind-2.13.3.jar:/Users/fcilluffo/.m2/repository/com/fasterxml/jackson/core/jackson-annotations/2.13.3/jackson-annotations-2.13.3.jar:/Users/fcilluffo/.m2/repository/com/fasterxml/jackson/core/jackson-core/2.13.3/jackson-core-2.13.3.jar:/Users/fcilluffo/.m2/repository/com/fasterxml/jackson/datatype/jackson-datatype-jsr310/2.13.3/jackson-datatype-jsr310-2.13.3.jar:/Users/fcilluffo/.m2/repository/io/micrometer/micrometer-core/1.9.2/micrometer-core-1.9.2.jar:/Users/fcilluffo/.m2/repository/org/hdrhistogram/HdrHistogram/2.1.12/HdrHistogram-2.1.12.jar:/Users/fcilluffo/.m2/repository/org/latencyutils/LatencyUtils/2.0.3/LatencyUtils-2.0.3.jar:/Users/fcilluffo/.m2/repository/org/springframework/boot/spring-boot-starter-web/2.7.2/spring-boot-starter-web-2.7.2.jar:/Users/fcilluffo/.m2/repository/org/springframework/boot/spring-boot-starter-json/2.7.2/spring-boot-starter-json-2.7.2.jar:/Users/fcilluffo/.m2/repository/com/fasterxml/jackson/datatype/jackson-datatype-jdk8/2.13.3/jackson-datatype-jdk8-2.13.3.jar:/Users/fcilluffo/.m2/repository/com/fasterxml/jackson/module/jackson-module-parameter-names/2.13.3/jackson-module-parameter-names-2.13.3.jar:/Users/fcilluffo/.m2/repository/org/springframework/boot/spring-boot-starter-tomcat/2.7.2/spring-boot-starter-tomcat-2.7.2.jar:/Users/fcilluffo/.m2/repository/org/apache/tomcat/embed/tomcat-embed-core/9.0.65/tomcat-embed-core-9.0.65.jar:/Users/fcilluffo/.m2/repository/org/apache/tomcat/embed/tomcat-embed-websocket/9.0.65/tomcat-embed-websocket-9.0.65.jar:/Users/fcilluffo/.m2/repository/org/springframework/spring-web/5.3.22/spring-web-5.3.22.jar:/Users/fcilluffo/.m2/repository/org/springframework/spring-beans/5.3.22/spring-beans-5.3.22.jar:/Users/fcilluffo/.m2/repository/org/springframework/spring-webmvc/5.3.22/spring-webmvc-5.3.22.jar:/Users/fcilluffo/.m2/repository/org/springframework/spring-aop/5.3.22/spring-aop-5.3.22.jar:/Users/fcilluffo/.m2/repository/org/springframework/spring-expression/5.3.22/spring-expression-5.3.22.jar:/Users/fcilluffo/.m2/repository/org/springframework/boot/spring-boot-starter-validation/2.7.2/spring-boot-starter-validation-2.7.2.jar:/Users/fcilluffo/.m2/repository/org/apache/tomcat/embed/tomcat-embed-el/9.0.65/tomcat-embed-el-9.0.65.jar:/Users/fcilluffo/.m2/repository/org/hibernate/validator/hibernate-validator/6.2.3.Final/hibernate-validator-6.2.3.Final.jar:/Users/fcilluffo/.m2/repository/jakarta/validation/jakarta.validation-api/2.0.2/jakarta.validation-api-2.0.2.jar:/Users/fcilluffo/.m2/repository/org/jboss/logging/jboss-logging/3.4.1.Final/jboss-logging-3.4.1.Final.jar:/Users/fcilluffo/.m2/repository/com/fasterxml/classmate/1.5.1/classmate-1.5.1.jar:/Users/fcilluffo/.m2/repository/org/springframework/boot/spring-boot-starter-test/2.7.2/spring-boot-starter-test-2.7.2.jar:/Users/fcilluffo/.m2/repository/org/springframework/boot/spring-boot-test/2.7.2/spring-boot-test-2.7.2.jar:/Users/fcilluffo/.m2/repository/org/springframework/boot/spring-boot-test-autoconfigure/2.7.2/spring-boot-test-autoconfigure-2.7.2.jar:/Users/fcilluffo/.m2/repository/com/jayway/jsonpath/json-path/2.7.0/json-path-2.7.0.jar:/Users/fcilluffo/.m2/repository/net/minidev/json-smart/2.4.7/json-smart-2.4.7.jar:/Users/fcilluffo/.m2/repository/net/minidev/accessors-smart/2.4.7/accessors-smart-2.4.7.jar:/Users/fcilluffo/.m2/repository/org/ow2/asm/asm/9.1/asm-9.1.jar:/Users/fcilluffo/.m2/repository/jakarta/xml/bind/jakarta.xml.bind-api/2.3.3/jakarta.xml.bind-api-2.3.3.jar:/Users/fcilluffo/.m2/repository/jakarta/activation/jakarta.activation-api/1.2.2/jakarta.activation-api-1.2.2.jar:/Users/fcilluffo/.m2/repository/org/assertj/assertj-core/3.22.0/assertj-core-3.22.0.jar:/Users/fcilluffo/.m2/repository/org/hamcrest/hamcrest/2.2/hamcrest-2.2.jar:/Users/fcilluffo/.m2/repository/org/mockito/mockito-core/4.5.1/mockito-core-4.5.1.jar:/Users/fcilluffo/.m2/repository/net/bytebuddy/byte-buddy/1.12.9/byte-buddy-1.12.9.jar:/Users/fcilluffo/.m2/repository/net/bytebuddy/byte-buddy-agent/1.12.9/byte-buddy-agent-1.12.9.jar:/Users/fcilluffo/.m2/repository/org/objenesis/objenesis/3.2/objenesis-3.2.jar:/Users/fcilluffo/.m2/repository/org/mockito/mockito-junit-jupiter/4.5.1/mockito-junit-jupiter-4.5.1.jar:/Users/fcilluffo/.m2/repository/org/skyscreamer/jsonassert/1.5.1/jsonassert-1.5.1.jar:/Users/fcilluffo/.m2/repository/com/vaadin/external/google/android-json/0.0.20131108.vaadin1/android-json-0.0.20131108.vaadin1.jar:/Users/fcilluffo/.m2/repository/org/springframework/spring-core/5.3.22/spring-core-5.3.22.jar:/Users/fcilluffo/.m2/repository/org/springframework/spring-jcl/5.3.22/spring-jcl-5.3.22.jar:/Users/fcilluffo/.m2/repository/org/springframework/spring-test/5.3.22/spring-test-5.3.22.jar:/Users/fcilluffo/.m2/repository/org/xmlunit/xmlunit-core/2.9.0/xmlunit-core-2.9.0.jar:/Users/fcilluffo/.m2/repository/com/google/code/gson/gson/2.9.1/gson-2.9.1.jar:/Users/fcilluffo/.m2/repository/com/ninja-squad/springmockk/3.1.1/springmockk-3.1.1.jar:/Users/fcilluffo/.m2/repository/io/mockk/mockk/1.12.1/mockk-1.12.1.jar:/Users/fcilluffo/.m2/repository/io/mockk/mockk-dsl-jvm/1.12.1/mockk-dsl-jvm-1.12.1.jar:/Users/fcilluffo/.m2/repository/io/mockk/mockk-dsl/1.12.1/mockk-dsl-1.12.1.jar:/Users/fcilluffo/.m2/repository/io/mockk/mockk-common/1.12.1/mockk-common-1.12.1.jar:/Users/fcilluffo/.m2/repository/io/mockk/mockk-agent-jvm/1.12.1/mockk-agent-jvm-1.12.1.jar:/Users/fcilluffo/.m2/repository/io/mockk/mockk-agent-api/1.12.1/mockk-agent-api-1.12.1.jar:/Users/fcilluffo/.m2/repository/io/mockk/mockk-agent-common/1.12.1/mockk-agent-common-1.12.1.jar:/Users/fcilluffo/.m2/repository/org/springframework/spring-context/5.3.1/spring-context-5.3.1.jar:/Users/fcilluffo/.m2/repository/org/junit/jupiter/junit-jupiter/5.4.0/junit-jupiter-5.4.0.jar:/Users/fcilluffo/.m2/repository/org/junit/jupiter/junit-jupiter-api/5.4.0/junit-jupiter-api-5.4.0.jar:/Users/fcilluffo/.m2/repository/org/apiguardian/apiguardian-api/1.0.0/apiguardian-api-1.0.0.jar:/Users/fcilluffo/.m2/repository/org/opentest4j/opentest4j/1.1.1/opentest4j-1.1.1.jar:/Users/fcilluffo/.m2/repository/org/junit/platform/junit-platform-commons/1.4.0/junit-platform-commons-1.4.0.jar:/Users/fcilluffo/.m2/repository/org/junit/jupiter/junit-jupiter-params/5.4.0/junit-jupiter-params-5.4.0.jar:/Users/fcilluffo/.m2/repository/org/junit/jupiter/junit-jupiter-engine/5.4.0/junit-jupiter-engine-5.4.0.jar:/Users/fcilluffo/.m2/repository/org/junit/platform/junit-platform-engine/1.4.0/junit-platform-engine-1.4.0.jar:/Users/fcilluffo/.m2/repository/org/jetbrains/kotlinx/kotlinx-coroutines-core-jvm/1.6.4/kotlinx-coroutines-core-jvm-1.6.4.jar:/Users/fcilluffo/.m2/repository/com/rabbitmq/amqp-client/5.15.0/amqp-client-5.15.0.jar:/Users/fcilluffo/.m2/repository/aws/sdk/kotlin/sns-jvm/0.19.2-beta/sns-jvm-0.19.2-beta.jar:/Users/fcilluffo/.m2/repository/aws/sdk/kotlin/aws-config-jvm/0.19.2-beta/aws-config-jvm-0.19.2-beta.jar:/Users/fcilluffo/.m2/repository/aws/smithy/kotlin/logging-jvm/0.14.2/logging-jvm-0.14.2.jar:/Users/fcilluffo/.m2/repository/aws/smithy/kotlin/hashing-jvm/0.14.2/hashing-jvm-0.14.2.jar:/Users/fcilluffo/.m2/repository/aws/smithy/kotlin/serde-json-jvm/0.14.2/serde-json-jvm-0.14.2.jar:/Users/fcilluffo/.m2/repository/aws/sdk/kotlin/aws-json-protocols-jvm/0.19.2-beta/aws-json-protocols-jvm-0.19.2-beta.jar:/Users/fcilluffo/.m2/repository/aws/sdk/kotlin/aws-core-jvm/0.19.2-beta/aws-core-jvm-0.19.2-beta.jar:/Users/fcilluffo/.m2/repository/aws/sdk/kotlin/aws-endpoint-jvm/0.19.2-beta/aws-endpoint-jvm-0.19.2-beta.jar:/Users/fcilluffo/.m2/repository/aws/smithy/kotlin/runtime-core-jvm/0.14.2/runtime-core-jvm-0.14.2.jar:/Users/fcilluffo/.m2/repository/aws/smithy/kotlin/tracing-core-jvm/0.14.2/tracing-core-jvm-0.14.2.jar:/Users/fcilluffo/.m2/repository/aws/smithy/kotlin/aws-credentials-jvm/0.14.2/aws-credentials-jvm-0.14.2.jar:/Users/fcilluffo/.m2/repository/aws/sdk/kotlin/aws-http-jvm/0.19.2-beta/aws-http-jvm-0.19.2-beta.jar:/Users/fcilluffo/.m2/repository/aws/smithy/kotlin/aws-signing-common-jvm/0.14.2/aws-signing-common-jvm-0.14.2.jar:/Users/fcilluffo/.m2/repository/aws/smithy/kotlin/aws-signing-default-jvm/0.14.2/aws-signing-default-jvm-0.14.2.jar:/Users/fcilluffo/.m2/repository/aws/sdk/kotlin/aws-xml-protocols-jvm/0.19.2-beta/aws-xml-protocols-jvm-0.19.2-beta.jar:/Users/fcilluffo/.m2/repository/aws/smithy/kotlin/http-jvm/0.14.2/http-jvm-0.14.2.jar:/Users/fcilluffo/.m2/repository/org/jetbrains/kotlinx/atomicfu-jvm/0.18.3/atomicfu-jvm-0.18.3.jar:/Users/fcilluffo/.m2/repository/aws/smithy/kotlin/http-client-engine-default-jvm/0.14.2/http-client-engine-default-jvm-0.14.2.jar:/Users/fcilluffo/.m2/repository/aws/smithy/kotlin/http-client-engine-okhttp-jvm/0.14.2/http-client-engine-okhttp-jvm-0.14.2.jar:/Users/fcilluffo/.m2/repository/com/squareup/okhttp3/okhttp-jvm/5.0.0-alpha.10/okhttp-jvm-5.0.0-alpha.10.jar:/Users/fcilluffo/.m2/repository/com/squareup/okhttp3/okhttp-coroutines-jvm/5.0.0-alpha.10/okhttp-coroutines-jvm-5.0.0-alpha.10.jar:/Users/fcilluffo/.m2/repository/aws/smithy/kotlin/io-jvm/0.14.2/io-jvm-0.14.2.jar:/Users/fcilluffo/.m2/repository/com/squareup/okio/okio-jvm/3.2.0/okio-jvm-3.2.0.jar:/Users/fcilluffo/.m2/repository/aws/smithy/kotlin/serde-jvm/0.14.2/serde-jvm-0.14.2.jar:/Users/fcilluffo/.m2/repository/aws/smithy/kotlin/serde-form-url-jvm/0.14.2/serde-form-url-jvm-0.14.2.jar:/Users/fcilluffo/.m2/repository/aws/smithy/kotlin/serde-xml-jvm/0.14.2/serde-xml-jvm-0.14.2.jar:/Users/fcilluffo/.m2/repository/aws/smithy/kotlin/utils-jvm/0.14.2/utils-jvm-0.14.2.jar:/Users/fcilluffo/.m2/repository/aws/sdk/kotlin/sqs-jvm/0.19.2-beta/sqs-jvm-0.19.2-beta.jar:/Users/fcilluffo/.m2/repository/org/mockito/kotlin/mockito-kotlin/4.0.0/mockito-kotlin-4.0.0.jar:/Users/fcilluffo/.m2/repository/com/sksamuel/hoplite/hoplite-core/2.4.0/hoplite-core-2.4.0.jar:/Users/fcilluffo/.m2/repository/com/sksamuel/hoplite/hoplite-yaml/2.4.0/hoplite-yaml-2.4.0.jar:/Users/fcilluffo/.m2/repository/org/yaml/snakeyaml/1.30/snakeyaml-1.30.jar:"/>
    <property name="java.vm.vendor" value="Oracle Corporation"/>
    <property name="sun.arch.data.model" value="64"/>
    <property name="java.vendor.url" value="https://java.oracle.com/"/>
    <property name="user.timezone" value="Europe/Rome"/>
    <property name="os.name" value="Mac OS X"/>
    <property name="java.vm.specification.version" value="17"/>
    <property name="sun.java.launcher" value="SUN_STANDARD"/>
    <property name="user.country" value="IT"/>
    <property name="sun.boot.library.path" value="/Users/fcilluffo/Library/Java/JavaVirtualMachines/openjdk-17.0.2/Contents/Home/lib"/>
    <property name="sun.java.command" value="/Users/fcilluffo/IdeaProjects/mediatork/mediatork/target/surefire/surefirebooter-20230123194659680_3.jar /Users/fcilluffo/IdeaProjects/mediatork/mediatork/target/surefire 2023-01-23T19-46-59_347-jvmRun1 surefire-20230123194659680_1tmp surefire_0-20230123194659680_2tmp"/>
    <property name="http.nonProxyHosts" value="local|*.local|169.254/16|*.169.254/16"/>
    <property name="jdk.debug" value="release"/>
    <property name="surefire.test.class.path" value="/Users/fcilluffo/IdeaProjects/mediatork/mediatork/target/test-classes:/Users/fcilluffo/IdeaProjects/mediatork/mediatork/target/mediatork-1.0-SNAPSHOT.jar:/Users/fcilluffo/.m2/repository/org/jetbrains/kotlin/kotlin-reflect/1.7.22/kotlin-reflect-1.7.22.jar:/Users/fcilluffo/.m2/repository/org/jetbrains/kotlin/kotlin-stdlib/1.7.22/kotlin-stdlib-1.7.22.jar:/Users/fcilluffo/.m2/repository/org/jetbrains/annotations/13.0/annotations-13.0.jar:/Users/fcilluffo/.m2/repository/org/jetbrains/kotlin/kotlin-stdlib-jdk8/1.7.22/kotlin-stdlib-jdk8-1.7.22.jar:/Users/fcilluffo/.m2/repository/org/jetbrains/kotlin/kotlin-stdlib-jdk7/1.7.22/kotlin-stdlib-jdk7-1.7.22.jar:/Users/fcilluffo/.m2/repository/org/reflections/reflections/0.10.2/reflections-0.10.2.jar:/Users/fcilluffo/.m2/repository/org/javassist/javassist/3.28.0-GA/javassist-3.28.0-GA.jar:/Users/fcilluffo/.m2/repository/com/google/code/findbugs/jsr305/3.0.2/jsr305-3.0.2.jar:/Users/fcilluffo/.m2/repository/org/slf4j/slf4j-api/1.7.32/slf4j-api-1.7.32.jar:/Users/fcilluffo/.m2/repository/io/github/microutils/kotlin-logging-jvm/2.1.23/kotlin-logging-jvm-2.1.23.jar:/Users/fcilluffo/.m2/repository/org/jetbrains/kotlin/kotlin-stdlib-common/1.6.0/kotlin-stdlib-common-1.6.0.jar:/Users/fcilluffo/.m2/repository/ch/qos/logback/logback-classic/1.2.11/logback-classic-1.2.11.jar:/Users/fcilluffo/.m2/repository/ch/qos/logback/logback-core/1.2.11/logback-core-1.2.11.jar:/Users/fcilluffo/.m2/repository/org/springframework/boot/spring-boot-starter-actuator/2.7.2/spring-boot-starter-actuator-2.7.2.jar:/Users/fcilluffo/.m2/repository/org/springframework/boot/spring-boot-starter/2.7.2/spring-boot-starter-2.7.2.jar:/Users/fcilluffo/.m2/repository/org/springframework/boot/spring-boot/2.7.2/spring-boot-2.7.2.jar:/Users/fcilluffo/.m2/repository/org/springframework/boot/spring-boot-autoconfigure/2.7.2/spring-boot-autoconfigure-2.7.2.jar:/Users/fcilluffo/.m2/repository/org/springframework/boot/spring-boot-starter-logging/2.7.2/spring-boot-starter-logging-2.7.2.jar:/Users/fcilluffo/.m2/repository/org/apache/logging/log4j/log4j-to-slf4j/2.17.2/log4j-to-slf4j-2.17.2.jar:/Users/fcilluffo/.m2/repository/org/apache/logging/log4j/log4j-api/2.17.2/log4j-api-2.17.2.jar:/Users/fcilluffo/.m2/repository/org/slf4j/jul-to-slf4j/1.7.36/jul-to-slf4j-1.7.36.jar:/Users/fcilluffo/.m2/repository/jakarta/annotation/jakarta.annotation-api/1.3.5/jakarta.annotation-api-1.3.5.jar:/Users/fcilluffo/.m2/repository/org/springframework/boot/spring-boot-actuator-autoconfigure/2.7.2/spring-boot-actuator-autoconfigure-2.7.2.jar:/Users/fcilluffo/.m2/repository/org/springframework/boot/spring-boot-actuator/2.7.2/spring-boot-actuator-2.7.2.jar:/Users/fcilluffo/.m2/repository/com/fasterxml/jackson/core/jackson-databind/2.13.3/jackson-databind-2.13.3.jar:/Users/fcilluffo/.m2/repository/com/fasterxml/jackson/core/jackson-annotations/2.13.3/jackson-annotations-2.13.3.jar:/Users/fcilluffo/.m2/repository/com/fasterxml/jackson/core/jackson-core/2.13.3/jackson-core-2.13.3.jar:/Users/fcilluffo/.m2/repository/com/fasterxml/jackson/datatype/jackson-datatype-jsr310/2.13.3/jackson-datatype-jsr310-2.13.3.jar:/Users/fcilluffo/.m2/repository/io/micrometer/micrometer-core/1.9.2/micrometer-core-1.9.2.jar:/Users/fcilluffo/.m2/repository/org/hdrhistogram/HdrHistogram/2.1.12/HdrHistogram-2.1.12.jar:/Users/fcilluffo/.m2/repository/org/latencyutils/LatencyUtils/2.0.3/LatencyUtils-2.0.3.jar:/Users/fcilluffo/.m2/repository/org/springframework/boot/spring-boot-starter-web/2.7.2/spring-boot-starter-web-2.7.2.jar:/Users/fcilluffo/.m2/repository/org/springframework/boot/spring-boot-starter-json/2.7.2/spring-boot-starter-json-2.7.2.jar:/Users/fcilluffo/.m2/repository/com/fasterxml/jackson/datatype/jackson-datatype-jdk8/2.13.3/jackson-datatype-jdk8-2.13.3.jar:/Users/fcilluffo/.m2/repository/com/fasterxml/jackson/module/jackson-module-parameter-names/2.13.3/jackson-module-parameter-names-2.13.3.jar:/Users/fcilluffo/.m2/repository/org/springframework/boot/spring-boot-starter-tomcat/2.7.2/spring-boot-starter-tomcat-2.7.2.jar:/Users/fcilluffo/.m2/repository/org/apache/tomcat/embed/tomcat-embed-core/9.0.65/tomcat-embed-core-9.0.65.jar:/Users/fcilluffo/.m2/repository/org/apache/tomcat/embed/tomcat-embed-websocket/9.0.65/tomcat-embed-websocket-9.0.65.jar:/Users/fcilluffo/.m2/repository/org/springframework/spring-web/5.3.22/spring-web-5.3.22.jar:/Users/fcilluffo/.m2/repository/org/springframework/spring-beans/5.3.22/spring-beans-5.3.22.jar:/Users/fcilluffo/.m2/repository/org/springframework/spring-webmvc/5.3.22/spring-webmvc-5.3.22.jar:/Users/fcilluffo/.m2/repository/org/springframework/spring-aop/5.3.22/spring-aop-5.3.22.jar:/Users/fcilluffo/.m2/repository/org/springframework/spring-expression/5.3.22/spring-expression-5.3.22.jar:/Users/fcilluffo/.m2/repository/org/springframework/boot/spring-boot-starter-validation/2.7.2/spring-boot-starter-validation-2.7.2.jar:/Users/fcilluffo/.m2/repository/org/apache/tomcat/embed/tomcat-embed-el/9.0.65/tomcat-embed-el-9.0.65.jar:/Users/fcilluffo/.m2/repository/org/hibernate/validator/hibernate-validator/6.2.3.Final/hibernate-validator-6.2.3.Final.jar:/Users/fcilluffo/.m2/repository/jakarta/validation/jakarta.validation-api/2.0.2/jakarta.validation-api-2.0.2.jar:/Users/fcilluffo/.m2/repository/org/jboss/logging/jboss-logging/3.4.1.Final/jboss-logging-3.4.1.Final.jar:/Users/fcilluffo/.m2/repository/com/fasterxml/classmate/1.5.1/classmate-1.5.1.jar:/Users/fcilluffo/.m2/repository/org/springframework/boot/spring-boot-starter-test/2.7.2/spring-boot-starter-test-2.7.2.jar:/Users/fcilluffo/.m2/repository/org/springframework/boot/spring-boot-test/2.7.2/spring-boot-test-2.7.2.jar:/Users/fcilluffo/.m2/repository/org/springframework/boot/spring-boot-test-autoconfigure/2.7.2/spring-boot-test-autoconfigure-2.7.2.jar:/Users/fcilluffo/.m2/repository/com/jayway/jsonpath/json-path/2.7.0/json-path-2.7.0.jar:/Users/fcilluffo/.m2/repository/net/minidev/json-smart/2.4.7/json-smart-2.4.7.jar:/Users/fcilluffo/.m2/repository/net/minidev/accessors-smart/2.4.7/accessors-smart-2.4.7.jar:/Users/fcilluffo/.m2/repository/org/ow2/asm/asm/9.1/asm-9.1.jar:/Users/fcilluffo/.m2/repository/jakarta/xml/bind/jakarta.xml.bind-api/2.3.3/jakarta.xml.bind-api-2.3.3.jar:/Users/fcilluffo/.m2/repository/jakarta/activation/jakarta.activation-api/1.2.2/jakarta.activation-api-1.2.2.jar:/Users/fcilluffo/.m2/repository/org/assertj/assertj-core/3.22.0/assertj-core-3.22.0.jar:/Users/fcilluffo/.m2/repository/org/hamcrest/hamcrest/2.2/hamcrest-2.2.jar:/Users/fcilluffo/.m2/repository/org/mockito/mockito-core/4.5.1/mockito-core-4.5.1.jar:/Users/fcilluffo/.m2/repository/net/bytebuddy/byte-buddy/1.12.9/byte-buddy-1.12.9.jar:/Users/fcilluffo/.m2/repository/net/bytebuddy/byte-buddy-agent/1.12.9/byte-buddy-agent-1.12.9.jar:/Users/fcilluffo/.m2/repository/org/objenesis/objenesis/3.2/objenesis-3.2.jar:/Users/fcilluffo/.m2/repository/org/mockito/mockito-junit-jupiter/4.5.1/mockito-junit-jupiter-4.5.1.jar:/Users/fcilluffo/.m2/repository/org/skyscreamer/jsonassert/1.5.1/jsonassert-1.5.1.jar:/Users/fcilluffo/.m2/repository/com/vaadin/external/google/android-json/0.0.20131108.vaadin1/android-json-0.0.20131108.vaadin1.jar:/Users/fcilluffo/.m2/repository/org/springframework/spring-core/5.3.22/spring-core-5.3.22.jar:/Users/fcilluffo/.m2/repository/org/springframework/spring-jcl/5.3.22/spring-jcl-5.3.22.jar:/Users/fcilluffo/.m2/repository/org/springframework/spring-test/5.3.22/spring-test-5.3.22.jar:/Users/fcilluffo/.m2/repository/org/xmlunit/xmlunit-core/2.9.0/xmlunit-core-2.9.0.jar:/Users/fcilluffo/.m2/repository/com/google/code/gson/gson/2.9.1/gson-2.9.1.jar:/Users/fcilluffo/.m2/repository/com/ninja-squad/springmockk/3.1.1/springmockk-3.1.1.jar:/Users/fcilluffo/.m2/repository/io/mockk/mockk/1.12.1/mockk-1.12.1.jar:/Users/fcilluffo/.m2/repository/io/mockk/mockk-dsl-jvm/1.12.1/mockk-dsl-jvm-1.12.1.jar:/Users/fcilluffo/.m2/repository/io/mockk/mockk-dsl/1.12.1/mockk-dsl-1.12.1.jar:/Users/fcilluffo/.m2/repository/io/mockk/mockk-common/1.12.1/mockk-common-1.12.1.jar:/Users/fcilluffo/.m2/repository/io/mockk/mockk-agent-jvm/1.12.1/mockk-agent-jvm-1.12.1.jar:/Users/fcilluffo/.m2/repository/io/mockk/mockk-agent-api/1.12.1/mockk-agent-api-1.12.1.jar:/Users/fcilluffo/.m2/repository/io/mockk/mockk-agent-common/1.12.1/mockk-agent-common-1.12.1.jar:/Users/fcilluffo/.m2/repository/org/springframework/spring-context/5.3.1/spring-context-5.3.1.jar:/Users/fcilluffo/.m2/repository/org/junit/jupiter/junit-jupiter/5.4.0/junit-jupiter-5.4.0.jar:/Users/fcilluffo/.m2/repository/org/junit/jupiter/junit-jupiter-api/5.4.0/junit-jupiter-api-5.4.0.jar:/Users/fcilluffo/.m2/repository/org/apiguardian/apiguardian-api/1.0.0/apiguardian-api-1.0.0.jar:/Users/fcilluffo/.m2/repository/org/opentest4j/opentest4j/1.1.1/opentest4j-1.1.1.jar:/Users/fcilluffo/.m2/repository/org/junit/platform/junit-platform-commons/1.4.0/junit-platform-commons-1.4.0.jar:/Users/fcilluffo/.m2/repository/org/junit/jupiter/junit-jupiter-params/5.4.0/junit-jupiter-params-5.4.0.jar:/Users/fcilluffo/.m2/repository/org/junit/jupiter/junit-jupiter-engine/5.4.0/junit-jupiter-engine-5.4.0.jar:/Users/fcilluffo/.m2/repository/org/junit/platform/junit-platform-engine/1.4.0/junit-platform-engine-1.4.0.jar:/Users/fcilluffo/.m2/repository/org/jetbrains/kotlinx/kotlinx-coroutines-core-jvm/1.6.4/kotlinx-coroutines-core-jvm-1.6.4.jar:/Users/fcilluffo/.m2/repository/com/rabbitmq/amqp-client/5.15.0/amqp-client-5.15.0.jar:/Users/fcilluffo/.m2/repository/aws/sdk/kotlin/sns-jvm/0.19.2-beta/sns-jvm-0.19.2-beta.jar:/Users/fcilluffo/.m2/repository/aws/sdk/kotlin/aws-config-jvm/0.19.2-beta/aws-config-jvm-0.19.2-beta.jar:/Users/fcilluffo/.m2/repository/aws/smithy/kotlin/logging-jvm/0.14.2/logging-jvm-0.14.2.jar:/Users/fcilluffo/.m2/repository/aws/smithy/kotlin/hashing-jvm/0.14.2/hashing-jvm-0.14.2.jar:/Users/fcilluffo/.m2/repository/aws/smithy/kotlin/serde-json-jvm/0.14.2/serde-json-jvm-0.14.2.jar:/Users/fcilluffo/.m2/repository/aws/sdk/kotlin/aws-json-protocols-jvm/0.19.2-beta/aws-json-protocols-jvm-0.19.2-beta.jar:/Users/fcilluffo/.m2/repository/aws/sdk/kotlin/aws-core-jvm/0.19.2-beta/aws-core-jvm-0.19.2-beta.jar:/Users/fcilluffo/.m2/repository/aws/sdk/kotlin/aws-endpoint-jvm/0.19.2-beta/aws-endpoint-jvm-0.19.2-beta.jar:/Users/fcilluffo/.m2/repository/aws/smithy/kotlin/runtime-core-jvm/0.14.2/runtime-core-jvm-0.14.2.jar:/Users/fcilluffo/.m2/repository/aws/smithy/kotlin/tracing-core-jvm/0.14.2/tracing-core-jvm-0.14.2.jar:/Users/fcilluffo/.m2/repository/aws/smithy/kotlin/aws-credentials-jvm/0.14.2/aws-credentials-jvm-0.14.2.jar:/Users/fcilluffo/.m2/repository/aws/sdk/kotlin/aws-http-jvm/0.19.2-beta/aws-http-jvm-0.19.2-beta.jar:/Users/fcilluffo/.m2/repository/aws/smithy/kotlin/aws-signing-common-jvm/0.14.2/aws-signing-common-jvm-0.14.2.jar:/Users/fcilluffo/.m2/repository/aws/smithy/kotlin/aws-signing-default-jvm/0.14.2/aws-signing-default-jvm-0.14.2.jar:/Users/fcilluffo/.m2/repository/aws/sdk/kotlin/aws-xml-protocols-jvm/0.19.2-beta/aws-xml-protocols-jvm-0.19.2-beta.jar:/Users/fcilluffo/.m2/repository/aws/smithy/kotlin/http-jvm/0.14.2/http-jvm-0.14.2.jar:/Users/fcilluffo/.m2/repository/org/jetbrains/kotlinx/atomicfu-jvm/0.18.3/atomicfu-jvm-0.18.3.jar:/Users/fcilluffo/.m2/repository/aws/smithy/kotlin/http-client-engine-default-jvm/0.14.2/http-client-engine-default-jvm-0.14.2.jar:/Users/fcilluffo/.m2/repository/aws/smithy/kotlin/http-client-engine-okhttp-jvm/0.14.2/http-client-engine-okhttp-jvm-0.14.2.jar:/Users/fcilluffo/.m2/repository/com/squareup/okhttp3/okhttp-jvm/5.0.0-alpha.10/okhttp-jvm-5.0.0-alpha.10.jar:/Users/fcilluffo/.m2/repository/com/squareup/okhttp3/okhttp-coroutines-jvm/5.0.0-alpha.10/okhttp-coroutines-jvm-5.0.0-alpha.10.jar:/Users/fcilluffo/.m2/repository/aws/smithy/kotlin/io-jvm/0.14.2/io-jvm-0.14.2.jar:/Users/fcilluffo/.m2/repository/com/squareup/okio/okio-jvm/3.2.0/okio-jvm-3.2.0.jar:/Users/fcilluffo/.m2/repository/aws/smithy/kotlin/serde-jvm/0.14.2/serde-jvm-0.14.2.jar:/Users/fcilluffo/.m2/repository/aws/smithy/kotlin/serde-form-url-jvm/0.14.2/serde-form-url-jvm-0.14.2.jar:/Users/fcilluffo/.m2/repository/aws/smithy/kotlin/serde-xml-jvm/0.14.2/serde-xml-jvm-0.14.2.jar:/Users/fcilluffo/.m2/repository/aws/smithy/kotlin/utils-jvm/0.14.2/utils-jvm-0.14.2.jar:/Users/fcilluffo/.m2/repository/aws/sdk/kotlin/sqs-jvm/0.19.2-beta/sqs-jvm-0.19.2-beta.jar:/Users/fcilluffo/.m2/repository/org/mockito/kotlin/mockito-kotlin/4.0.0/mockito-kotlin-4.0.0.jar:/Users/fcilluffo/.m2/repository/com/sksamuel/hoplite/hoplite-core/2.4.0/hoplite-core-2.4.0.jar:/Users/fcilluffo/.m2/repository/com/sksamuel/hoplite/hoplite-yaml/2.4.0/hoplite-yaml-2.4.0.jar:/Users/fcilluffo/.m2/repository/org/yaml/snakeyaml/1.30/snakeyaml-1.30.jar:"/>
    <property name="sun.cpu.endian" value="little"/>
    <property name="user.home" value="/Users/fcilluffo"/>
    <property name="user.language" value="it"/>
    <property name="java.specification.vendor" value="Oracle Corporation"/>
    <property name="java.version.date" value="2022-01-18"/>
    <property name="java.home" value="/Users/fcilluffo/Library/Java/JavaVirtualMachines/openjdk-17.0.2/Contents/Home"/>
    <property name="file.separator" value="/"/>
    <property name="basedir" value="/Users/fcilluffo/IdeaProjects/mediatork/mediatork"/>
    <property name="java.vm.compressedOopsMode" value="Zero based"/>
    <property name="line.separator" value="&#10;"/>
    <property name="java.specification.name" value="Java Platform API Specification"/>
    <property name="java.vm.specification.vendor" value="Oracle Corporation"/>
    <property name="surefire.real.class.path" value="/Users/fcilluffo/IdeaProjects/mediatork/mediatork/target/surefire/surefirebooter-20230123194659680_3.jar"/>
    <property name="sun.management.compiler" value="HotSpot 64-Bit Tiered Compilers"/>
    <property name="ftp.nonProxyHosts" value="local|*.local|169.254/16|*.169.254/16"/>
    <property name="java.runtime.version" value="17.0.2+8-86"/>
    <property name="user.name" value="fcilluffo"/>
    <property name="path.separator" value=":"/>
    <property name="os.version" value="12.6"/>
    <property name="java.runtime.name" value="OpenJDK Runtime Environment"/>
    <property name="file.encoding" value="UTF-8"/>
    <property name="java.vm.name" value="OpenJDK 64-Bit Server VM"/>
    <property name="localRepository" value="/Users/fcilluffo/.m2/repository"/>
    <property name="java.vendor.url.bug" value="https://bugreport.java.com/bugreport/"/>
    <property name="java.io.tmpdir" value="/var/folders/41/l8d9bp6j3396tfdv5sjlyb_00000gn/T/"/>
    <property name="java.version" value="17.0.2"/>
    <property name="user.dir" value="/Users/fcilluffo/IdeaProjects/mediatork/mediatork"/>
    <property name="os.arch" value="x86_64"/>
    <property name="java.vm.specification.name" value="Java Virtual Machine Specification"/>
    <property name="native.encoding" value="UTF-8"/>
    <property name="java.library.path" value="/Users/fcilluffo/Library/Java/Extensions:/Library/Java/Extensions:/Network/Library/Java/Extensions:/System/Library/Java/Extensions:/usr/lib/java:."/>
    <property name="java.vm.info" value="mixed mode, sharing"/>
    <property name="java.vendor" value="Oracle Corporation"/>
    <property name="java.vm.version" value="17.0.2+8-86"/>
    <property name="sun.io.unicode.encoding" value="UnicodeBig"/>
    <property name="socksNonProxyHosts" value="local|*.local|169.254/16|*.169.254/16"/>
    <property name="java.class.version" value="61.0"/>
  </properties>
  <testcase name="testPublishMultiple" classname="com.cillu.mediator.integrationevents.awssns.AwsSnsIT" time="8.434">
    <system-out><![CDATA[19:47:01.430 [main @coroutine#1] INFO  c.c.m.m.aws.AwsSnsMessageBroker - Creating Topic platform_topic on Region eu-west-1
19:47:02.037 [main @coroutine#1] INFO  c.c.m.m.aws.AwsSnsMessageBroker - Created Topic platform_topic on Region eu-west-1
19:47:02.037 [main @coroutine#1] INFO  c.c.m.m.aws.AwsSnsMessageBroker - Creating Queue microservice1 on Region eu-west-1
19:47:02.574 [main @coroutine#1] INFO  c.c.m.m.aws.AwsSnsMessageBroker - Created Queue microservice1 on Region eu-west-1
19:47:02.575 [main @coroutine#1] INFO  c.c.m.m.aws.AwsSnsMessageBroker - Creating DeadLetter Queue microservice1_dlq on Region eu-west-1
19:47:02.739 [main @coroutine#1] INFO  c.c.m.m.aws.AwsSnsMessageBroker - Created DeadLetter Queue microservice1_dlq on Region eu-west-1
19:47:02.739 [main @coroutine#1] INFO  c.c.m.m.aws.AwsSnsMessageBroker - Subscribing Queue microservice1 to the Topic arn:aws:sns:eu-west-1:217577495775:platform_topic
19:47:02.825 [main @coroutine#1] INFO  c.c.m.m.aws.AwsSnsMessageBroker - Subscribed Queue microservice1 to the Topic arn:aws:sns:eu-west-1:217577495775:platform_topic
19:47:02.826 [main @coroutine#1] INFO  c.c.m.m.aws.AwsSnsMessageBroker - Setting SQS Policies for Queue microservice1 and Topic arn:aws:sns:eu-west-1:217577495775:platform_topic
19:47:02.897 [main @coroutine#1] INFO  c.c.m.m.aws.AwsSnsMessageBroker - Set SQS Policies for Queue microservice1 and Topic arn:aws:sns:eu-west-1:217577495775:platform_topic
19:47:03.030 [main] INFO  org.reflections.Reflections - Reflections took 112 ms to scan 1 urls, producing 5 keys and 20 values
19:47:03.048 [main] INFO  c.c.m.m.IntegrationEventHandlersMapper - Registered handler class com.cillu.mediator.integrationevents.config.multiple.PippoIntegrationEventHandler for IntegrationEvent com.cillu.mediator.integrationevents.domain.PippoIntegrationEvent
19:47:03.049 [main] INFO  c.c.m.m.IntegrationEventHandlersMapper - Registered handler class com.cillu.mediator.integrationevents.config.multiple.PlutoIntegrationEventHandler for IntegrationEvent com.cillu.mediator.integrationevents.domain.PlutoIntegrationEvent
19:47:03.051 [main] INFO  c.c.m.m.IntegrationEventHandlersMapper - Registered handler class com.cillu.mediator.integrationevents.config.single.FakeIntegrationEventHandler for IntegrationEvent com.cillu.mediator.integrationevents.domain.FakeIntegrationEvent
19:47:03.051 [main] INFO  c.c.m.m.aws.AwsSnsMessageBroker - Launching messages Consumers for Queue https://sqs.eu-west-1.amazonaws.com/217577495775/microservice1
19:47:03.052 [pool-2-thread-2] INFO  c.c.m.m.aws.AwsSqsConsumer - Listening for IntegrationEvent on queue https://sqs.eu-west-1.amazonaws.com/217577495775/microservice1
19:47:03.052 [pool-2-thread-1] INFO  c.c.m.m.aws.AwsSqsConsumer - Listening for IntegrationEvent on queue https://sqs.eu-west-1.amazonaws.com/217577495775/microservice1
19:47:03.053 [pool-2-thread-3] INFO  c.c.m.m.aws.AwsSqsConsumer - Listening for IntegrationEvent on queue https://sqs.eu-west-1.amazonaws.com/217577495775/microservice1
19:47:03.053 [pool-2-thread-4] INFO  c.c.m.m.aws.AwsSqsConsumer - Listening for IntegrationEvent on queue https://sqs.eu-west-1.amazonaws.com/217577495775/microservice1
19:47:03.053 [main] INFO  c.c.m.m.aws.AwsSnsMessageBroker - Consumer Launched for Queue https://sqs.eu-west-1.amazonaws.com/217577495775/microservice1
19:47:03.053 [pool-2-thread-5] INFO  c.c.m.m.aws.AwsSqsConsumer - Listening for IntegrationEvent on queue https://sqs.eu-west-1.amazonaws.com/217577495775/microservice1
19:47:03.057 [main] INFO  com.cillu.mediator.MediatorK - >>> Publishing com.cillu.mediator.integrationevents.domain.FakeIntegrationEvent  [id:2ca183ce-60d2-47ad-80ca-5d88f17303fc]
19:47:03.058 [main @coroutine#16] INFO  c.c.m.m.aws.AwsSnsMessageBroker - Publishing  com.cillu.mediator.integrationevents.domain.FakeIntegrationEvent on platform_topic
19:47:03.190 [main @coroutine#16] INFO  c.c.m.m.aws.AwsSnsMessageBroker - Published  com.cillu.mediator.integrationevents.domain.FakeIntegrationEvent on platform_topic [messageId:3ff4db5d-295e-50f5-98a2-8715f139e98e]
19:47:03.191 [main] INFO  com.cillu.mediator.MediatorK - <<< Published com.cillu.mediator.integrationevents.domain.FakeIntegrationEvent [id:2ca183ce-60d2-47ad-80ca-5d88f17303fc]
19:47:03.191 [main] INFO  com.cillu.mediator.MediatorK - >>> Publishing com.cillu.mediator.integrationevents.domain.PippoIntegrationEvent  [id:583efa3a-5e6e-4d2a-9031-910c91404908]
19:47:03.191 [main @coroutine#17] INFO  c.c.m.m.aws.AwsSnsMessageBroker - Publishing  com.cillu.mediator.integrationevents.domain.PippoIntegrationEvent on platform_topic
19:47:03.255 [main @coroutine#17] INFO  c.c.m.m.aws.AwsSnsMessageBroker - Published  com.cillu.mediator.integrationevents.domain.PippoIntegrationEvent on platform_topic [messageId:da88ea88-b1a6-557f-80bc-b6c069c18c04]
19:47:03.256 [main] INFO  com.cillu.mediator.MediatorK - <<< Published com.cillu.mediator.integrationevents.domain.PippoIntegrationEvent [id:583efa3a-5e6e-4d2a-9031-910c91404908]
19:47:03.257 [main] INFO  com.cillu.mediator.MediatorK - >>> Publishing com.cillu.mediator.integrationevents.domain.FilteredIntegrationEvent  [id:d1dbdea4-f0c4-4fb3-8764-b538fc29d986]
19:47:03.257 [main @coroutine#19] INFO  c.c.m.m.aws.AwsSnsMessageBroker - Publishing  com.cillu.mediator.integrationevents.domain.FilteredIntegrationEvent on platform_topic
19:47:03.311 [main @coroutine#19] INFO  c.c.m.m.aws.AwsSnsMessageBroker - Published  com.cillu.mediator.integrationevents.domain.FilteredIntegrationEvent on platform_topic [messageId:916ee24d-1166-5b67-b73b-be05c901021c]
19:47:03.311 [main] INFO  com.cillu.mediator.MediatorK - <<< Published com.cillu.mediator.integrationevents.domain.FilteredIntegrationEvent [id:d1dbdea4-f0c4-4fb3-8764-b538fc29d986]
19:47:03.312 [main] INFO  com.cillu.mediator.MediatorK - >>> Publishing com.cillu.mediator.integrationevents.domain.PlutoIntegrationEvent  [id:abad7dfb-28c8-4a93-a794-7a66451b5839]
19:47:03.312 [main @coroutine#20] INFO  c.c.m.m.aws.AwsSnsMessageBroker - Publishing  com.cillu.mediator.integrationevents.domain.PlutoIntegrationEvent on platform_topic
19:47:03.335 [pool-2-thread-4 @coroutine#14] INFO  c.c.m.m.aws.AwsSqsConsumer - Received com.cillu.mediator.integrationevents.domain.FakeIntegrationEvent [messageId=aca08e59-e935-4430-b997-f61d0130cceb]
19:47:03.335 [pool-2-thread-4 @coroutine#14] INFO  c.c.m.m.aws.AwsSqsConsumer - Consuming com.cillu.mediator.integrationevents.domain.FakeIntegrationEvent [messageId=aca08e59-e935-4430-b997-f61d0130cceb]
19:47:03.335 [pool-2-thread-4 @coroutine#14] INFO  c.c.m.m.aws.AwsSqsConsumer - Processing com.cillu.mediator.integrationevents.domain.FakeIntegrationEvent
19:47:03.336 [pool-2-thread-4 @coroutine#14] INFO  com.cillu.mediator.MediatorK - >>> Invoking com.cillu.mediator.integrationevents.config.single.FakeIntegrationEventHandler for event com.cillu.mediator.integrationevents.domain.FakeIntegrationEvent [id:2ca183ce-60d2-47ad-80ca-5d88f17303fc]
19:47:03.336 [pool-2-thread-4 @coroutine#14] INFO  c.c.m.i.c.s.FakeIntegrationEventHandler - Executing FakeIntegrationEvent
19:47:03.336 [pool-2-thread-4 @coroutine#14] INFO  c.c.m.i.c.s.FakeIntegrationEventHandler - Executed FakeIntegrationEvent
19:47:03.337 [pool-2-thread-4 @coroutine#14] INFO  com.cillu.mediator.MediatorK - <<< Invoked com.cillu.mediator.integrationevents.config.single.FakeIntegrationEventHandler for event com.cillu.mediator.integrationevents.domain.FakeIntegrationEvent [id:2ca183ce-60d2-47ad-80ca-5d88f17303fc]
19:47:03.337 [pool-2-thread-4 @coroutine#14] INFO  c.c.m.m.aws.AwsSqsConsumer - Processed com.cillu.mediator.integrationevents.domain.FakeIntegrationEvent
19:47:03.337 [pool-2-thread-4 @coroutine#14] INFO  c.c.m.m.aws.AwsSqsConsumer - Consumed com.cillu.mediator.integrationevents.domain.FakeIntegrationEvent [messageId=aca08e59-e935-4430-b997-f61d0130cceb]
19:47:03.338 [pool-2-thread-4 @coroutine#21] INFO  c.c.m.m.aws.AwsSqsConsumer - Deleting Message [messageId=aca08e59-e935-4430-b997-f61d0130cceb]
19:47:03.349 [pool-2-thread-3 @coroutine#15] INFO  c.c.m.m.aws.AwsSqsConsumer - Received com.cillu.mediator.integrationevents.domain.FilteredIntegrationEvent [messageId=d89db153-7b09-4f56-80f9-3e576cf53e1f]
19:47:03.349 [pool-2-thread-3 @coroutine#15] INFO  c.c.m.m.aws.AwsSqsConsumer - Consuming com.cillu.mediator.integrationevents.domain.FilteredIntegrationEvent [messageId=d89db153-7b09-4f56-80f9-3e576cf53e1f]
19:47:03.349 [pool-2-thread-3 @coroutine#15] INFO  c.c.m.m.aws.AwsSqsConsumer - Processing com.cillu.mediator.integrationevents.domain.FilteredIntegrationEvent
19:47:03.350 [pool-2-thread-3 @coroutine#15] INFO  c.c.m.m.aws.AwsSqsConsumer - Discarding event com.cillu.mediator.integrationevents.domain.FilteredIntegrationEvent:d89db153-7b09-4f56-80f9-3e576cf53e1f: com.cillu.mediator.exceptions.IntegrationEventHandlerNotFoundException: No IntegrationEventHandler found for the Integration Event com.cillu.mediator.integrationevents.domain.FilteredIntegrationEvent
19:47:03.350 [pool-2-thread-3 @coroutine#22] INFO  c.c.m.m.aws.AwsSqsConsumer - Deleting Message [messageId=d89db153-7b09-4f56-80f9-3e576cf53e1f]
19:47:03.372 [main @coroutine#20] INFO  c.c.m.m.aws.AwsSnsMessageBroker - Published  com.cillu.mediator.integrationevents.domain.PlutoIntegrationEvent on platform_topic [messageId:bf7af2fc-cff3-5740-8518-aeb417945e3b]
19:47:03.372 [main] INFO  com.cillu.mediator.MediatorK - <<< Published com.cillu.mediator.integrationevents.domain.PlutoIntegrationEvent [id:abad7dfb-28c8-4a93-a794-7a66451b5839]
19:47:03.372 [main] INFO  com.cillu.mediator.MediatorK - >>> Publishing com.cillu.mediator.integrationevents.domain.FakeIntegrationEvent  [id:a17c7135-181e-4a39-9e60-5d3e3cc7aa76]
19:47:03.372 [main @coroutine#23] INFO  c.c.m.m.aws.AwsSnsMessageBroker - Publishing  com.cillu.mediator.integrationevents.domain.FakeIntegrationEvent on platform_topic
19:47:03.396 [pool-2-thread-4 @coroutine#21] INFO  c.c.m.m.aws.AwsSqsConsumer - Deleted Message [messageId=aca08e59-e935-4430-b997-f61d0130cceb]
19:47:03.397 [pool-2-thread-4 @coroutine#14] INFO  c.c.m.m.aws.AwsSqsConsumer - Received com.cillu.mediator.integrationevents.domain.PippoIntegrationEvent [messageId=ba1a05a3-703d-42e7-88c3-d6823653b328]
19:47:03.397 [pool-2-thread-4 @coroutine#14] INFO  c.c.m.m.aws.AwsSqsConsumer - Consuming com.cillu.mediator.integrationevents.domain.PippoIntegrationEvent [messageId=ba1a05a3-703d-42e7-88c3-d6823653b328]
19:47:03.397 [pool-2-thread-4 @coroutine#14] INFO  c.c.m.m.aws.AwsSqsConsumer - Processing com.cillu.mediator.integrationevents.domain.PippoIntegrationEvent
19:47:03.397 [pool-2-thread-4 @coroutine#14] INFO  com.cillu.mediator.MediatorK - >>> Invoking com.cillu.mediator.integrationevents.config.multiple.PippoIntegrationEventHandler for event com.cillu.mediator.integrationevents.domain.PippoIntegrationEvent [id:583efa3a-5e6e-4d2a-9031-910c91404908]
19:47:03.397 [pool-2-thread-4 @coroutine#14] INFO  c.c.m.i.c.m.PippoIntegrationEventHandler - Executing PippoIntegrationEvent
19:47:03.397 [pool-2-thread-4 @coroutine#14] INFO  c.c.m.i.c.m.PippoIntegrationEventHandler - Executed PippoIntegrationEvent
19:47:03.397 [pool-2-thread-4 @coroutine#14] INFO  com.cillu.mediator.MediatorK - <<< Invoked com.cillu.mediator.integrationevents.config.multiple.PippoIntegrationEventHandler for event com.cillu.mediator.integrationevents.domain.PippoIntegrationEvent [id:583efa3a-5e6e-4d2a-9031-910c91404908]
19:47:03.397 [pool-2-thread-4 @coroutine#14] INFO  c.c.m.m.aws.AwsSqsConsumer - Processed com.cillu.mediator.integrationevents.domain.PippoIntegrationEvent
19:47:03.398 [pool-2-thread-4 @coroutine#14] INFO  c.c.m.m.aws.AwsSqsConsumer - Consumed com.cillu.mediator.integrationevents.domain.PippoIntegrationEvent [messageId=ba1a05a3-703d-42e7-88c3-d6823653b328]
19:47:03.398 [pool-2-thread-4 @coroutine#27] INFO  c.c.m.m.aws.AwsSqsConsumer - Deleting Message [messageId=ba1a05a3-703d-42e7-88c3-d6823653b328]
19:47:03.403 [pool-2-thread-3 @coroutine#22] INFO  c.c.m.m.aws.AwsSqsConsumer - Deleted Message [messageId=d89db153-7b09-4f56-80f9-3e576cf53e1f]
19:47:03.429 [main @coroutine#23] INFO  c.c.m.m.aws.AwsSnsMessageBroker - Published  com.cillu.mediator.integrationevents.domain.FakeIntegrationEvent on platform_topic [messageId:028ea388-66e0-5104-ad3a-ffc0be87187f]
19:47:03.429 [main] INFO  com.cillu.mediator.MediatorK - <<< Published com.cillu.mediator.integrationevents.domain.FakeIntegrationEvent [id:a17c7135-181e-4a39-9e60-5d3e3cc7aa76]
19:47:03.429 [main] INFO  com.cillu.mediator.MediatorK - >>> Publishing com.cillu.mediator.integrationevents.domain.PippoIntegrationEvent  [id:68a6635c-8632-4d77-a20a-d3f32bdcc95b]
19:47:03.429 [main @coroutine#29] INFO  c.c.m.m.aws.AwsSnsMessageBroker - Publishing  com.cillu.mediator.integrationevents.domain.PippoIntegrationEvent on platform_topic
19:47:03.447 [pool-2-thread-4 @coroutine#27] INFO  c.c.m.m.aws.AwsSqsConsumer - Deleted Message [messageId=ba1a05a3-703d-42e7-88c3-d6823653b328]
19:47:03.462 [pool-2-thread-3 @coroutine#28] INFO  c.c.m.m.aws.AwsSqsConsumer - Received com.cillu.mediator.integrationevents.domain.PlutoIntegrationEvent [messageId=5357de06-565d-4662-90cf-281e3ba64495]
19:47:03.463 [pool-2-thread-3 @coroutine#28] INFO  c.c.m.m.aws.AwsSqsConsumer - Consuming com.cillu.mediator.integrationevents.domain.PlutoIntegrationEvent [messageId=5357de06-565d-4662-90cf-281e3ba64495]
19:47:03.463 [pool-2-thread-3 @coroutine#28] INFO  c.c.m.m.aws.AwsSqsConsumer - Processing com.cillu.mediator.integrationevents.domain.PlutoIntegrationEvent
19:47:03.463 [pool-2-thread-3 @coroutine#28] INFO  com.cillu.mediator.MediatorK - >>> Invoking com.cillu.mediator.integrationevents.config.multiple.PlutoIntegrationEventHandler for event com.cillu.mediator.integrationevents.domain.PlutoIntegrationEvent [id:abad7dfb-28c8-4a93-a794-7a66451b5839]
19:47:03.463 [pool-2-thread-3 @coroutine#28] INFO  c.c.m.i.c.m.PlutoIntegrationEventHandler - Executing PlutoIntegrationEvent
19:47:03.463 [pool-2-thread-3 @coroutine#28] INFO  c.c.m.i.c.m.PlutoIntegrationEventHandler - Executed PlutoIntegrationEvent
19:47:03.463 [pool-2-thread-3 @coroutine#28] INFO  com.cillu.mediator.MediatorK - <<< Invoked com.cillu.mediator.integrationevents.config.multiple.PlutoIntegrationEventHandler for event com.cillu.mediator.integrationevents.domain.PlutoIntegrationEvent [id:abad7dfb-28c8-4a93-a794-7a66451b5839]
19:47:03.463 [pool-2-thread-3 @coroutine#28] INFO  c.c.m.m.aws.AwsSqsConsumer - Processed com.cillu.mediator.integrationevents.domain.PlutoIntegrationEvent
19:47:03.463 [pool-2-thread-3 @coroutine#28] INFO  c.c.m.m.aws.AwsSqsConsumer - Consumed com.cillu.mediator.integrationevents.domain.PlutoIntegrationEvent [messageId=5357de06-565d-4662-90cf-281e3ba64495]
19:47:03.464 [pool-2-thread-3 @coroutine#31] INFO  c.c.m.m.aws.AwsSqsConsumer - Deleting Message [messageId=5357de06-565d-4662-90cf-281e3ba64495]
19:47:03.488 [main @coroutine#29] INFO  c.c.m.m.aws.AwsSnsMessageBroker - Published  com.cillu.mediator.integrationevents.domain.PippoIntegrationEvent on platform_topic [messageId:25ddd637-8643-5b5c-8add-8a7f5e244227]
19:47:03.488 [main] INFO  com.cillu.mediator.MediatorK - <<< Published com.cillu.mediator.integrationevents.domain.PippoIntegrationEvent [id:68a6635c-8632-4d77-a20a-d3f32bdcc95b]
19:47:03.488 [main] INFO  com.cillu.mediator.MediatorK - >>> Publishing com.cillu.mediator.integrationevents.domain.FilteredIntegrationEvent  [id:f2153a23-bdf5-46ac-b4c8-133aa8f14269]
19:47:03.488 [main @coroutine#35] INFO  c.c.m.m.aws.AwsSnsMessageBroker - Publishing  com.cillu.mediator.integrationevents.domain.FilteredIntegrationEvent on platform_topic
19:47:03.507 [pool-2-thread-4 @coroutine#30] INFO  c.c.m.m.aws.AwsSqsConsumer - Received com.cillu.mediator.integrationevents.domain.FakeIntegrationEvent [messageId=aac55888-2cfc-46ea-949a-1b69438ca184]
19:47:03.507 [pool-2-thread-4 @coroutine#30] INFO  c.c.m.m.aws.AwsSqsConsumer - Consuming com.cillu.mediator.integrationevents.domain.FakeIntegrationEvent [messageId=aac55888-2cfc-46ea-949a-1b69438ca184]
19:47:03.507 [pool-2-thread-4 @coroutine#30] INFO  c.c.m.m.aws.AwsSqsConsumer - Processing com.cillu.mediator.integrationevents.domain.FakeIntegrationEvent
19:47:03.507 [pool-2-thread-4 @coroutine#30] INFO  com.cillu.mediator.MediatorK - >>> Invoking com.cillu.mediator.integrationevents.config.single.FakeIntegrationEventHandler for event com.cillu.mediator.integrationevents.domain.FakeIntegrationEvent [id:a17c7135-181e-4a39-9e60-5d3e3cc7aa76]
19:47:03.507 [pool-2-thread-4 @coroutine#30] INFO  c.c.m.i.c.s.FakeIntegrationEventHandler - Executing FakeIntegrationEvent
19:47:03.507 [pool-2-thread-4 @coroutine#30] INFO  c.c.m.i.c.s.FakeIntegrationEventHandler - Executed FakeIntegrationEvent
19:47:03.507 [pool-2-thread-4 @coroutine#30] INFO  com.cillu.mediator.MediatorK - <<< Invoked com.cillu.mediator.integrationevents.config.single.FakeIntegrationEventHandler for event com.cillu.mediator.integrationevents.domain.FakeIntegrationEvent [id:a17c7135-181e-4a39-9e60-5d3e3cc7aa76]
19:47:03.508 [pool-2-thread-4 @coroutine#30] INFO  c.c.m.m.aws.AwsSqsConsumer - Processed com.cillu.mediator.integrationevents.domain.FakeIntegrationEvent
19:47:03.508 [pool-2-thread-4 @coroutine#30] INFO  c.c.m.m.aws.AwsSqsConsumer - Consumed com.cillu.mediator.integrationevents.domain.FakeIntegrationEvent [messageId=aac55888-2cfc-46ea-949a-1b69438ca184]
19:47:03.508 [pool-2-thread-4 @coroutine#36] INFO  c.c.m.m.aws.AwsSqsConsumer - Deleting Message [messageId=aac55888-2cfc-46ea-949a-1b69438ca184]
19:47:03.521 [pool-2-thread-3 @coroutine#31] INFO  c.c.m.m.aws.AwsSqsConsumer - Deleted Message [messageId=5357de06-565d-4662-90cf-281e3ba64495]
19:47:03.545 [main @coroutine#35] INFO  c.c.m.m.aws.AwsSnsMessageBroker - Published  com.cillu.mediator.integrationevents.domain.FilteredIntegrationEvent on platform_topic [messageId:10c82738-7479-576b-b54e-7b70ac1e6e10]
19:47:03.545 [main] INFO  com.cillu.mediator.MediatorK - <<< Published com.cillu.mediator.integrationevents.domain.FilteredIntegrationEvent [id:f2153a23-bdf5-46ac-b4c8-133aa8f14269]
19:47:03.545 [main] INFO  com.cillu.mediator.MediatorK - >>> Publishing com.cillu.mediator.integrationevents.domain.PlutoIntegrationEvent  [id:c3adecaa-9393-47a2-935f-28029897c537]
19:47:03.545 [main @coroutine#38] INFO  c.c.m.m.aws.AwsSnsMessageBroker - Publishing  com.cillu.mediator.integrationevents.domain.PlutoIntegrationEvent on platform_topic
19:47:03.561 [pool-2-thread-4 @coroutine#36] INFO  c.c.m.m.aws.AwsSqsConsumer - Deleted Message [messageId=aac55888-2cfc-46ea-949a-1b69438ca184]
19:47:03.589 [pool-2-thread-3 @coroutine#37] INFO  c.c.m.m.aws.AwsSqsConsumer - Received com.cillu.mediator.integrationevents.domain.PippoIntegrationEvent [messageId=ab274337-cba1-4842-80eb-a5b69a1cf762]
19:47:03.589 [pool-2-thread-3 @coroutine#37] INFO  c.c.m.m.aws.AwsSqsConsumer - Consuming com.cillu.mediator.integrationevents.domain.PippoIntegrationEvent [messageId=ab274337-cba1-4842-80eb-a5b69a1cf762]
19:47:03.589 [pool-2-thread-3 @coroutine#37] INFO  c.c.m.m.aws.AwsSqsConsumer - Processing com.cillu.mediator.integrationevents.domain.PippoIntegrationEvent
19:47:03.589 [pool-2-thread-3 @coroutine#37] INFO  com.cillu.mediator.MediatorK - >>> Invoking com.cillu.mediator.integrationevents.config.multiple.PippoIntegrationEventHandler for event com.cillu.mediator.integrationevents.domain.PippoIntegrationEvent [id:68a6635c-8632-4d77-a20a-d3f32bdcc95b]
19:47:03.589 [pool-2-thread-3 @coroutine#37] INFO  c.c.m.i.c.m.PippoIntegrationEventHandler - Executing PippoIntegrationEvent
19:47:03.589 [pool-2-thread-3 @coroutine#37] INFO  c.c.m.i.c.m.PippoIntegrationEventHandler - Executed PippoIntegrationEvent
19:47:03.590 [pool-2-thread-3 @coroutine#37] INFO  com.cillu.mediator.MediatorK - <<< Invoked com.cillu.mediator.integrationevents.config.multiple.PippoIntegrationEventHandler for event com.cillu.mediator.integrationevents.domain.PippoIntegrationEvent [id:68a6635c-8632-4d77-a20a-d3f32bdcc95b]
19:47:03.590 [pool-2-thread-3 @coroutine#37] INFO  c.c.m.m.aws.AwsSqsConsumer - Processed com.cillu.mediator.integrationevents.domain.PippoIntegrationEvent
19:47:03.590 [pool-2-thread-3 @coroutine#37] INFO  c.c.m.m.aws.AwsSqsConsumer - Consumed com.cillu.mediator.integrationevents.domain.PippoIntegrationEvent [messageId=ab274337-cba1-4842-80eb-a5b69a1cf762]
19:47:03.590 [pool-2-thread-3 @coroutine#42] INFO  c.c.m.m.aws.AwsSqsConsumer - Deleting Message [messageId=ab274337-cba1-4842-80eb-a5b69a1cf762]
19:47:03.601 [main @coroutine#38] INFO  c.c.m.m.aws.AwsSnsMessageBroker - Published  com.cillu.mediator.integrationevents.domain.PlutoIntegrationEvent on platform_topic [messageId:86b6bc42-1623-5866-add7-e00ace44411d]
19:47:03.602 [main] INFO  com.cillu.mediator.MediatorK - <<< Published com.cillu.mediator.integrationevents.domain.PlutoIntegrationEvent [id:c3adecaa-9393-47a2-935f-28029897c537]
19:47:03.602 [main] INFO  com.cillu.mediator.MediatorK - >>> Publishing com.cillu.mediator.integrationevents.domain.FakeIntegrationEvent  [id:ab5526ae-f120-47de-945b-543e2749ae6c]
19:47:03.602 [main @coroutine#43] INFO  c.c.m.m.aws.AwsSnsMessageBroker - Publishing  com.cillu.mediator.integrationevents.domain.FakeIntegrationEvent on platform_topic
19:47:03.620 [pool-2-thread-4 @coroutine#39] INFO  c.c.m.m.aws.AwsSqsConsumer - Received com.cillu.mediator.integrationevents.domain.FilteredIntegrationEvent [messageId=0e968fbf-0d88-45dd-9ad8-4f7d0d7b675c]
19:47:03.620 [pool-2-thread-4 @coroutine#39] INFO  c.c.m.m.aws.AwsSqsConsumer - Consuming com.cillu.mediator.integrationevents.domain.FilteredIntegrationEvent [messageId=0e968fbf-0d88-45dd-9ad8-4f7d0d7b675c]
19:47:03.620 [pool-2-thread-4 @coroutine#39] INFO  c.c.m.m.aws.AwsSqsConsumer - Processing com.cillu.mediator.integrationevents.domain.FilteredIntegrationEvent
19:47:03.620 [pool-2-thread-4 @coroutine#39] INFO  c.c.m.m.aws.AwsSqsConsumer - Discarding event com.cillu.mediator.integrationevents.domain.FilteredIntegrationEvent:0e968fbf-0d88-45dd-9ad8-4f7d0d7b675c: com.cillu.mediator.exceptions.IntegrationEventHandlerNotFoundException: No IntegrationEventHandler found for the Integration Event com.cillu.mediator.integrationevents.domain.FilteredIntegrationEvent
19:47:03.621 [pool-2-thread-4 @coroutine#44] INFO  c.c.m.m.aws.AwsSqsConsumer - Deleting Message [messageId=0e968fbf-0d88-45dd-9ad8-4f7d0d7b675c]
19:47:03.647 [pool-2-thread-3 @coroutine#42] INFO  c.c.m.m.aws.AwsSqsConsumer - Deleted Message [messageId=ab274337-cba1-4842-80eb-a5b69a1cf762]
19:47:03.658 [main @coroutine#43] INFO  c.c.m.m.aws.AwsSnsMessageBroker - Published  com.cillu.mediator.integrationevents.domain.FakeIntegrationEvent on platform_topic [messageId:efe20ae8-8a2e-535b-a006-56a05249da20]
19:47:03.658 [main] INFO  com.cillu.mediator.MediatorK - <<< Published com.cillu.mediator.integrationevents.domain.FakeIntegrationEvent [id:ab5526ae-f120-47de-945b-543e2749ae6c]
19:47:03.659 [main] INFO  com.cillu.mediator.MediatorK - >>> Publishing com.cillu.mediator.integrationevents.domain.PippoIntegrationEvent  [id:26392890-d67a-41ec-8b3c-455654da3650]
19:47:03.659 [main @coroutine#47] INFO  c.c.m.m.aws.AwsSnsMessageBroker - Publishing  com.cillu.mediator.integrationevents.domain.PippoIntegrationEvent on platform_topic
19:47:03.673 [pool-2-thread-4 @coroutine#44] INFO  c.c.m.m.aws.AwsSqsConsumer - Deleted Message [messageId=0e968fbf-0d88-45dd-9ad8-4f7d0d7b675c]
19:47:03.706 [pool-2-thread-3 @coroutine#46] INFO  c.c.m.m.aws.AwsSqsConsumer - Received com.cillu.mediator.integrationevents.domain.FakeIntegrationEvent [messageId=729d714c-9cc0-43a3-91e0-5130ae6b4231]
19:47:03.706 [pool-2-thread-3 @coroutine#46] INFO  c.c.m.m.aws.AwsSqsConsumer - Consuming com.cillu.mediator.integrationevents.domain.FakeIntegrationEvent [messageId=729d714c-9cc0-43a3-91e0-5130ae6b4231]
19:47:03.706 [pool-2-thread-3 @coroutine#46] INFO  c.c.m.m.aws.AwsSqsConsumer - Processing com.cillu.mediator.integrationevents.domain.FakeIntegrationEvent
19:47:03.707 [pool-2-thread-3 @coroutine#46] INFO  com.cillu.mediator.MediatorK - >>> Invoking com.cillu.mediator.integrationevents.config.single.FakeIntegrationEventHandler for event com.cillu.mediator.integrationevents.domain.FakeIntegrationEvent [id:ab5526ae-f120-47de-945b-543e2749ae6c]
19:47:03.707 [pool-2-thread-3 @coroutine#46] INFO  c.c.m.i.c.s.FakeIntegrationEventHandler - Executing FakeIntegrationEvent
19:47:03.707 [pool-2-thread-3 @coroutine#46] INFO  c.c.m.i.c.s.FakeIntegrationEventHandler - Executed FakeIntegrationEvent
19:47:03.707 [pool-2-thread-3 @coroutine#46] INFO  com.cillu.mediator.MediatorK - <<< Invoked com.cillu.mediator.integrationevents.config.single.FakeIntegrationEventHandler for event com.cillu.mediator.integrationevents.domain.FakeIntegrationEvent [id:ab5526ae-f120-47de-945b-543e2749ae6c]
19:47:03.707 [pool-2-thread-3 @coroutine#46] INFO  c.c.m.m.aws.AwsSqsConsumer - Processed com.cillu.mediator.integrationevents.domain.FakeIntegrationEvent
19:47:03.707 [pool-2-thread-3 @coroutine#46] INFO  c.c.m.m.aws.AwsSqsConsumer - Consumed com.cillu.mediator.integrationevents.domain.FakeIntegrationEvent [messageId=729d714c-9cc0-43a3-91e0-5130ae6b4231]
19:47:03.707 [pool-2-thread-3 @coroutine#51] INFO  c.c.m.m.aws.AwsSqsConsumer - Deleting Message [messageId=729d714c-9cc0-43a3-91e0-5130ae6b4231]
19:47:03.716 [main @coroutine#47] INFO  c.c.m.m.aws.AwsSnsMessageBroker - Published  com.cillu.mediator.integrationevents.domain.PippoIntegrationEvent on platform_topic [messageId:058e1f6a-7778-548c-ba56-4322af1fbdf7]
19:47:03.716 [main] INFO  com.cillu.mediator.MediatorK - <<< Published com.cillu.mediator.integrationevents.domain.PippoIntegrationEvent [id:26392890-d67a-41ec-8b3c-455654da3650]
19:47:03.716 [main] INFO  com.cillu.mediator.MediatorK - >>> Publishing com.cillu.mediator.integrationevents.domain.FilteredIntegrationEvent  [id:032aa574-2595-4bc0-9b29-3de09e1aa2ee]
19:47:03.717 [main @coroutine#52] INFO  c.c.m.m.aws.AwsSnsMessageBroker - Publishing  com.cillu.mediator.integrationevents.domain.FilteredIntegrationEvent on platform_topic
19:47:03.732 [pool-2-thread-4 @coroutine#48] INFO  c.c.m.m.aws.AwsSqsConsumer - Received com.cillu.mediator.integrationevents.domain.PlutoIntegrationEvent [messageId=7bd9fdbd-9eb1-4603-b5e8-ff5b5740b345]
19:47:03.732 [pool-2-thread-4 @coroutine#48] INFO  c.c.m.m.aws.AwsSqsConsumer - Consuming com.cillu.mediator.integrationevents.domain.PlutoIntegrationEvent [messageId=7bd9fdbd-9eb1-4603-b5e8-ff5b5740b345]
19:47:03.732 [pool-2-thread-4 @coroutine#48] INFO  c.c.m.m.aws.AwsSqsConsumer - Processing com.cillu.mediator.integrationevents.domain.PlutoIntegrationEvent
19:47:03.732 [pool-2-thread-4 @coroutine#48] INFO  com.cillu.mediator.MediatorK - >>> Invoking com.cillu.mediator.integrationevents.config.multiple.PlutoIntegrationEventHandler for event com.cillu.mediator.integrationevents.domain.PlutoIntegrationEvent [id:c3adecaa-9393-47a2-935f-28029897c537]
19:47:03.732 [pool-2-thread-4 @coroutine#48] INFO  c.c.m.i.c.m.PlutoIntegrationEventHandler - Executing PlutoIntegrationEvent
19:47:03.732 [pool-2-thread-4 @coroutine#48] INFO  c.c.m.i.c.m.PlutoIntegrationEventHandler - Executed PlutoIntegrationEvent
19:47:03.732 [pool-2-thread-4 @coroutine#48] INFO  com.cillu.mediator.MediatorK - <<< Invoked com.cillu.mediator.integrationevents.config.multiple.PlutoIntegrationEventHandler for event com.cillu.mediator.integrationevents.domain.PlutoIntegrationEvent [id:c3adecaa-9393-47a2-935f-28029897c537]
19:47:03.732 [pool-2-thread-4 @coroutine#48] INFO  c.c.m.m.aws.AwsSqsConsumer - Processed com.cillu.mediator.integrationevents.domain.PlutoIntegrationEvent
19:47:03.732 [pool-2-thread-4 @coroutine#48] INFO  c.c.m.m.aws.AwsSqsConsumer - Consumed com.cillu.mediator.integrationevents.domain.PlutoIntegrationEvent [messageId=7bd9fdbd-9eb1-4603-b5e8-ff5b5740b345]
19:47:03.733 [pool-2-thread-4 @coroutine#54] INFO  c.c.m.m.aws.AwsSqsConsumer - Deleting Message [messageId=7bd9fdbd-9eb1-4603-b5e8-ff5b5740b345]
19:47:03.740 [pool-2-thread-1 @coroutine#50] INFO  c.c.m.m.aws.AwsSqsConsumer - Received com.cillu.mediator.integrationevents.domain.PippoIntegrationEvent [messageId=4b956d24-072b-4b4b-9b2b-a630f877bea0]
19:47:03.741 [pool-2-thread-1 @coroutine#50] INFO  c.c.m.m.aws.AwsSqsConsumer - Consuming com.cillu.mediator.integrationevents.domain.PippoIntegrationEvent [messageId=4b956d24-072b-4b4b-9b2b-a630f877bea0]
19:47:03.741 [pool-2-thread-1 @coroutine#50] INFO  c.c.m.m.aws.AwsSqsConsumer - Processing com.cillu.mediator.integrationevents.domain.PippoIntegrationEvent
19:47:03.741 [pool-2-thread-1 @coroutine#50] INFO  com.cillu.mediator.MediatorK - >>> Invoking com.cillu.mediator.integrationevents.config.multiple.PippoIntegrationEventHandler for event com.cillu.mediator.integrationevents.domain.PippoIntegrationEvent [id:26392890-d67a-41ec-8b3c-455654da3650]
19:47:03.741 [pool-2-thread-1 @coroutine#50] INFO  c.c.m.i.c.m.PippoIntegrationEventHandler - Executing PippoIntegrationEvent
19:47:03.741 [pool-2-thread-1 @coroutine#50] INFO  c.c.m.i.c.m.PippoIntegrationEventHandler - Executed PippoIntegrationEvent
19:47:03.741 [pool-2-thread-1 @coroutine#50] INFO  com.cillu.mediator.MediatorK - <<< Invoked com.cillu.mediator.integrationevents.config.multiple.PippoIntegrationEventHandler for event com.cillu.mediator.integrationevents.domain.PippoIntegrationEvent [id:26392890-d67a-41ec-8b3c-455654da3650]
19:47:03.741 [pool-2-thread-1 @coroutine#50] INFO  c.c.m.m.aws.AwsSqsConsumer - Processed com.cillu.mediator.integrationevents.domain.PippoIntegrationEvent
19:47:03.741 [pool-2-thread-1 @coroutine#50] INFO  c.c.m.m.aws.AwsSqsConsumer - Consumed com.cillu.mediator.integrationevents.domain.PippoIntegrationEvent [messageId=4b956d24-072b-4b4b-9b2b-a630f877bea0]
19:47:03.741 [pool-2-thread-1 @coroutine#55] INFO  c.c.m.m.aws.AwsSqsConsumer - Deleting Message [messageId=4b956d24-072b-4b4b-9b2b-a630f877bea0]
19:47:03.762 [pool-2-thread-3 @coroutine#51] INFO  c.c.m.m.aws.AwsSqsConsumer - Deleted Message [messageId=729d714c-9cc0-43a3-91e0-5130ae6b4231]
19:47:03.776 [main @coroutine#52] INFO  c.c.m.m.aws.AwsSnsMessageBroker - Published  com.cillu.mediator.integrationevents.domain.FilteredIntegrationEvent on platform_topic [messageId:b7dd0905-e39f-5a0c-9c53-554d3bf8a377]
19:47:03.777 [main] INFO  com.cillu.mediator.MediatorK - <<< Published com.cillu.mediator.integrationevents.domain.FilteredIntegrationEvent [id:032aa574-2595-4bc0-9b29-3de09e1aa2ee]
19:47:03.777 [main] INFO  com.cillu.mediator.MediatorK - >>> Publishing com.cillu.mediator.integrationevents.domain.PlutoIntegrationEvent  [id:ce63c316-110a-46af-a689-196b3fe0c492]
19:47:03.777 [main @coroutine#57] INFO  c.c.m.m.aws.AwsSnsMessageBroker - Publishing  com.cillu.mediator.integrationevents.domain.PlutoIntegrationEvent on platform_topic
19:47:03.784 [pool-2-thread-4 @coroutine#54] INFO  c.c.m.m.aws.AwsSqsConsumer - Deleted Message [messageId=7bd9fdbd-9eb1-4603-b5e8-ff5b5740b345]
19:47:03.799 [pool-2-thread-1 @coroutine#55] INFO  c.c.m.m.aws.AwsSqsConsumer - Deleted Message [messageId=4b956d24-072b-4b4b-9b2b-a630f877bea0]
19:47:03.818 [pool-2-thread-3 @coroutine#56] INFO  c.c.m.m.aws.AwsSqsConsumer - Received com.cillu.mediator.integrationevents.domain.FilteredIntegrationEvent [messageId=13825f0a-5030-4f80-9b4b-f5bd178a0dc1]
19:47:03.818 [pool-2-thread-3 @coroutine#56] INFO  c.c.m.m.aws.AwsSqsConsumer - Consuming com.cillu.mediator.integrationevents.domain.FilteredIntegrationEvent [messageId=13825f0a-5030-4f80-9b4b-f5bd178a0dc1]
19:47:03.818 [pool-2-thread-3 @coroutine#56] INFO  c.c.m.m.aws.AwsSqsConsumer - Processing com.cillu.mediator.integrationevents.domain.FilteredIntegrationEvent
19:47:03.818 [pool-2-thread-3 @coroutine#56] INFO  c.c.m.m.aws.AwsSqsConsumer - Discarding event com.cillu.mediator.integrationevents.domain.FilteredIntegrationEvent:13825f0a-5030-4f80-9b4b-f5bd178a0dc1: com.cillu.mediator.exceptions.IntegrationEventHandlerNotFoundException: No IntegrationEventHandler found for the Integration Event com.cillu.mediator.integrationevents.domain.FilteredIntegrationEvent
19:47:03.819 [pool-2-thread-3 @coroutine#61] INFO  c.c.m.m.aws.AwsSqsConsumer - Deleting Message [messageId=13825f0a-5030-4f80-9b4b-f5bd178a0dc1]
19:47:03.833 [main @coroutine#57] INFO  c.c.m.m.aws.AwsSnsMessageBroker - Published  com.cillu.mediator.integrationevents.domain.PlutoIntegrationEvent on platform_topic [messageId:d984ac36-72c9-5053-9ae5-f07eaaae8928]
19:47:03.833 [main] INFO  com.cillu.mediator.MediatorK - <<< Published com.cillu.mediator.integrationevents.domain.PlutoIntegrationEvent [id:ce63c316-110a-46af-a689-196b3fe0c492]
19:47:03.860 [pool-2-thread-1 @coroutine#60] INFO  c.c.m.m.aws.AwsSqsConsumer - Received com.cillu.mediator.integrationevents.domain.PlutoIntegrationEvent [messageId=7127c94b-540f-4f65-8e88-5cb05e3e93e7]
19:47:03.861 [pool-2-thread-1 @coroutine#60] INFO  c.c.m.m.aws.AwsSqsConsumer - Consuming com.cillu.mediator.integrationevents.domain.PlutoIntegrationEvent [messageId=7127c94b-540f-4f65-8e88-5cb05e3e93e7]
19:47:03.861 [pool-2-thread-1 @coroutine#60] INFO  c.c.m.m.aws.AwsSqsConsumer - Processing com.cillu.mediator.integrationevents.domain.PlutoIntegrationEvent
19:47:03.861 [pool-2-thread-1 @coroutine#60] INFO  com.cillu.mediator.MediatorK - >>> Invoking com.cillu.mediator.integrationevents.config.multiple.PlutoIntegrationEventHandler for event com.cillu.mediator.integrationevents.domain.PlutoIntegrationEvent [id:ce63c316-110a-46af-a689-196b3fe0c492]
19:47:03.861 [pool-2-thread-1 @coroutine#60] INFO  c.c.m.i.c.m.PlutoIntegrationEventHandler - Executing PlutoIntegrationEvent
19:47:03.861 [pool-2-thread-1 @coroutine#60] INFO  c.c.m.i.c.m.PlutoIntegrationEventHandler - Executed PlutoIntegrationEvent
19:47:03.861 [pool-2-thread-1 @coroutine#60] INFO  com.cillu.mediator.MediatorK - <<< Invoked com.cillu.mediator.integrationevents.config.multiple.PlutoIntegrationEventHandler for event com.cillu.mediator.integrationevents.domain.PlutoIntegrationEvent [id:ce63c316-110a-46af-a689-196b3fe0c492]
19:47:03.861 [pool-2-thread-1 @coroutine#60] INFO  c.c.m.m.aws.AwsSqsConsumer - Processed com.cillu.mediator.integrationevents.domain.PlutoIntegrationEvent
19:47:03.861 [pool-2-thread-1 @coroutine#60] INFO  c.c.m.m.aws.AwsSqsConsumer - Consumed com.cillu.mediator.integrationevents.domain.PlutoIntegrationEvent [messageId=7127c94b-540f-4f65-8e88-5cb05e3e93e7]
19:47:03.861 [pool-2-thread-1 @coroutine#63] INFO  c.c.m.m.aws.AwsSqsConsumer - Deleting Message [messageId=7127c94b-540f-4f65-8e88-5cb05e3e93e7]
19:47:03.874 [pool-2-thread-3 @coroutine#61] INFO  c.c.m.m.aws.AwsSqsConsumer - Deleted Message [messageId=13825f0a-5030-4f80-9b4b-f5bd178a0dc1]
19:47:03.914 [pool-2-thread-1 @coroutine#63] INFO  c.c.m.m.aws.AwsSqsConsumer - Deleted Message [messageId=7127c94b-540f-4f65-8e88-5cb05e3e93e7]
]]></system-out>
  </testcase>
</testsuite>