<?xml version="1.0" encoding="UTF-8"?>
<testsuite xmlns:xsi="http://www.w3.org/2001/XMLSchema-instance" xsi:noNamespaceSchemaLocation="https://maven.apache.org/surefire/maven-failsafe-plugin/xsd/failsafe-test-report-3.0.xsd" version="3.0" name="com.cillu.mediator.integrationevents.rabbitmq.RabbitMqIT" time="3.213" tests="1" errors="0" skipped="0" failures="0">
  <properties>
    <property name="java.specification.version" value="17"/>
    <property name="sun.jnu.encoding" value="UTF-8"/>
    <property name="java.class.path" value="/Users/fcilluffo/IdeaProjects/mediatork/mediatork/target/test-classes:/Users/fcilluffo/IdeaProjects/mediatork/mediatork/target/mediatork-1.0-SNAPSHOT.jar:/Users/fcilluffo/.m2/repository/org/jetbrains/kotlin/kotlin-reflect/1.7.22/kotlin-reflect-1.7.22.jar:/Users/fcilluffo/.m2/repository/org/jetbrains/kotlin/kotlin-stdlib/1.7.22/kotlin-stdlib-1.7.22.jar:/Users/fcilluffo/.m2/repository/org/jetbrains/annotations/13.0/annotations-13.0.jar:/Users/fcilluffo/.m2/repository/org/jetbrains/kotlin/kotlin-stdlib-jdk8/1.7.22/kotlin-stdlib-jdk8-1.7.22.jar:/Users/fcilluffo/.m2/repository/org/jetbrains/kotlin/kotlin-stdlib-jdk7/1.7.22/kotlin-stdlib-jdk7-1.7.22.jar:/Users/fcilluffo/.m2/repository/org/reflections/reflections/0.10.2/reflections-0.10.2.jar:/Users/fcilluffo/.m2/repository/org/javassist/javassist/3.28.0-GA/javassist-3.28.0-GA.jar:/Users/fcilluffo/.m2/repository/com/google/code/findbugs/jsr305/3.0.2/jsr305-3.0.2.jar:/Users/fcilluffo/.m2/repository/org/slf4j/slf4j-api/1.7.32/slf4j-api-1.7.32.jar:/Users/fcilluffo/.m2/repository/io/github/microutils/kotlin-logging-jvm/2.1.23/kotlin-logging-jvm-2.1.23.jar:/Users/fcilluffo/.m2/repository/org/jetbrains/kotlin/kotlin-stdlib-common/1.6.0/kotlin-stdlib-common-1.6.0.jar:/Users/fcilluffo/.m2/repository/ch/qos/logback/logback-classic/1.2.11/logback-classic-1.2.11.jar:/Users/fcilluffo/.m2/repository/ch/qos/logback/logback-core/1.2.11/logback-core-1.2.11.jar:/Users/fcilluffo/.m2/repository/org/springframework/boot/spring-boot-starter-actuator/2.7.2/spring-boot-starter-actuator-2.7.2.jar:/Users/fcilluffo/.m2/repository/org/springframework/boot/spring-boot-starter/2.7.2/spring-boot-starter-2.7.2.jar:/Users/fcilluffo/.m2/repository/org/springframework/boot/spring-boot/2.7.2/spring-boot-2.7.2.jar:/Users/fcilluffo/.m2/repository/org/springframework/boot/spring-boot-autoconfigure/2.7.2/spring-boot-autoconfigure-2.7.2.jar:/Users/fcilluffo/.m2/repository/org/springframework/boot/spring-boot-starter-logging/2.7.2/spring-boot-starter-logging-2.7.2.jar:/Users/fcilluffo/.m2/repository/org/apache/logging/log4j/log4j-to-slf4j/2.17.2/log4j-to-slf4j-2.17.2.jar:/Users/fcilluffo/.m2/repository/org/apache/logging/log4j/log4j-api/2.17.2/log4j-api-2.17.2.jar:/Users/fcilluffo/.m2/repository/org/slf4j/jul-to-slf4j/1.7.36/jul-to-slf4j-1.7.36.jar:/Users/fcilluffo/.m2/repository/jakarta/annotation/jakarta.annotation-api/1.3.5/jakarta.annotation-api-1.3.5.jar:/Users/fcilluffo/.m2/repository/org/springframework/boot/spring-boot-actuator-autoconfigure/2.7.2/spring-boot-actuator-autoconfigure-2.7.2.jar:/Users/fcilluffo/.m2/repository/org/springframework/boot/spring-boot-actuator/2.7.2/spring-boot-actuator-2.7.2.jar:/Users/fcilluffo/.m2/repository/com/fasterxml/jackson/core/jackson-databind/2.13.3/jackson-databind-2.13.3.jar:/Users/fcilluffo/.m2/repository/com/fasterxml/jackson/core/jackson-annotations/2.13.3/jackson-annotations-2.13.3.jar:/Users/fcilluffo/.m2/repository/com/fasterxml/jackson/core/jackson-core/2.13.3/jackson-core-2.13.3.jar:/Users/fcilluffo/.m2/repository/com/fasterxml/jackson/datatype/jackson-datatype-jsr310/2.13.3/jackson-datatype-jsr310-2.13.3.jar:/Users/fcilluffo/.m2/repository/io/micrometer/micrometer-core/1.9.2/micrometer-core-1.9.2.jar:/Users/fcilluffo/.m2/repository/org/hdrhistogram/HdrHistogram/2.1.12/HdrHistogram-2.1.12.jar:/Users/fcilluffo/.m2/repository/org/latencyutils/LatencyUtils/2.0.3/LatencyUtils-2.0.3.jar:/Users/fcilluffo/.m2/repository/org/springframework/boot/spring-boot-starter-web/2.7.2/spring-boot-starter-web-2.7.2.jar:/Users/fcilluffo/.m2/repository/org/springframework/boot/spring-boot-starter-json/2.7.2/spring-boot-starter-json-2.7.2.jar:/Users/fcilluffo/.m2/repository/com/fasterxml/jackson/datatype/jackson-datatype-jdk8/2.13.3/jackson-datatype-jdk8-2.13.3.jar:/Users/fcilluffo/.m2/repository/com/fasterxml/jackson/module/jackson-module-parameter-names/2.13.3/jackson-module-parameter-names-2.13.3.jar:/Users/fcilluffo/.m2/repository/org/springframework/boot/spring-boot-starter-tomcat/2.7.2/spring-boot-starter-tomcat-2.7.2.jar:/Users/fcilluffo/.m2/repository/org/apache/tomcat/embed/tomcat-embed-core/9.0.65/tomcat-embed-core-9.0.65.jar:/Users/fcilluffo/.m2/repository/org/apache/tomcat/embed/tomcat-embed-websocket/9.0.65/tomcat-embed-websocket-9.0.65.jar:/Users/fcilluffo/.m2/repository/org/springframework/spring-web/5.3.22/spring-web-5.3.22.jar:/Users/fcilluffo/.m2/repository/org/springframework/spring-beans/5.3.22/spring-beans-5.3.22.jar:/Users/fcilluffo/.m2/repository/org/springframework/spring-webmvc/5.3.22/spring-webmvc-5.3.22.jar:/Users/fcilluffo/.m2/repository/org/springframework/spring-aop/5.3.22/spring-aop-5.3.22.jar:/Users/fcilluffo/.m2/repository/org/springframework/spring-expression/5.3.22/spring-expression-5.3.22.jar:/Users/fcilluffo/.m2/repository/org/springframework/boot/spring-boot-starter-validation/2.7.2/spring-boot-starter-validation-2.7.2.jar:/Users/fcilluffo/.m2/repository/org/apache/tomcat/embed/tomcat-embed-el/9.0.65/tomcat-embed-el-9.0.65.jar:/Users/fcilluffo/.m2/repository/org/hibernate/validator/hibernate-validator/6.2.3.Final/hibernate-validator-6.2.3.Final.jar:/Users/fcilluffo/.m2/repository/jakarta/validation/jakarta.validation-api/2.0.2/jakarta.validation-api-2.0.2.jar:/Users/fcilluffo/.m2/repository/org/jboss/logging/jboss-logging/3.4.1.Final/jboss-logging-3.4.1.Final.jar:/Users/fcilluffo/.m2/repository/com/fasterxml/classmate/1.5.1/classmate-1.5.1.jar:/Users/fcilluffo/.m2/repository/org/springframework/boot/spring-boot-starter-test/2.7.2/spring-boot-starter-test-2.7.2.jar:/Users/fcilluffo/.m2/repository/org/springframework/boot/spring-boot-test/2.7.2/spring-boot-test-2.7.2.jar:/Users/fcilluffo/.m2/repository/org/springframework/boot/spring-boot-test-autoconfigure/2.7.2/spring-boot-test-autoconfigure-2.7.2.jar:/Users/fcilluffo/.m2/repository/com/jayway/jsonpath/json-path/2.7.0/json-path-2.7.0.jar:/Users/fcilluffo/.m2/repository/net/minidev/json-smart/2.4.7/json-smart-2.4.7.jar:/Users/fcilluffo/.m2/repository/net/minidev/accessors-smart/2.4.7/accessors-smart-2.4.7.jar:/Users/fcilluffo/.m2/repository/org/ow2/asm/asm/9.1/asm-9.1.jar:/Users/fcilluffo/.m2/repository/jakarta/xml/bind/jakarta.xml.bind-api/2.3.3/jakarta.xml.bind-api-2.3.3.jar:/Users/fcilluffo/.m2/repository/jakarta/activation/jakarta.activation-api/1.2.2/jakarta.activation-api-1.2.2.jar:/Users/fcilluffo/.m2/repository/org/assertj/assertj-core/3.22.0/assertj-core-3.22.0.jar:/Users/fcilluffo/.m2/repository/org/hamcrest/hamcrest/2.2/hamcrest-2.2.jar:/Users/fcilluffo/.m2/repository/org/mockito/mockito-core/4.5.1/mockito-core-4.5.1.jar:/Users/fcilluffo/.m2/repository/net/bytebuddy/byte-buddy/1.12.9/byte-buddy-1.12.9.jar:/Users/fcilluffo/.m2/repository/net/bytebuddy/byte-buddy-agent/1.12.9/byte-buddy-agent-1.12.9.jar:/Users/fcilluffo/.m2/repository/org/objenesis/objenesis/3.2/objenesis-3.2.jar:/Users/fcilluffo/.m2/repository/org/mockito/mockito-junit-jupiter/4.5.1/mockito-junit-jupiter-4.5.1.jar:/Users/fcilluffo/.m2/repository/org/skyscreamer/jsonassert/1.5.1/jsonassert-1.5.1.jar:/Users/fcilluffo/.m2/repository/com/vaadin/external/google/android-json/0.0.20131108.vaadin1/android-json-0.0.20131108.vaadin1.jar:/Users/fcilluffo/.m2/repository/org/springframework/spring-core/5.3.22/spring-core-5.3.22.jar:/Users/fcilluffo/.m2/repository/org/springframework/spring-jcl/5.3.22/spring-jcl-5.3.22.jar:/Users/fcilluffo/.m2/repository/org/springframework/spring-test/5.3.22/spring-test-5.3.22.jar:/Users/fcilluffo/.m2/repository/org/xmlunit/xmlunit-core/2.9.0/xmlunit-core-2.9.0.jar:/Users/fcilluffo/.m2/repository/com/google/code/gson/gson/2.9.1/gson-2.9.1.jar:/Users/fcilluffo/.m2/repository/com/ninja-squad/springmockk/3.1.1/springmockk-3.1.1.jar:/Users/fcilluffo/.m2/repository/io/mockk/mockk/1.12.1/mockk-1.12.1.jar:/Users/fcilluffo/.m2/repository/io/mockk/mockk-dsl-jvm/1.12.1/mockk-dsl-jvm-1.12.1.jar:/Users/fcilluffo/.m2/repository/io/mockk/mockk-dsl/1.12.1/mockk-dsl-1.12.1.jar:/Users/fcilluffo/.m2/repository/io/mockk/mockk-common/1.12.1/mockk-common-1.12.1.jar:/Users/fcilluffo/.m2/repository/io/mockk/mockk-agent-jvm/1.12.1/mockk-agent-jvm-1.12.1.jar:/Users/fcilluffo/.m2/repository/io/mockk/mockk-agent-api/1.12.1/mockk-agent-api-1.12.1.jar:/Users/fcilluffo/.m2/repository/io/mockk/mockk-agent-common/1.12.1/mockk-agent-common-1.12.1.jar:/Users/fcilluffo/.m2/repository/org/springframework/spring-context/5.3.1/spring-context-5.3.1.jar:/Users/fcilluffo/.m2/repository/org/junit/jupiter/junit-jupiter/5.4.0/junit-jupiter-5.4.0.jar:/Users/fcilluffo/.m2/repository/org/junit/jupiter/junit-jupiter-api/5.4.0/junit-jupiter-api-5.4.0.jar:/Users/fcilluffo/.m2/repository/org/apiguardian/apiguardian-api/1.0.0/apiguardian-api-1.0.0.jar:/Users/fcilluffo/.m2/repository/org/opentest4j/opentest4j/1.1.1/opentest4j-1.1.1.jar:/Users/fcilluffo/.m2/repository/org/junit/platform/junit-platform-commons/1.4.0/junit-platform-commons-1.4.0.jar:/Users/fcilluffo/.m2/repository/org/junit/jupiter/junit-jupiter-params/5.4.0/junit-jupiter-params-5.4.0.jar:/Users/fcilluffo/.m2/repository/org/junit/jupiter/junit-jupiter-engine/5.4.0/junit-jupiter-engine-5.4.0.jar:/Users/fcilluffo/.m2/repository/org/junit/platform/junit-platform-engine/1.4.0/junit-platform-engine-1.4.0.jar:/Users/fcilluffo/.m2/repository/org/jetbrains/kotlinx/kotlinx-coroutines-core-jvm/1.6.4/kotlinx-coroutines-core-jvm-1.6.4.jar:/Users/fcilluffo/.m2/repository/com/rabbitmq/amqp-client/5.15.0/amqp-client-5.15.0.jar:/Users/fcilluffo/.m2/repository/aws/sdk/kotlin/sns-jvm/0.19.2-beta/sns-jvm-0.19.2-beta.jar:/Users/fcilluffo/.m2/repository/aws/sdk/kotlin/aws-config-jvm/0.19.2-beta/aws-config-jvm-0.19.2-beta.jar:/Users/fcilluffo/.m2/repository/aws/smithy/kotlin/logging-jvm/0.14.2/logging-jvm-0.14.2.jar:/Users/fcilluffo/.m2/repository/aws/smithy/kotlin/hashing-jvm/0.14.2/hashing-jvm-0.14.2.jar:/Users/fcilluffo/.m2/repository/aws/smithy/kotlin/serde-json-jvm/0.14.2/serde-json-jvm-0.14.2.jar:/Users/fcilluffo/.m2/repository/aws/sdk/kotlin/aws-json-protocols-jvm/0.19.2-beta/aws-json-protocols-jvm-0.19.2-beta.jar:/Users/fcilluffo/.m2/repository/aws/sdk/kotlin/aws-core-jvm/0.19.2-beta/aws-core-jvm-0.19.2-beta.jar:/Users/fcilluffo/.m2/repository/aws/sdk/kotlin/aws-endpoint-jvm/0.19.2-beta/aws-endpoint-jvm-0.19.2-beta.jar:/Users/fcilluffo/.m2/repository/aws/smithy/kotlin/runtime-core-jvm/0.14.2/runtime-core-jvm-0.14.2.jar:/Users/fcilluffo/.m2/repository/aws/smithy/kotlin/tracing-core-jvm/0.14.2/tracing-core-jvm-0.14.2.jar:/Users/fcilluffo/.m2/repository/aws/smithy/kotlin/aws-credentials-jvm/0.14.2/aws-credentials-jvm-0.14.2.jar:/Users/fcilluffo/.m2/repository/aws/sdk/kotlin/aws-http-jvm/0.19.2-beta/aws-http-jvm-0.19.2-beta.jar:/Users/fcilluffo/.m2/repository/aws/smithy/kotlin/aws-signing-common-jvm/0.14.2/aws-signing-common-jvm-0.14.2.jar:/Users/fcilluffo/.m2/repository/aws/smithy/kotlin/aws-signing-default-jvm/0.14.2/aws-signing-default-jvm-0.14.2.jar:/Users/fcilluffo/.m2/repository/aws/sdk/kotlin/aws-xml-protocols-jvm/0.19.2-beta/aws-xml-protocols-jvm-0.19.2-beta.jar:/Users/fcilluffo/.m2/repository/aws/smithy/kotlin/http-jvm/0.14.2/http-jvm-0.14.2.jar:/Users/fcilluffo/.m2/repository/org/jetbrains/kotlinx/atomicfu-jvm/0.18.3/atomicfu-jvm-0.18.3.jar:/Users/fcilluffo/.m2/repository/aws/smithy/kotlin/http-client-engine-default-jvm/0.14.2/http-client-engine-default-jvm-0.14.2.jar:/Users/fcilluffo/.m2/repository/aws/smithy/kotlin/http-client-engine-okhttp-jvm/0.14.2/http-client-engine-okhttp-jvm-0.14.2.jar:/Users/fcilluffo/.m2/repository/com/squareup/okhttp3/okhttp-jvm/5.0.0-alpha.10/okhttp-jvm-5.0.0-alpha.10.jar:/Users/fcilluffo/.m2/repository/com/squareup/okhttp3/okhttp-coroutines-jvm/5.0.0-alpha.10/okhttp-coroutines-jvm-5.0.0-alpha.10.jar:/Users/fcilluffo/.m2/repository/aws/smithy/kotlin/io-jvm/0.14.2/io-jvm-0.14.2.jar:/Users/fcilluffo/.m2/repository/com/squareup/okio/okio-jvm/3.2.0/okio-jvm-3.2.0.jar:/Users/fcilluffo/.m2/repository/aws/smithy/kotlin/serde-jvm/0.14.2/serde-jvm-0.14.2.jar:/Users/fcilluffo/.m2/repository/aws/smithy/kotlin/serde-form-url-jvm/0.14.2/serde-form-url-jvm-0.14.2.jar:/Users/fcilluffo/.m2/repository/aws/smithy/kotlin/serde-xml-jvm/0.14.2/serde-xml-jvm-0.14.2.jar:/Users/fcilluffo/.m2/repository/aws/smithy/kotlin/utils-jvm/0.14.2/utils-jvm-0.14.2.jar:/Users/fcilluffo/.m2/repository/aws/sdk/kotlin/sqs-jvm/0.19.2-beta/sqs-jvm-0.19.2-beta.jar:/Users/fcilluffo/.m2/repository/org/mockito/kotlin/mockito-kotlin/4.0.0/mockito-kotlin-4.0.0.jar:/Users/fcilluffo/.m2/repository/com/sksamuel/hoplite/hoplite-core/2.4.0/hoplite-core-2.4.0.jar:/Users/fcilluffo/.m2/repository/com/sksamuel/hoplite/hoplite-yaml/2.4.0/hoplite-yaml-2.4.0.jar:/Users/fcilluffo/.m2/repository/org/yaml/snakeyaml/1.30/snakeyaml-1.30.jar:"/>
    <property name="java.vm.vendor" value="Oracle Corporation"/>
    <property name="sun.arch.data.model" value="64"/>
    <property name="java.vendor.url" value="https://java.oracle.com/"/>
    <property name="user.timezone" value="Europe/Rome"/>
    <property name="os.name" value="Mac OS X"/>
    <property name="java.vm.specification.version" value="17"/>
    <property name="sun.java.launcher" value="SUN_STANDARD"/>
    <property name="user.country" value="IT"/>
    <property name="sun.boot.library.path" value="/Users/fcilluffo/Library/Java/JavaVirtualMachines/openjdk-17.0.2/Contents/Home/lib"/>
    <property name="sun.java.command" value="/Users/fcilluffo/IdeaProjects/mediatork/mediatork/target/surefire/surefirebooter-20230123194805788_3.jar /Users/fcilluffo/IdeaProjects/mediatork/mediatork/target/surefire 2023-01-23T19-48-05_398-jvmRun1 surefire-20230123194805788_1tmp surefire_0-20230123194805788_2tmp"/>
    <property name="http.nonProxyHosts" value="local|*.local|169.254/16|*.169.254/16"/>
    <property name="jdk.debug" value="release"/>
    <property name="surefire.test.class.path" value="/Users/fcilluffo/IdeaProjects/mediatork/mediatork/target/test-classes:/Users/fcilluffo/IdeaProjects/mediatork/mediatork/target/mediatork-1.0-SNAPSHOT.jar:/Users/fcilluffo/.m2/repository/org/jetbrains/kotlin/kotlin-reflect/1.7.22/kotlin-reflect-1.7.22.jar:/Users/fcilluffo/.m2/repository/org/jetbrains/kotlin/kotlin-stdlib/1.7.22/kotlin-stdlib-1.7.22.jar:/Users/fcilluffo/.m2/repository/org/jetbrains/annotations/13.0/annotations-13.0.jar:/Users/fcilluffo/.m2/repository/org/jetbrains/kotlin/kotlin-stdlib-jdk8/1.7.22/kotlin-stdlib-jdk8-1.7.22.jar:/Users/fcilluffo/.m2/repository/org/jetbrains/kotlin/kotlin-stdlib-jdk7/1.7.22/kotlin-stdlib-jdk7-1.7.22.jar:/Users/fcilluffo/.m2/repository/org/reflections/reflections/0.10.2/reflections-0.10.2.jar:/Users/fcilluffo/.m2/repository/org/javassist/javassist/3.28.0-GA/javassist-3.28.0-GA.jar:/Users/fcilluffo/.m2/repository/com/google/code/findbugs/jsr305/3.0.2/jsr305-3.0.2.jar:/Users/fcilluffo/.m2/repository/org/slf4j/slf4j-api/1.7.32/slf4j-api-1.7.32.jar:/Users/fcilluffo/.m2/repository/io/github/microutils/kotlin-logging-jvm/2.1.23/kotlin-logging-jvm-2.1.23.jar:/Users/fcilluffo/.m2/repository/org/jetbrains/kotlin/kotlin-stdlib-common/1.6.0/kotlin-stdlib-common-1.6.0.jar:/Users/fcilluffo/.m2/repository/ch/qos/logback/logback-classic/1.2.11/logback-classic-1.2.11.jar:/Users/fcilluffo/.m2/repository/ch/qos/logback/logback-core/1.2.11/logback-core-1.2.11.jar:/Users/fcilluffo/.m2/repository/org/springframework/boot/spring-boot-starter-actuator/2.7.2/spring-boot-starter-actuator-2.7.2.jar:/Users/fcilluffo/.m2/repository/org/springframework/boot/spring-boot-starter/2.7.2/spring-boot-starter-2.7.2.jar:/Users/fcilluffo/.m2/repository/org/springframework/boot/spring-boot/2.7.2/spring-boot-2.7.2.jar:/Users/fcilluffo/.m2/repository/org/springframework/boot/spring-boot-autoconfigure/2.7.2/spring-boot-autoconfigure-2.7.2.jar:/Users/fcilluffo/.m2/repository/org/springframework/boot/spring-boot-starter-logging/2.7.2/spring-boot-starter-logging-2.7.2.jar:/Users/fcilluffo/.m2/repository/org/apache/logging/log4j/log4j-to-slf4j/2.17.2/log4j-to-slf4j-2.17.2.jar:/Users/fcilluffo/.m2/repository/org/apache/logging/log4j/log4j-api/2.17.2/log4j-api-2.17.2.jar:/Users/fcilluffo/.m2/repository/org/slf4j/jul-to-slf4j/1.7.36/jul-to-slf4j-1.7.36.jar:/Users/fcilluffo/.m2/repository/jakarta/annotation/jakarta.annotation-api/1.3.5/jakarta.annotation-api-1.3.5.jar:/Users/fcilluffo/.m2/repository/org/springframework/boot/spring-boot-actuator-autoconfigure/2.7.2/spring-boot-actuator-autoconfigure-2.7.2.jar:/Users/fcilluffo/.m2/repository/org/springframework/boot/spring-boot-actuator/2.7.2/spring-boot-actuator-2.7.2.jar:/Users/fcilluffo/.m2/repository/com/fasterxml/jackson/core/jackson-databind/2.13.3/jackson-databind-2.13.3.jar:/Users/fcilluffo/.m2/repository/com/fasterxml/jackson/core/jackson-annotations/2.13.3/jackson-annotations-2.13.3.jar:/Users/fcilluffo/.m2/repository/com/fasterxml/jackson/core/jackson-core/2.13.3/jackson-core-2.13.3.jar:/Users/fcilluffo/.m2/repository/com/fasterxml/jackson/datatype/jackson-datatype-jsr310/2.13.3/jackson-datatype-jsr310-2.13.3.jar:/Users/fcilluffo/.m2/repository/io/micrometer/micrometer-core/1.9.2/micrometer-core-1.9.2.jar:/Users/fcilluffo/.m2/repository/org/hdrhistogram/HdrHistogram/2.1.12/HdrHistogram-2.1.12.jar:/Users/fcilluffo/.m2/repository/org/latencyutils/LatencyUtils/2.0.3/LatencyUtils-2.0.3.jar:/Users/fcilluffo/.m2/repository/org/springframework/boot/spring-boot-starter-web/2.7.2/spring-boot-starter-web-2.7.2.jar:/Users/fcilluffo/.m2/repository/org/springframework/boot/spring-boot-starter-json/2.7.2/spring-boot-starter-json-2.7.2.jar:/Users/fcilluffo/.m2/repository/com/fasterxml/jackson/datatype/jackson-datatype-jdk8/2.13.3/jackson-datatype-jdk8-2.13.3.jar:/Users/fcilluffo/.m2/repository/com/fasterxml/jackson/module/jackson-module-parameter-names/2.13.3/jackson-module-parameter-names-2.13.3.jar:/Users/fcilluffo/.m2/repository/org/springframework/boot/spring-boot-starter-tomcat/2.7.2/spring-boot-starter-tomcat-2.7.2.jar:/Users/fcilluffo/.m2/repository/org/apache/tomcat/embed/tomcat-embed-core/9.0.65/tomcat-embed-core-9.0.65.jar:/Users/fcilluffo/.m2/repository/org/apache/tomcat/embed/tomcat-embed-websocket/9.0.65/tomcat-embed-websocket-9.0.65.jar:/Users/fcilluffo/.m2/repository/org/springframework/spring-web/5.3.22/spring-web-5.3.22.jar:/Users/fcilluffo/.m2/repository/org/springframework/spring-beans/5.3.22/spring-beans-5.3.22.jar:/Users/fcilluffo/.m2/repository/org/springframework/spring-webmvc/5.3.22/spring-webmvc-5.3.22.jar:/Users/fcilluffo/.m2/repository/org/springframework/spring-aop/5.3.22/spring-aop-5.3.22.jar:/Users/fcilluffo/.m2/repository/org/springframework/spring-expression/5.3.22/spring-expression-5.3.22.jar:/Users/fcilluffo/.m2/repository/org/springframework/boot/spring-boot-starter-validation/2.7.2/spring-boot-starter-validation-2.7.2.jar:/Users/fcilluffo/.m2/repository/org/apache/tomcat/embed/tomcat-embed-el/9.0.65/tomcat-embed-el-9.0.65.jar:/Users/fcilluffo/.m2/repository/org/hibernate/validator/hibernate-validator/6.2.3.Final/hibernate-validator-6.2.3.Final.jar:/Users/fcilluffo/.m2/repository/jakarta/validation/jakarta.validation-api/2.0.2/jakarta.validation-api-2.0.2.jar:/Users/fcilluffo/.m2/repository/org/jboss/logging/jboss-logging/3.4.1.Final/jboss-logging-3.4.1.Final.jar:/Users/fcilluffo/.m2/repository/com/fasterxml/classmate/1.5.1/classmate-1.5.1.jar:/Users/fcilluffo/.m2/repository/org/springframework/boot/spring-boot-starter-test/2.7.2/spring-boot-starter-test-2.7.2.jar:/Users/fcilluffo/.m2/repository/org/springframework/boot/spring-boot-test/2.7.2/spring-boot-test-2.7.2.jar:/Users/fcilluffo/.m2/repository/org/springframework/boot/spring-boot-test-autoconfigure/2.7.2/spring-boot-test-autoconfigure-2.7.2.jar:/Users/fcilluffo/.m2/repository/com/jayway/jsonpath/json-path/2.7.0/json-path-2.7.0.jar:/Users/fcilluffo/.m2/repository/net/minidev/json-smart/2.4.7/json-smart-2.4.7.jar:/Users/fcilluffo/.m2/repository/net/minidev/accessors-smart/2.4.7/accessors-smart-2.4.7.jar:/Users/fcilluffo/.m2/repository/org/ow2/asm/asm/9.1/asm-9.1.jar:/Users/fcilluffo/.m2/repository/jakarta/xml/bind/jakarta.xml.bind-api/2.3.3/jakarta.xml.bind-api-2.3.3.jar:/Users/fcilluffo/.m2/repository/jakarta/activation/jakarta.activation-api/1.2.2/jakarta.activation-api-1.2.2.jar:/Users/fcilluffo/.m2/repository/org/assertj/assertj-core/3.22.0/assertj-core-3.22.0.jar:/Users/fcilluffo/.m2/repository/org/hamcrest/hamcrest/2.2/hamcrest-2.2.jar:/Users/fcilluffo/.m2/repository/org/mockito/mockito-core/4.5.1/mockito-core-4.5.1.jar:/Users/fcilluffo/.m2/repository/net/bytebuddy/byte-buddy/1.12.9/byte-buddy-1.12.9.jar:/Users/fcilluffo/.m2/repository/net/bytebuddy/byte-buddy-agent/1.12.9/byte-buddy-agent-1.12.9.jar:/Users/fcilluffo/.m2/repository/org/objenesis/objenesis/3.2/objenesis-3.2.jar:/Users/fcilluffo/.m2/repository/org/mockito/mockito-junit-jupiter/4.5.1/mockito-junit-jupiter-4.5.1.jar:/Users/fcilluffo/.m2/repository/org/skyscreamer/jsonassert/1.5.1/jsonassert-1.5.1.jar:/Users/fcilluffo/.m2/repository/com/vaadin/external/google/android-json/0.0.20131108.vaadin1/android-json-0.0.20131108.vaadin1.jar:/Users/fcilluffo/.m2/repository/org/springframework/spring-core/5.3.22/spring-core-5.3.22.jar:/Users/fcilluffo/.m2/repository/org/springframework/spring-jcl/5.3.22/spring-jcl-5.3.22.jar:/Users/fcilluffo/.m2/repository/org/springframework/spring-test/5.3.22/spring-test-5.3.22.jar:/Users/fcilluffo/.m2/repository/org/xmlunit/xmlunit-core/2.9.0/xmlunit-core-2.9.0.jar:/Users/fcilluffo/.m2/repository/com/google/code/gson/gson/2.9.1/gson-2.9.1.jar:/Users/fcilluffo/.m2/repository/com/ninja-squad/springmockk/3.1.1/springmockk-3.1.1.jar:/Users/fcilluffo/.m2/repository/io/mockk/mockk/1.12.1/mockk-1.12.1.jar:/Users/fcilluffo/.m2/repository/io/mockk/mockk-dsl-jvm/1.12.1/mockk-dsl-jvm-1.12.1.jar:/Users/fcilluffo/.m2/repository/io/mockk/mockk-dsl/1.12.1/mockk-dsl-1.12.1.jar:/Users/fcilluffo/.m2/repository/io/mockk/mockk-common/1.12.1/mockk-common-1.12.1.jar:/Users/fcilluffo/.m2/repository/io/mockk/mockk-agent-jvm/1.12.1/mockk-agent-jvm-1.12.1.jar:/Users/fcilluffo/.m2/repository/io/mockk/mockk-agent-api/1.12.1/mockk-agent-api-1.12.1.jar:/Users/fcilluffo/.m2/repository/io/mockk/mockk-agent-common/1.12.1/mockk-agent-common-1.12.1.jar:/Users/fcilluffo/.m2/repository/org/springframework/spring-context/5.3.1/spring-context-5.3.1.jar:/Users/fcilluffo/.m2/repository/org/junit/jupiter/junit-jupiter/5.4.0/junit-jupiter-5.4.0.jar:/Users/fcilluffo/.m2/repository/org/junit/jupiter/junit-jupiter-api/5.4.0/junit-jupiter-api-5.4.0.jar:/Users/fcilluffo/.m2/repository/org/apiguardian/apiguardian-api/1.0.0/apiguardian-api-1.0.0.jar:/Users/fcilluffo/.m2/repository/org/opentest4j/opentest4j/1.1.1/opentest4j-1.1.1.jar:/Users/fcilluffo/.m2/repository/org/junit/platform/junit-platform-commons/1.4.0/junit-platform-commons-1.4.0.jar:/Users/fcilluffo/.m2/repository/org/junit/jupiter/junit-jupiter-params/5.4.0/junit-jupiter-params-5.4.0.jar:/Users/fcilluffo/.m2/repository/org/junit/jupiter/junit-jupiter-engine/5.4.0/junit-jupiter-engine-5.4.0.jar:/Users/fcilluffo/.m2/repository/org/junit/platform/junit-platform-engine/1.4.0/junit-platform-engine-1.4.0.jar:/Users/fcilluffo/.m2/repository/org/jetbrains/kotlinx/kotlinx-coroutines-core-jvm/1.6.4/kotlinx-coroutines-core-jvm-1.6.4.jar:/Users/fcilluffo/.m2/repository/com/rabbitmq/amqp-client/5.15.0/amqp-client-5.15.0.jar:/Users/fcilluffo/.m2/repository/aws/sdk/kotlin/sns-jvm/0.19.2-beta/sns-jvm-0.19.2-beta.jar:/Users/fcilluffo/.m2/repository/aws/sdk/kotlin/aws-config-jvm/0.19.2-beta/aws-config-jvm-0.19.2-beta.jar:/Users/fcilluffo/.m2/repository/aws/smithy/kotlin/logging-jvm/0.14.2/logging-jvm-0.14.2.jar:/Users/fcilluffo/.m2/repository/aws/smithy/kotlin/hashing-jvm/0.14.2/hashing-jvm-0.14.2.jar:/Users/fcilluffo/.m2/repository/aws/smithy/kotlin/serde-json-jvm/0.14.2/serde-json-jvm-0.14.2.jar:/Users/fcilluffo/.m2/repository/aws/sdk/kotlin/aws-json-protocols-jvm/0.19.2-beta/aws-json-protocols-jvm-0.19.2-beta.jar:/Users/fcilluffo/.m2/repository/aws/sdk/kotlin/aws-core-jvm/0.19.2-beta/aws-core-jvm-0.19.2-beta.jar:/Users/fcilluffo/.m2/repository/aws/sdk/kotlin/aws-endpoint-jvm/0.19.2-beta/aws-endpoint-jvm-0.19.2-beta.jar:/Users/fcilluffo/.m2/repository/aws/smithy/kotlin/runtime-core-jvm/0.14.2/runtime-core-jvm-0.14.2.jar:/Users/fcilluffo/.m2/repository/aws/smithy/kotlin/tracing-core-jvm/0.14.2/tracing-core-jvm-0.14.2.jar:/Users/fcilluffo/.m2/repository/aws/smithy/kotlin/aws-credentials-jvm/0.14.2/aws-credentials-jvm-0.14.2.jar:/Users/fcilluffo/.m2/repository/aws/sdk/kotlin/aws-http-jvm/0.19.2-beta/aws-http-jvm-0.19.2-beta.jar:/Users/fcilluffo/.m2/repository/aws/smithy/kotlin/aws-signing-common-jvm/0.14.2/aws-signing-common-jvm-0.14.2.jar:/Users/fcilluffo/.m2/repository/aws/smithy/kotlin/aws-signing-default-jvm/0.14.2/aws-signing-default-jvm-0.14.2.jar:/Users/fcilluffo/.m2/repository/aws/sdk/kotlin/aws-xml-protocols-jvm/0.19.2-beta/aws-xml-protocols-jvm-0.19.2-beta.jar:/Users/fcilluffo/.m2/repository/aws/smithy/kotlin/http-jvm/0.14.2/http-jvm-0.14.2.jar:/Users/fcilluffo/.m2/repository/org/jetbrains/kotlinx/atomicfu-jvm/0.18.3/atomicfu-jvm-0.18.3.jar:/Users/fcilluffo/.m2/repository/aws/smithy/kotlin/http-client-engine-default-jvm/0.14.2/http-client-engine-default-jvm-0.14.2.jar:/Users/fcilluffo/.m2/repository/aws/smithy/kotlin/http-client-engine-okhttp-jvm/0.14.2/http-client-engine-okhttp-jvm-0.14.2.jar:/Users/fcilluffo/.m2/repository/com/squareup/okhttp3/okhttp-jvm/5.0.0-alpha.10/okhttp-jvm-5.0.0-alpha.10.jar:/Users/fcilluffo/.m2/repository/com/squareup/okhttp3/okhttp-coroutines-jvm/5.0.0-alpha.10/okhttp-coroutines-jvm-5.0.0-alpha.10.jar:/Users/fcilluffo/.m2/repository/aws/smithy/kotlin/io-jvm/0.14.2/io-jvm-0.14.2.jar:/Users/fcilluffo/.m2/repository/com/squareup/okio/okio-jvm/3.2.0/okio-jvm-3.2.0.jar:/Users/fcilluffo/.m2/repository/aws/smithy/kotlin/serde-jvm/0.14.2/serde-jvm-0.14.2.jar:/Users/fcilluffo/.m2/repository/aws/smithy/kotlin/serde-form-url-jvm/0.14.2/serde-form-url-jvm-0.14.2.jar:/Users/fcilluffo/.m2/repository/aws/smithy/kotlin/serde-xml-jvm/0.14.2/serde-xml-jvm-0.14.2.jar:/Users/fcilluffo/.m2/repository/aws/smithy/kotlin/utils-jvm/0.14.2/utils-jvm-0.14.2.jar:/Users/fcilluffo/.m2/repository/aws/sdk/kotlin/sqs-jvm/0.19.2-beta/sqs-jvm-0.19.2-beta.jar:/Users/fcilluffo/.m2/repository/org/mockito/kotlin/mockito-kotlin/4.0.0/mockito-kotlin-4.0.0.jar:/Users/fcilluffo/.m2/repository/com/sksamuel/hoplite/hoplite-core/2.4.0/hoplite-core-2.4.0.jar:/Users/fcilluffo/.m2/repository/com/sksamuel/hoplite/hoplite-yaml/2.4.0/hoplite-yaml-2.4.0.jar:/Users/fcilluffo/.m2/repository/org/yaml/snakeyaml/1.30/snakeyaml-1.30.jar:"/>
    <property name="sun.cpu.endian" value="little"/>
    <property name="user.home" value="/Users/fcilluffo"/>
    <property name="user.language" value="it"/>
    <property name="java.specification.vendor" value="Oracle Corporation"/>
    <property name="java.version.date" value="2022-01-18"/>
    <property name="java.home" value="/Users/fcilluffo/Library/Java/JavaVirtualMachines/openjdk-17.0.2/Contents/Home"/>
    <property name="file.separator" value="/"/>
    <property name="basedir" value="/Users/fcilluffo/IdeaProjects/mediatork/mediatork"/>
    <property name="java.vm.compressedOopsMode" value="Zero based"/>
    <property name="line.separator" value="&#10;"/>
    <property name="java.specification.name" value="Java Platform API Specification"/>
    <property name="java.vm.specification.vendor" value="Oracle Corporation"/>
    <property name="surefire.real.class.path" value="/Users/fcilluffo/IdeaProjects/mediatork/mediatork/target/surefire/surefirebooter-20230123194805788_3.jar"/>
    <property name="sun.management.compiler" value="HotSpot 64-Bit Tiered Compilers"/>
    <property name="ftp.nonProxyHosts" value="local|*.local|169.254/16|*.169.254/16"/>
    <property name="java.runtime.version" value="17.0.2+8-86"/>
    <property name="user.name" value="fcilluffo"/>
    <property name="path.separator" value=":"/>
    <property name="os.version" value="12.6"/>
    <property name="java.runtime.name" value="OpenJDK Runtime Environment"/>
    <property name="file.encoding" value="UTF-8"/>
    <property name="java.vm.name" value="OpenJDK 64-Bit Server VM"/>
    <property name="localRepository" value="/Users/fcilluffo/.m2/repository"/>
    <property name="java.vendor.url.bug" value="https://bugreport.java.com/bugreport/"/>
    <property name="java.io.tmpdir" value="/var/folders/41/l8d9bp6j3396tfdv5sjlyb_00000gn/T/"/>
    <property name="java.version" value="17.0.2"/>
    <property name="user.dir" value="/Users/fcilluffo/IdeaProjects/mediatork/mediatork"/>
    <property name="os.arch" value="x86_64"/>
    <property name="java.vm.specification.name" value="Java Virtual Machine Specification"/>
    <property name="native.encoding" value="UTF-8"/>
    <property name="java.library.path" value="/Users/fcilluffo/Library/Java/Extensions:/Library/Java/Extensions:/Network/Library/Java/Extensions:/System/Library/Java/Extensions:/usr/lib/java:."/>
    <property name="java.vm.info" value="mixed mode, sharing"/>
    <property name="java.vendor" value="Oracle Corporation"/>
    <property name="java.vm.version" value="17.0.2+8-86"/>
    <property name="sun.io.unicode.encoding" value="UnicodeBig"/>
    <property name="socksNonProxyHosts" value="local|*.local|169.254/16|*.169.254/16"/>
    <property name="java.class.version" value="61.0"/>
  </properties>
  <testcase name="testPublishAndConsume" classname="com.cillu.mediator.integrationevents.rabbitmq.RabbitMqIT" time="3.211">
    <system-out><![CDATA[19:48:16.222 [main] INFO  org.reflections.Reflections - Reflections took 18 ms to scan 1 urls, producing 5 keys and 8 values
19:48:16.222 [main] INFO  c.c.m.m.IntegrationEventHandlersMapper - Registered handler class com.cillu.mediator.integrationevents.config.single.FakeIntegrationEventHandler for IntegrationEvent com.cillu.mediator.integrationevents.domain.FakeIntegrationEvent
19:48:16.222 [main] INFO  c.c.m.m.r.RabbitMQMessageBroker - Binding routingKey = com.cillu.mediator.integrationevents.domain.FakeIntegrationEvent on Queue microservice1 and Exchange platform_topic
19:48:16.224 [main] INFO  c.c.m.m.r.RabbitMQMessageBroker - Binding routingKey = com.cillu.mediator.integrationevents.domain.FakeIntegrationEvent on Queue microservice1.dlq and Exchange platform_topic.dlq
19:48:16.226 [main] INFO  c.c.m.m.r.RabbitMQMessageBroker - Creating ServiceBus Consumer
19:48:16.227 [main] INFO  c.c.m.m.r.RabbitMQMessageBroker - Created ServiceBus Consumer
19:48:16.227 [main] INFO  c.c.m.m.r.RabbitMQMessageBroker - Listening for IntegrationEvent on queue microservice1....
19:48:16.232 [main] INFO  com.cillu.mediator.MediatorK - >>> Publishing com.cillu.mediator.integrationevents.domain.FakeIntegrationEvent  [id:16fa9d91-25f0-49f8-b7f2-cacf7077eb12]
19:48:16.234 [main] INFO  com.cillu.mediator.MediatorK - <<< Published com.cillu.mediator.integrationevents.domain.FakeIntegrationEvent [id:16fa9d91-25f0-49f8-b7f2-cacf7077eb12]
19:48:16.239 [pool-3-thread-4] INFO  c.c.m.m.r.RabbitMQMessageBroker - Received com.cillu.mediator.integrationevents.domain.FakeIntegrationEvent with payload: {"idEvent":"16fa9d91-25f0-49f8-b7f2-cacf7077eb12"}
19:48:16.239 [pool-3-thread-4] INFO  com.cillu.mediator.MediatorK - >>> Invoking com.cillu.mediator.integrationevents.config.single.FakeIntegrationEventHandler for event com.cillu.mediator.integrationevents.domain.FakeIntegrationEvent [id:16fa9d91-25f0-49f8-b7f2-cacf7077eb12]
19:48:16.239 [pool-3-thread-4] INFO  c.c.m.i.c.s.FakeIntegrationEventHandler - Executing FakeIntegrationEvent
19:48:16.239 [pool-3-thread-4] INFO  c.c.m.i.c.s.FakeIntegrationEventHandler - Executed FakeIntegrationEvent
19:48:16.239 [pool-3-thread-4] INFO  com.cillu.mediator.MediatorK - <<< Invoked com.cillu.mediator.integrationevents.config.single.FakeIntegrationEventHandler for event com.cillu.mediator.integrationevents.domain.FakeIntegrationEvent [id:16fa9d91-25f0-49f8-b7f2-cacf7077eb12]
19:48:16.240 [pool-3-thread-4] INFO  c.c.m.m.r.RabbitMQMessageBroker - ACK sent for com.cillu.mediator.integrationevents.domain.FakeIntegrationEvent
1
]]></system-out>
  </testcase>
</testsuite>